#
# There is insufficient memory for the Java Runtime Environment to continue.
# Native memory allocation (mmap) failed to map 31457280 bytes for Failed to commit area from 0x000000008e100000 to 0x000000008ff00000 of length 31457280.
# Possible reasons:
#   The system is out of physical RAM or swap space
#   The process is running with CompressedOops enabled, and the Java Heap may be blocking the growth of the native heap
# Possible solutions:
#   Reduce memory load on the system
#   Increase physical memory or swap space
#   Check if swap backing store is full
#   Decrease Java heap size (-Xmx/-Xms)
#   Decrease number of Java threads
#   Decrease Java thread stack sizes (-Xss)
#   Set larger code cache with -XX:ReservedCodeCacheSize=
#   JVM is running with Unscaled Compressed Oops mode in which the Java heap is
#     placed in the first 4GB address space. The Java Heap base address is the
#     maximum limit for the native heap growth. Please use -XX:HeapBaseMinAddress
#     to set the Java Heap base and to place the Java Heap above 4GB virtual address.
# This output file may be truncated or incomplete.
#
#  Out of Memory Error (./open/src/hotspot/os/windows/os_windows.cpp:3275), pid=3836, tid=14036
#
# JRE version: Java(TM) SE Runtime Environment 18.9 (11.0.9+7) (build 11.0.9+7-LTS)
# Java VM: Java HotSpot(TM) 64-Bit Server VM 18.9 (11.0.9+7-LTS, mixed mode, tiered, compressed oops, g1 gc, windows-amd64)
# No core dump will be written. Minidumps are not enabled by default on client versions of Windows
#

---------------  S U M M A R Y ------------

Command Line: -Dcom.sun.management.jmxremote -Dcom.sun.management.jmxremote.port=65506 -Dcom.sun.management.jmxremote.authenticate=false -Dcom.sun.management.jmxremote.ssl=false -Djava.rmi.server.hostname=localhost -Dspring.jmx.enabled=true -Dspring.application.admin.enabled=true -Xverify:none -XX:TieredStopAtLevel=1 -Dspring.boot.project.name=demo -Dfile.encoding=UTF-8 phonestore.PhoneStoreApplication --spring.output.ansi.enabled=always

Host: Intel(R) Core(TM) i5-1035G1 CPU @ 1.00GHz, 8 cores, 7G,  Windows 10 , 64 bit Build 19041 (10.0.19041.662)
Time: Sat Dec 19 17:50:19 2020 SE Asia Standard Time elapsed time: 2.816547 seconds (0d 0h 0m 2s)

---------------  T H R E A D  ---------------

Current thread (0x000001d8c8ad8800):  VMThread "VM Thread" [stack: 0x000000ad05e00000,0x000000ad05f00000] [id=14036]

Stack: [0x000000ad05e00000,0x000000ad05f00000]
[error occurred during error reporting (printing stack bounds), id 0xc0000005, EXCEPTION_ACCESS_VIOLATION (0xc0000005) at pc=0x000001d8b2420f67]

Native frames: (J=compiled Java code, j=interpreted, Vv=VM code, C=native code)
V  [jvm.dll+0x611a3a]
V  [jvm.dll+0x748aaf]
V  [jvm.dll+0x74a135]
V  [jvm.dll+0x74a715]
V  [jvm.dll+0x74a6cb]
V  [jvm.dll+0x611323]
V  [jvm.dll+0x6116e8]
C  [ntdll.dll+0xa130f]
C  [ntdll.dll+0x4b5e4]
C  [ntdll.dll+0x9fe3e]
C  0x000001d8b2420f67

VM_Operation (0x000000ad058fb8e0): G1CollectForAllocation, mode: safepoint, requested by thread 0x000001d8a9fa2000


---------------  P R O C E S S  ---------------

Threads class SMR info:
_java_thread_list=0x000001d8cb456270, length=20, elements={
0x000001d8a9fa2000, 0x000001d8c8ada800, 0x000001d8c8ae5800, 0x000001d8c9452800,
0x000001d8c8af4800, 0x000001d8c8af5800, 0x000001d8c8aff000, 0x000001d8c8a71800,
0x000001d8c95fe800, 0x000001d8c9ac1000, 0x000001d8c9ac1800, 0x000001d8c9b29800,
0x000001d8c9b30000, 0x000001d8c9b52000, 0x000001d8c9b53000, 0x000001d8c9be9000,
0x000001d8cb2af800, 0x000001d8cb2b0800, 0x000001d8cb4b2000, 0x000001d8cb4b3800
}

Java Threads: ( => current thread )
  0x000001d8a9fa2000 JavaThread "main" [_thread_blocked, id=8208, stack(0x000000ad05800000,0x000000ad05900000)]
  0x000001d8c8ada800 JavaThread "Reference Handler" daemon [_thread_blocked, id=15964, stack(0x000000ad05f00000,0x000000ad06000000)]
  0x000001d8c8ae5800 JavaThread "Finalizer" daemon [_thread_blocked, id=13512, stack(0x000000ad06000000,0x000000ad06100000)]
  0x000001d8c9452800 JavaThread "Signal Dispatcher" daemon [_thread_blocked, id=11980, stack(0x000000ad06100000,0x000000ad06200000)]
  0x000001d8c8af4800 JavaThread "Attach Listener" daemon [_thread_blocked, id=12732, stack(0x000000ad06200000,0x000000ad06300000)]
  0x000001d8c8af5800 JavaThread "C1 CompilerThread0" daemon [_thread_blocked, id=844, stack(0x000000ad06300000,0x000000ad06400000)]
  0x000001d8c8aff000 JavaThread "Sweeper thread" daemon [_thread_blocked, id=16148, stack(0x000000ad06400000,0x000000ad06500000)]
  0x000001d8c8a71800 JavaThread "Common-Cleaner" daemon [_thread_blocked, id=3580, stack(0x000000ad06500000,0x000000ad06600000)]
  0x000001d8c95fe800 JavaThread "Service Thread" daemon [_thread_blocked, id=15560, stack(0x000000ad06600000,0x000000ad06700000)]
  0x000001d8c9ac1000 JavaThread "RMI TCP Accept-0" daemon [_thread_in_native, id=16744, stack(0x000000ad06700000,0x000000ad06800000)]
  0x000001d8c9ac1800 JavaThread "RMI TCP Accept-65506" daemon [_thread_in_native, id=8968, stack(0x000000ad06800000,0x000000ad06900000)]
  0x000001d8c9b29800 JavaThread "RMI TCP Accept-0" daemon [_thread_in_native, id=8184, stack(0x000000ad06900000,0x000000ad06a00000)]
  0x000001d8c9b30000 JavaThread "RMI TCP Connection(1)-127.0.0.1" daemon [_thread_in_native, id=13016, stack(0x000000ad06b00000,0x000000ad06c00000)]
  0x000001d8c9b52000 JavaThread "RMI TCP Connection(2)-127.0.0.1" daemon [_thread_in_native, id=15100, stack(0x000000ad06d00000,0x000000ad06e00000)]
  0x000001d8c9b53000 JavaThread "RMI Scheduler(0)" daemon [_thread_blocked, id=15692, stack(0x000000ad06e00000,0x000000ad06f00000)]
  0x000001d8c9be9000 JavaThread "JMX server connection timeout 20" daemon [_thread_blocked, id=18120, stack(0x000000ad06f00000,0x000000ad07000000)]
  0x000001d8cb2af800 JavaThread "Catalina-utility-1" [_thread_blocked, id=12736, stack(0x000000ad07000000,0x000000ad07100000)]
  0x000001d8cb2b0800 JavaThread "Catalina-utility-2" [_thread_blocked, id=7872, stack(0x000000ad07400000,0x000000ad07500000)]
  0x000001d8cb4b2000 JavaThread "container-0" [_thread_blocked, id=8200, stack(0x000000ad07500000,0x000000ad07600000)]
  0x000001d8cb4b3800 JavaThread "mysql-cj-abandoned-connection-cleanup" daemon [_thread_blocked, id=12692, stack(0x000000ad07600000,0x000000ad07700000)]

Other Threads:
=>0x000001d8c8ad8800 VMThread "VM Thread" [stack: 0x000000ad05e00000,0x000000ad05f00000] [id=14036]
  0x000001d8c9b2e000 WatcherThread [stack: 0x000000ad06a00000,0x000000ad06b00000] [id=17384]
  0x000001d8a9fb7000 GCTaskThread "GC Thread#0" [stack: 0x000000ad05900000,0x000000ad05a00000] [id=8860]
  0x000001d8c9b3d000 GCTaskThread "GC Thread#1" [stack: 0x000000ad06c00000,0x000000ad06d00000] [id=15988]
  0x000001d8cae01000 GCTaskThread "GC Thread#2" [stack: 0x000000ad07100000,0x000000ad07200000] [id=12776]
  0x000001d8cadaf800 GCTaskThread "GC Thread#3" [stack: 0x000000ad07200000,0x000000ad07300000] [id=13116]
  0x000001d8cb57c000 GCTaskThread "GC Thread#4" [stack: 0x000000ad07700000,0x000000ad07800000] [id=13156]
  0x000001d8cb575800 GCTaskThread "GC Thread#5" [stack: 0x000000ad07800000,0x000000ad07900000] [id=12912]
  0x000001d8cb578000 GCTaskThread "GC Thread#6" [stack: 0x000000ad07900000,0x000000ad07a00000] [id=13928]
  0x000001d8cb57c800 GCTaskThread "GC Thread#7" [stack: 0x000000ad07a00000,0x000000ad07b00000] [id=7928]
  0x000001d8a9fed800 ConcurrentGCThread "G1 Main Marker" [stack: 0x000000ad05a00000,0x000000ad05b00000] [id=17296]
  0x000001d8a9fef000 ConcurrentGCThread "G1 Conc#0" [stack: 0x000000ad05b00000,0x000000ad05c00000] [id=17032]
  0x000001d8c9cfb800 ConcurrentGCThread "G1 Conc#1" [stack: 0x000000ad07300000,0x000000ad07400000] [id=16616]
  0x000001d8c8914800 ConcurrentGCThread "G1 Refine#0" [stack: 0x000000ad05c00000,0x000000ad05d00000] [id=17836]
  0x000001d8c8915000 ConcurrentGCThread "G1 Young RemSet Sampling" [stack: 0x000000ad05d00000,0x000000ad05e00000] [id=17532]

Threads with active compile tasks:

VM state:at safepoint (normal execution)

VM Mutex/Monitor currently owned by a thread:  ([mutex/lock_event])
[0x000001d8a9f9e350] Threads_lock - owner thread: 0x000001d8c8ad8800
[0x000001d8a9f9fa60] Heap_lock - owner thread: 0x000001d8a9fa2000

Heap address: 0x0000000084c00000, size: 1972 MB, Compressed Oops mode: 32-bit
Narrow klass base: 0x0000000000000000, Narrow klass shift: 3
Compressed class space size: 1073741824 Address: 0x0000000100000000

Heap:
 garbage-first heap   total 183296K, used 33914K [0x0000000084c00000, 0x0000000100000000)
  region size 1024K, 6 young (6144K), 6 survivors (6144K)
 Metaspace       used 34992K, capacity 36163K, committed 36508K, reserved 1081344K
  class space    used 4407K, capacity 4905K, committed 4992K, reserved 1048576K
Heap Regions: E=young(eden), S=young(survivor), O=old, HS=humongous(starts), HC=humongous(continues), CS=collection set, F=free, A=archive, TAMS=top-at-mark-start (previous, next)
|   0|0x0000000084c00000, 0x0000000084d00000, 0x0000000084d00000|100%|HS|  |TAMS 0x0000000084d00000, 0x0000000084c00000| Complete 
|   1|0x0000000084d00000, 0x0000000084e00000, 0x0000000084e00000|100%| O|  |TAMS 0x0000000084e00000, 0x0000000084d00000| Untracked 
|   2|0x0000000084e00000, 0x0000000084f00000, 0x0000000084f00000|100%| O|  |TAMS 0x0000000084f00000, 0x0000000084e00000| Untracked 
|   3|0x0000000084f00000, 0x0000000085000000, 0x0000000085000000|100%| O|  |TAMS 0x0000000085000000, 0x0000000084f00000| Untracked 
|   4|0x0000000085000000, 0x0000000085100000, 0x0000000085100000|100%| O|  |TAMS 0x0000000085100000, 0x0000000085000000| Untracked 
|   5|0x0000000085100000, 0x0000000085200000, 0x0000000085200000|100%| O|  |TAMS 0x0000000085200000, 0x0000000085100000| Untracked 
|   6|0x0000000085200000, 0x0000000085300000, 0x0000000085300000|100%| O|  |TAMS 0x0000000085300000, 0x0000000085200000| Untracked 
|   7|0x0000000085300000, 0x0000000085400000, 0x0000000085400000|100%| O|  |TAMS 0x0000000085400000, 0x0000000085300000| Untracked 
|   8|0x0000000085400000, 0x0000000085500000, 0x0000000085500000|100%| O|  |TAMS 0x00000000854ca400, 0x0000000085400000| Untracked 
|   9|0x0000000085500000, 0x0000000085600000, 0x0000000085600000|100%| O|  |TAMS 0x0000000085500000, 0x0000000085500000| Untracked 
|  10|0x0000000085600000, 0x0000000085700000, 0x0000000085700000|100%| O|  |TAMS 0x0000000085600000, 0x0000000085600000| Untracked 
|  11|0x0000000085700000, 0x0000000085800000, 0x0000000085800000|100%| O|  |TAMS 0x0000000085700000, 0x0000000085700000| Untracked 
|  12|0x0000000085800000, 0x0000000085900000, 0x0000000085900000|100%| O|  |TAMS 0x0000000085800000, 0x0000000085800000| Untracked 
|  13|0x0000000085900000, 0x0000000085a00000, 0x0000000085a00000|100%| O|  |TAMS 0x0000000085900000, 0x0000000085900000| Untracked 
|  14|0x0000000085a00000, 0x0000000085b00000, 0x0000000085b00000|100%| O|  |TAMS 0x0000000085a00000, 0x0000000085a00000| Untracked 
|  15|0x0000000085b00000, 0x0000000085c00000, 0x0000000085c00000|100%| O|  |TAMS 0x0000000085b00000, 0x0000000085b00000| Untracked 
|  16|0x0000000085c00000, 0x0000000085d00000, 0x0000000085d00000|100%| O|  |TAMS 0x0000000085c00000, 0x0000000085c00000| Untracked 
|  17|0x0000000085d00000, 0x0000000085e00000, 0x0000000085e00000|100%| O|  |TAMS 0x0000000085d00000, 0x0000000085d00000| Untracked 
|  18|0x0000000085e00000, 0x0000000085f00000, 0x0000000085f00000|100%| O|  |TAMS 0x0000000085e00000, 0x0000000085e00000| Untracked 
|  19|0x0000000085f00000, 0x0000000086000000, 0x0000000086000000|100%| O|  |TAMS 0x0000000085f00000, 0x0000000085f00000| Untracked 
|  20|0x0000000086000000, 0x0000000086100000, 0x0000000086100000|100%| O|  |TAMS 0x0000000086000000, 0x0000000086000000| Untracked 
|  21|0x0000000086100000, 0x0000000086200000, 0x0000000086200000|100%| O|  |TAMS 0x0000000086100000, 0x0000000086100000| Untracked 
|  22|0x0000000086200000, 0x0000000086300000, 0x0000000086300000|100%| O|  |TAMS 0x0000000086200000, 0x0000000086200000| Untracked 
|  23|0x0000000086300000, 0x0000000086400000, 0x0000000086400000|100%| O|  |TAMS 0x0000000086300000, 0x0000000086300000| Untracked 
|  24|0x0000000086400000, 0x0000000086500000, 0x0000000086500000|100%| O|  |TAMS 0x0000000086400000, 0x0000000086400000| Untracked 
|  25|0x0000000086500000, 0x0000000086600000, 0x0000000086600000|100%| O|  |TAMS 0x0000000086500000, 0x0000000086500000| Untracked 
|  26|0x0000000086600000, 0x0000000086700000, 0x0000000086700000|100%| O|  |TAMS 0x0000000086600000, 0x0000000086600000| Untracked 
|  27|0x0000000086700000, 0x00000000867baa00, 0x0000000086800000| 72%| O|  |TAMS 0x0000000086700000, 0x0000000086700000| Untracked 
|  28|0x0000000086800000, 0x0000000086800000, 0x0000000086900000|  0%| F|  |TAMS 0x0000000086800000, 0x0000000086800000| Untracked 
|  29|0x0000000086900000, 0x0000000086900000, 0x0000000086a00000|  0%| F|  |TAMS 0x0000000086900000, 0x0000000086900000| Untracked 
|  30|0x0000000086a00000, 0x0000000086a00000, 0x0000000086b00000|  0%| F|  |TAMS 0x0000000086a00000, 0x0000000086a00000| Untracked 
|  31|0x0000000086b00000, 0x0000000086b00000, 0x0000000086c00000|  0%| F|  |TAMS 0x0000000086b00000, 0x0000000086b00000| Untracked 
|  32|0x0000000086c00000, 0x0000000086c00000, 0x0000000086d00000|  0%| F|  |TAMS 0x0000000086c00000, 0x0000000086c00000| Untracked 
|  33|0x0000000086d00000, 0x0000000086d00000, 0x0000000086e00000|  0%| F|  |TAMS 0x0000000086d00000, 0x0000000086d00000| Untracked 
|  34|0x0000000086e00000, 0x0000000086e00000, 0x0000000086f00000|  0%| F|  |TAMS 0x0000000086e00000, 0x0000000086e00000| Untracked 
|  35|0x0000000086f00000, 0x0000000086f00000, 0x0000000087000000|  0%| F|  |TAMS 0x0000000086f00000, 0x0000000086f00000| Untracked 
|  36|0x0000000087000000, 0x0000000087000000, 0x0000000087100000|  0%| F|  |TAMS 0x0000000087000000, 0x0000000087000000| Untracked 
|  37|0x0000000087100000, 0x0000000087100000, 0x0000000087200000|  0%| F|  |TAMS 0x0000000087100000, 0x0000000087100000| Untracked 
|  38|0x0000000087200000, 0x0000000087200000, 0x0000000087300000|  0%| F|  |TAMS 0x0000000087200000, 0x0000000087200000| Untracked 
|  39|0x0000000087300000, 0x0000000087300000, 0x0000000087400000|  0%| F|  |TAMS 0x0000000087300000, 0x0000000087300000| Untracked 
|  40|0x0000000087400000, 0x0000000087400000, 0x0000000087500000|  0%| F|  |TAMS 0x0000000087400000, 0x0000000087400000| Untracked 
|  41|0x0000000087500000, 0x0000000087500000, 0x0000000087600000|  0%| F|  |TAMS 0x0000000087500000, 0x0000000087500000| Untracked 
|  42|0x0000000087600000, 0x0000000087600000, 0x0000000087700000|  0%| F|  |TAMS 0x0000000087600000, 0x0000000087600000| Untracked 
|  43|0x0000000087700000, 0x0000000087700000, 0x0000000087800000|  0%| F|  |TAMS 0x0000000087700000, 0x0000000087700000| Untracked 
|  44|0x0000000087800000, 0x0000000087800000, 0x0000000087900000|  0%| F|  |TAMS 0x0000000087800000, 0x0000000087800000| Untracked 
|  45|0x0000000087900000, 0x0000000087900000, 0x0000000087a00000|  0%| F|  |TAMS 0x0000000087900000, 0x0000000087900000| Untracked 
|  46|0x0000000087a00000, 0x0000000087a00000, 0x0000000087b00000|  0%| F|  |TAMS 0x0000000087a00000, 0x0000000087a00000| Untracked 
|  47|0x0000000087b00000, 0x0000000087b00000, 0x0000000087c00000|  0%| F|  |TAMS 0x0000000087b00000, 0x0000000087b00000| Untracked 
|  48|0x0000000087c00000, 0x0000000087c00000, 0x0000000087d00000|  0%| F|  |TAMS 0x0000000087c00000, 0x0000000087c00000| Untracked 
|  49|0x0000000087d00000, 0x0000000087d00000, 0x0000000087e00000|  0%| F|  |TAMS 0x0000000087d00000, 0x0000000087d00000| Untracked 
|  50|0x0000000087e00000, 0x0000000087e00000, 0x0000000087f00000|  0%| F|  |TAMS 0x0000000087e00000, 0x0000000087e00000| Untracked 
|  51|0x0000000087f00000, 0x0000000087f00000, 0x0000000088000000|  0%| F|  |TAMS 0x0000000087f00000, 0x0000000087f00000| Untracked 
|  52|0x0000000088000000, 0x0000000088000000, 0x0000000088100000|  0%| F|  |TAMS 0x0000000088000000, 0x0000000088000000| Untracked 
|  53|0x0000000088100000, 0x0000000088100000, 0x0000000088200000|  0%| F|  |TAMS 0x0000000088100000, 0x0000000088100000| Untracked 
|  54|0x0000000088200000, 0x0000000088200000, 0x0000000088300000|  0%| F|  |TAMS 0x0000000088200000, 0x0000000088200000| Untracked 
|  55|0x0000000088300000, 0x0000000088300000, 0x0000000088400000|  0%| F|  |TAMS 0x0000000088300000, 0x0000000088300000| Untracked 
|  56|0x0000000088400000, 0x0000000088400000, 0x0000000088500000|  0%| F|  |TAMS 0x0000000088400000, 0x0000000088400000| Untracked 
|  57|0x0000000088500000, 0x0000000088500000, 0x0000000088600000|  0%| F|  |TAMS 0x0000000088500000, 0x0000000088500000| Untracked 
|  58|0x0000000088600000, 0x0000000088600000, 0x0000000088700000|  0%| F|  |TAMS 0x0000000088600000, 0x0000000088600000| Untracked 
|  59|0x0000000088700000, 0x0000000088700000, 0x0000000088800000|  0%| F|  |TAMS 0x0000000088700000, 0x0000000088700000| Untracked 
|  60|0x0000000088800000, 0x0000000088800000, 0x0000000088900000|  0%| F|  |TAMS 0x0000000088800000, 0x0000000088800000| Untracked 
|  61|0x0000000088900000, 0x0000000088900000, 0x0000000088a00000|  0%| F|  |TAMS 0x0000000088900000, 0x0000000088900000| Untracked 
|  62|0x0000000088a00000, 0x0000000088a00000, 0x0000000088b00000|  0%| F|  |TAMS 0x0000000088a00000, 0x0000000088a00000| Untracked 
|  63|0x0000000088b00000, 0x0000000088b00000, 0x0000000088c00000|  0%| F|  |TAMS 0x0000000088b00000, 0x0000000088b00000| Untracked 
|  64|0x0000000088c00000, 0x0000000088c00000, 0x0000000088d00000|  0%| F|  |TAMS 0x0000000088c00000, 0x0000000088c00000| Untracked 
|  65|0x0000000088d00000, 0x0000000088d00000, 0x0000000088e00000|  0%| F|  |TAMS 0x0000000088d00000, 0x0000000088d00000| Untracked 
|  66|0x0000000088e00000, 0x0000000088e00000, 0x0000000088f00000|  0%| F|  |TAMS 0x0000000088e00000, 0x0000000088e00000| Untracked 
|  67|0x0000000088f00000, 0x0000000088f00000, 0x0000000089000000|  0%| F|  |TAMS 0x0000000088f00000, 0x0000000088f00000| Untracked 
|  68|0x0000000089000000, 0x0000000089000000, 0x0000000089100000|  0%| F|  |TAMS 0x0000000089000000, 0x0000000089000000| Untracked 
|  69|0x0000000089100000, 0x0000000089100000, 0x0000000089200000|  0%| F|  |TAMS 0x0000000089100000, 0x0000000089100000| Untracked 
|  70|0x0000000089200000, 0x0000000089263e28, 0x0000000089300000| 39%| S|CS|TAMS 0x0000000089200000, 0x0000000089200000| Complete 
|  71|0x0000000089300000, 0x0000000089400000, 0x0000000089400000|100%| S|CS|TAMS 0x0000000089300000, 0x0000000089300000| Complete 
|  72|0x0000000089400000, 0x0000000089500000, 0x0000000089500000|100%| S|CS|TAMS 0x0000000089400000, 0x0000000089400000| Complete 
|  73|0x0000000089500000, 0x0000000089600000, 0x0000000089600000|100%| S|CS|TAMS 0x0000000089500000, 0x0000000089500000| Complete 
|  74|0x0000000089600000, 0x0000000089700000, 0x0000000089700000|100%| S|CS|TAMS 0x0000000089600000, 0x0000000089600000| Complete 
|  75|0x0000000089700000, 0x0000000089800000, 0x0000000089800000|100%| S|CS|TAMS 0x0000000089700000, 0x0000000089700000| Complete 
|  76|0x0000000089800000, 0x0000000089800000, 0x0000000089900000|  0%| F|  |TAMS 0x0000000089800000, 0x0000000089800000| Untracked 
|  77|0x0000000089900000, 0x0000000089900000, 0x0000000089a00000|  0%| F|  |TAMS 0x0000000089900000, 0x0000000089900000| Untracked 
|  78|0x0000000089a00000, 0x0000000089a00000, 0x0000000089b00000|  0%| F|  |TAMS 0x0000000089a00000, 0x0000000089a00000| Untracked 
|  79|0x0000000089b00000, 0x0000000089b00000, 0x0000000089c00000|  0%| F|  |TAMS 0x0000000089b00000, 0x0000000089b00000| Untracked 
|  80|0x0000000089c00000, 0x0000000089c00000, 0x0000000089d00000|  0%| F|  |TAMS 0x0000000089c00000, 0x0000000089c00000| Untracked 
|  81|0x0000000089d00000, 0x0000000089d00000, 0x0000000089e00000|  0%| F|  |TAMS 0x0000000089d00000, 0x0000000089d00000| Untracked 
|  82|0x0000000089e00000, 0x0000000089e00000, 0x0000000089f00000|  0%| F|  |TAMS 0x0000000089e00000, 0x0000000089e00000| Untracked 
|  83|0x0000000089f00000, 0x0000000089f00000, 0x000000008a000000|  0%| F|  |TAMS 0x0000000089f00000, 0x0000000089f00000| Untracked 
|  84|0x000000008a000000, 0x000000008a000000, 0x000000008a100000|  0%| F|  |TAMS 0x000000008a000000, 0x000000008a000000| Untracked 
|  85|0x000000008a100000, 0x000000008a100000, 0x000000008a200000|  0%| F|  |TAMS 0x000000008a100000, 0x000000008a100000| Untracked 
|  86|0x000000008a200000, 0x000000008a200000, 0x000000008a300000|  0%| F|  |TAMS 0x000000008a200000, 0x000000008a200000| Untracked 
|  87|0x000000008a300000, 0x000000008a300000, 0x000000008a400000|  0%| F|  |TAMS 0x000000008a300000, 0x000000008a300000| Untracked 
|  88|0x000000008a400000, 0x000000008a400000, 0x000000008a500000|  0%| F|  |TAMS 0x000000008a400000, 0x000000008a400000| Untracked 
|  89|0x000000008a500000, 0x000000008a500000, 0x000000008a600000|  0%| F|  |TAMS 0x000000008a500000, 0x000000008a500000| Untracked 
|  90|0x000000008a600000, 0x000000008a600000, 0x000000008a700000|  0%| F|  |TAMS 0x000000008a600000, 0x000000008a600000| Untracked 
|  91|0x000000008a700000, 0x000000008a700000, 0x000000008a800000|  0%| F|  |TAMS 0x000000008a700000, 0x000000008a700000| Untracked 
|  92|0x000000008a800000, 0x000000008a800000, 0x000000008a900000|  0%| F|  |TAMS 0x000000008a800000, 0x000000008a800000| Untracked 
|  93|0x000000008a900000, 0x000000008a900000, 0x000000008aa00000|  0%| F|  |TAMS 0x000000008a900000, 0x000000008a900000| Untracked 
|  94|0x000000008aa00000, 0x000000008aa00000, 0x000000008ab00000|  0%| F|  |TAMS 0x000000008aa00000, 0x000000008aa00000| Untracked 
|  95|0x000000008ab00000, 0x000000008ab00000, 0x000000008ac00000|  0%| F|  |TAMS 0x000000008ab00000, 0x000000008ab00000| Untracked 
|  96|0x000000008ac00000, 0x000000008ac00000, 0x000000008ad00000|  0%| F|  |TAMS 0x000000008ac00000, 0x000000008ac00000| Untracked 
|  97|0x000000008ad00000, 0x000000008ad00000, 0x000000008ae00000|  0%| F|  |TAMS 0x000000008ad00000, 0x000000008ad00000| Untracked 
|  98|0x000000008ae00000, 0x000000008ae00000, 0x000000008af00000|  0%| F|  |TAMS 0x000000008ae00000, 0x000000008ae00000| Untracked 
|  99|0x000000008af00000, 0x000000008af00000, 0x000000008b000000|  0%| F|  |TAMS 0x000000008af00000, 0x000000008af00000| Untracked 
| 100|0x000000008b000000, 0x000000008b000000, 0x000000008b100000|  0%| F|  |TAMS 0x000000008b000000, 0x000000008b000000| Untracked 
| 101|0x000000008b100000, 0x000000008b100000, 0x000000008b200000|  0%| F|  |TAMS 0x000000008b100000, 0x000000008b100000| Untracked 
| 102|0x000000008b200000, 0x000000008b200000, 0x000000008b300000|  0%| F|  |TAMS 0x000000008b200000, 0x000000008b200000| Untracked 
| 103|0x000000008b300000, 0x000000008b300000, 0x000000008b400000|  0%| F|  |TAMS 0x000000008b300000, 0x000000008b300000| Untracked 
| 104|0x000000008b400000, 0x000000008b400000, 0x000000008b500000|  0%| F|  |TAMS 0x000000008b400000, 0x000000008b400000| Untracked 
| 105|0x000000008b500000, 0x000000008b500000, 0x000000008b600000|  0%| F|  |TAMS 0x000000008b500000, 0x000000008b500000| Untracked 
| 106|0x000000008b600000, 0x000000008b600000, 0x000000008b700000|  0%| F|  |TAMS 0x000000008b600000, 0x000000008b600000| Untracked 
| 107|0x000000008b700000, 0x000000008b700000, 0x000000008b800000|  0%| F|  |TAMS 0x000000008b700000, 0x000000008b700000| Untracked 
| 108|0x000000008b800000, 0x000000008b800000, 0x000000008b900000|  0%| F|  |TAMS 0x000000008b800000, 0x000000008b800000| Untracked 
| 109|0x000000008b900000, 0x000000008b900000, 0x000000008ba00000|  0%| F|  |TAMS 0x000000008b900000, 0x000000008b900000| Untracked 
| 110|0x000000008ba00000, 0x000000008ba00000, 0x000000008bb00000|  0%| F|  |TAMS 0x000000008ba00000, 0x000000008ba00000| Untracked 
| 111|0x000000008bb00000, 0x000000008bb00000, 0x000000008bc00000|  0%| F|  |TAMS 0x000000008bb00000, 0x000000008bb00000| Untracked 
| 112|0x000000008bc00000, 0x000000008bc00000, 0x000000008bd00000|  0%| F|  |TAMS 0x000000008bc00000, 0x000000008bc00000| Untracked 
| 113|0x000000008bd00000, 0x000000008bd00000, 0x000000008be00000|  0%| F|  |TAMS 0x000000008bd00000, 0x000000008bd00000| Untracked 
| 114|0x000000008be00000, 0x000000008be00000, 0x000000008bf00000|  0%| F|  |TAMS 0x000000008be00000, 0x000000008be00000| Untracked 
| 115|0x000000008bf00000, 0x000000008bf00000, 0x000000008c000000|  0%| F|  |TAMS 0x000000008bf00000, 0x000000008bf00000| Untracked 
| 116|0x000000008c000000, 0x000000008c000000, 0x000000008c100000|  0%| F|  |TAMS 0x000000008c000000, 0x000000008c000000| Untracked 
| 117|0x000000008c100000, 0x000000008c100000, 0x000000008c200000|  0%| F|  |TAMS 0x000000008c100000, 0x000000008c100000| Untracked 
| 118|0x000000008c200000, 0x000000008c200000, 0x000000008c300000|  0%| F|  |TAMS 0x000000008c200000, 0x000000008c200000| Untracked 
| 119|0x000000008c300000, 0x000000008c300000, 0x000000008c400000|  0%| F|  |TAMS 0x000000008c300000, 0x000000008c300000| Untracked 
| 120|0x000000008c400000, 0x000000008c400000, 0x000000008c500000|  0%| F|  |TAMS 0x000000008c400000, 0x000000008c400000| Untracked 
| 121|0x000000008c500000, 0x000000008c500000, 0x000000008c600000|  0%| F|  |TAMS 0x000000008c500000, 0x000000008c500000| Untracked 
| 122|0x000000008c600000, 0x000000008c600000, 0x000000008c700000|  0%| F|  |TAMS 0x000000008c600000, 0x000000008c600000| Untracked 
| 123|0x000000008c700000, 0x000000008c700000, 0x000000008c800000|  0%| F|  |TAMS 0x000000008c700000, 0x000000008c700000| Untracked 
| 124|0x000000008c800000, 0x000000008c800000, 0x000000008c900000|  0%| F|  |TAMS 0x000000008c800000, 0x000000008c800000| Untracked 
| 125|0x000000008c900000, 0x000000008c900000, 0x000000008ca00000|  0%| F|  |TAMS 0x000000008c900000, 0x000000008c900000| Untracked 
| 126|0x000000008ca00000, 0x000000008ca00000, 0x000000008cb00000|  0%| F|  |TAMS 0x000000008ca00000, 0x000000008ca00000| Untracked 
| 127|0x000000008cb00000, 0x000000008cb00000, 0x000000008cc00000|  0%| F|  |TAMS 0x000000008cb00000, 0x000000008cb00000| Untracked 
| 128|0x000000008cc00000, 0x000000008cc00000, 0x000000008cd00000|  0%| F|  |TAMS 0x000000008cc00000, 0x000000008cc00000| Untracked 
| 129|0x000000008cd00000, 0x000000008cd00000, 0x000000008ce00000|  0%| F|  |TAMS 0x000000008cd00000, 0x000000008cd00000| Untracked 
| 130|0x000000008ce00000, 0x000000008ce00000, 0x000000008cf00000|  0%| F|  |TAMS 0x000000008ce00000, 0x000000008ce00000| Untracked 
| 131|0x000000008cf00000, 0x000000008cf00000, 0x000000008d000000|  0%| F|  |TAMS 0x000000008cf00000, 0x000000008cf00000| Untracked 
| 132|0x000000008d000000, 0x000000008d000000, 0x000000008d100000|  0%| F|  |TAMS 0x000000008d000000, 0x000000008d000000| Untracked 
| 133|0x000000008d100000, 0x000000008d100000, 0x000000008d200000|  0%| F|  |TAMS 0x000000008d100000, 0x000000008d100000| Untracked 
| 134|0x000000008d200000, 0x000000008d200000, 0x000000008d300000|  0%| F|  |TAMS 0x000000008d200000, 0x000000008d200000| Untracked 
| 135|0x000000008d300000, 0x000000008d300000, 0x000000008d400000|  0%| F|  |TAMS 0x000000008d300000, 0x000000008d300000| Untracked 
| 136|0x000000008d400000, 0x000000008d400000, 0x000000008d500000|  0%| F|  |TAMS 0x000000008d400000, 0x000000008d400000| Untracked 
| 137|0x000000008d500000, 0x000000008d500000, 0x000000008d600000|  0%| F|  |TAMS 0x000000008d500000, 0x000000008d500000| Untracked 
| 138|0x000000008d600000, 0x000000008d600000, 0x000000008d700000|  0%| F|  |TAMS 0x000000008d600000, 0x000000008d600000| Untracked 
| 139|0x000000008d700000, 0x000000008d700000, 0x000000008d800000|  0%| F|  |TAMS 0x000000008d700000, 0x000000008d700000| Untracked 
| 140|0x000000008d800000, 0x000000008d800000, 0x000000008d900000|  0%| F|  |TAMS 0x000000008d800000, 0x000000008d800000| Untracked 
| 141|0x000000008d900000, 0x000000008d900000, 0x000000008da00000|  0%| F|  |TAMS 0x000000008d900000, 0x000000008d900000| Untracked 
| 142|0x000000008da00000, 0x000000008da00000, 0x000000008db00000|  0%| F|  |TAMS 0x000000008da00000, 0x000000008da00000| Untracked 
| 143|0x000000008db00000, 0x000000008db00000, 0x000000008dc00000|  0%| F|  |TAMS 0x000000008db00000, 0x000000008db00000| Untracked 
| 144|0x000000008dc00000, 0x000000008dc00000, 0x000000008dd00000|  0%| F|  |TAMS 0x000000008dc00000, 0x000000008dc00000| Untracked 
| 145|0x000000008dd00000, 0x000000008dd00000, 0x000000008de00000|  0%| F|  |TAMS 0x000000008dd00000, 0x000000008dd00000| Untracked 
| 146|0x000000008de00000, 0x000000008de00000, 0x000000008df00000|  0%| F|  |TAMS 0x000000008de00000, 0x000000008de00000| Untracked 
| 147|0x000000008df00000, 0x000000008df00000, 0x000000008e000000|  0%| F|  |TAMS 0x000000008df00000, 0x000000008df00000| Untracked 
| 148|0x000000008e000000, 0x000000008e000000, 0x000000008e100000|  0%| F|  |TAMS 0x000000008e000000, 0x000000008e000000| Untracked 

Card table byte_map: [0x000001d8c1b30000,0x000001d8c1f10000] _byte_map_base: 0x000001d8c170a000

Marking Bits (Prev, Next): (CMBitMap*) 0x000001d8a9fe41c8, (CMBitMap*) 0x000001d8a9fe4200
 Prev Bits: [0x000001d8c22f0000, 0x000001d8c41c0000)
 Next Bits: [0x000001d8c41c0000, 0x000001d8c6090000)

Polling page: 0x000001d8a7f80000

Metaspace:

Usage:
  Non-class:     30.53 MB capacity,    29.87 MB ( 98%) used,   540.48 KB (  2%) free+waste,   133.00 KB ( <1%) overhead. 
      Class:      4.79 MB capacity,     4.30 MB ( 90%) used,   430.20 KB (  9%) free+waste,    66.81 KB (  1%) overhead. 
       Both:     35.32 MB capacity,    34.17 MB ( 97%) used,   970.69 KB (  3%) free+waste,   199.81 KB ( <1%) overhead. 

Virtual space:
  Non-class space:       32.00 MB reserved,      30.78 MB ( 96%) committed 
      Class space:        1.00 GB reserved,       4.88 MB ( <1%) committed 
             Both:        1.03 GB reserved,      35.65 MB (  3%) committed 

Chunk freelists:
   Non-Class:  2.75 KB
       Class:  2.88 KB
        Both:  5.63 KB

CodeHeap 'non-profiled nmethods': size=238336Kb used=5759Kb max_used=5759Kb free=232576Kb
 bounds [0x000001d8b2b60000, 0x000001d8b3100000, 0x000001d8c1420000]
CodeHeap 'non-nmethods': size=7424Kb used=1171Kb max_used=1171Kb free=6253Kb
 bounds [0x000001d8b2420000, 0x000001d8b2690000, 0x000001d8b2b60000]
 total_blobs=4066 nmethods=3575 adapters=416
 compilation: enabled
              stopped_count=0, restarted_count=0
 full_count=0

Compilation events (10 events):
Event: 2.641 Thread 0x000001d8c8af5800 3579  s    1       java.io.ByteArrayInputStream::read (73 bytes)
Event: 2.642 Thread 0x000001d8c8af5800 nmethod 3579 0x000001d8b30fcf10 code [0x000001d8b30fd0e0, 0x000001d8b30fd5c0]
Event: 2.664 Thread 0x000001d8c8af5800 3580       1       org.springframework.asm.MethodVisitor::visitParameterAnnotation (20 bytes)
Event: 2.664 Thread 0x000001d8c8af5800 nmethod 3580 0x000001d8b30fd710 code [0x000001d8b30fd8c0, 0x000001d8b30fda30]
Event: 2.668 Thread 0x000001d8c8af5800 3581       1       org.springframework.asm.ClassReader::readParameterAnnotations (106 bytes)
Event: 2.668 Thread 0x000001d8c8af5800 nmethod 3581 0x000001d8b30fdb10 code [0x000001d8b30fdd00, 0x000001d8b30fe120]
Event: 2.668 Thread 0x000001d8c8af5800 3582       1       org.springframework.asm.MethodVisitor::visitAnnotableParameterCount (17 bytes)
Event: 2.668 Thread 0x000001d8c8af5800 nmethod 3582 0x000001d8b30fe490 code [0x000001d8b30fe640, 0x000001d8b30fe790]
Event: 2.780 Thread 0x000001d8c8af5800 3583       1       java.io.InputStream::readNBytes (274 bytes)
Event: 2.781 Thread 0x000001d8c8af5800 nmethod 3583 0x000001d8b30fe810 code [0x000001d8b30feaa0, 0x000001d8b30ff7f0]

GC Heap History (10 events):
Event: 1.862 GC heap after
{Heap after GC invocations=5 (full 0):
 garbage-first heap   total 126976K, used 14121K [0x0000000084c00000, 0x0000000100000000)
  region size 1024K, 5 young (5120K), 5 survivors (5120K)
 Metaspace       used 31504K, capacity 32729K, committed 33072K, reserved 1077248K
  class space    used 3888K, capacity 4381K, committed 4480K, reserved 1048576K
}
Event: 2.063 GC heap before
{Heap before GC invocations=5 (full 0):
 garbage-first heap   total 126976K, used 33577K [0x0000000084c00000, 0x0000000100000000)
  region size 1024K, 25 young (25600K), 5 survivors (5120K)
 Metaspace       used 34661K, capacity 35836K, committed 35920K, reserved 1081344K
  class space    used 4352K, capacity 4840K, committed 4864K, reserved 1048576K
}
Event: 2.069 GC heap after
{Heap after GC invocations=6 (full 0):
 garbage-first heap   total 152576K, used 14963K [0x0000000084c00000, 0x0000000100000000)
  region size 1024K, 6 young (6144K), 6 survivors (6144K)
 Metaspace       used 34661K, capacity 35836K, committed 35920K, reserved 1081344K
  class space    used 4352K, capacity 4840K, committed 4864K, reserved 1048576K
}
Event: 2.236 GC heap before
{Heap before GC invocations=7 (full 0):
 garbage-first heap   total 152576K, used 89715K [0x0000000084c00000, 0x0000000100000000)
  region size 1024K, 79 young (80896K), 6 survivors (6144K)
 Metaspace       used 34989K, capacity 36163K, committed 36508K, reserved 1081344K
  class space    used 4406K, capacity 4905K, committed 4992K, reserved 1048576K
}
Event: 2.243 GC heap after
{Heap after GC invocations=8 (full 0):
 garbage-first heap   total 152576K, used 21612K [0x0000000084c00000, 0x0000000100000000)
  region size 1024K, 10 young (10240K), 10 survivors (10240K)
 Metaspace       used 34989K, capacity 36163K, committed 36508K, reserved 1081344K
  class space    used 4406K, capacity 4905K, committed 4992K, reserved 1048576K
}
Event: 2.349 GC heap before
{Heap before GC invocations=8 (full 0):
 garbage-first heap   total 152576K, used 96364K [0x0000000084c00000, 0x0000000100000000)
  region size 1024K, 83 young (84992K), 10 survivors (10240K)
 Metaspace       used 34990K, capacity 36163K, committed 36508K, reserved 1081344K
  class space    used 4406K, capacity 4905K, committed 4992K, reserved 1048576K
}
Event: 2.357 GC heap after
{Heap after GC invocations=9 (full 0):
 garbage-first heap   total 152576K, used 28652K [0x0000000084c00000, 0x0000000100000000)
  region size 1024K, 8 young (8192K), 8 survivors (8192K)
 Metaspace       used 34990K, capacity 36163K, committed 36508K, reserved 1081344K
  class space    used 4406K, capacity 4905K, committed 4992K, reserved 1048576K
}
Event: 2.563 GC heap before
{Heap before GC invocations=9 (full 0):
 garbage-first heap   total 152576K, used 102380K [0x0000000084c00000, 0x0000000100000000)
  region size 1024K, 80 young (81920K), 8 survivors (8192K)
 Metaspace       used 34992K, capacity 36163K, committed 36508K, reserved 1081344K
  class space    used 4407K, capacity 4905K, committed 4992K, reserved 1048576K
}
Event: 2.570 GC heap after
{Heap after GC invocations=10 (full 0):
 garbage-first heap   total 152576K, used 33871K [0x0000000084c00000, 0x0000000100000000)
  region size 1024K, 6 young (6144K), 6 survivors (6144K)
 Metaspace       used 34992K, capacity 36163K, committed 36508K, reserved 1081344K
  class space    used 4407K, capacity 4905K, committed 4992K, reserved 1048576K
}
Event: 2.809 GC heap before
{Heap before GC invocations=10 (full 0):
 garbage-first heap   total 152576K, used 107599K [0x0000000084c00000, 0x0000000100000000)
  region size 1024K, 78 young (79872K), 6 survivors (6144K)
 Metaspace       used 34992K, capacity 36163K, committed 36508K, reserved 1081344K
  class space    used 4407K, capacity 4905K, committed 4992K, reserved 1048576K
}

Deoptimization events (0 events):
No events

Classes redefined (0 events):
No events

Internal exceptions (10 events):
Event: 1.713 Thread 0x000001d8a9fa2000 Exception <a 'java/lang/NoSuchMethodError'{0x000000008b924bf8}: java.lang.invoke.DirectMethodHandle$Holder.invokeInterface(Ljava/lang/Object;Ljava/lang/Object;I)V> (0x000000008b924bf8) thrown at [./open/src/hotspot/share/interpreter/linkResolver.cpp, line
Event: 1.715 Thread 0x000001d8a9fa2000 Exception <a 'java/lang/IncompatibleClassChangeError'{0x000000008b970040}: Found class java.lang.Object, but interface was expected> (0x000000008b970040) thrown at [./open/src/hotspot/share/interpreter/linkResolver.cpp, line 838]
Event: 1.715 Thread 0x000001d8a9fa2000 Exception <a 'java/lang/NoSuchMethodError'{0x000000008b974ee0}: java.lang.invoke.DirectMethodHandle$Holder.invokeStatic(Ljava/lang/Object;ILjava/lang/Object;)V> (0x000000008b974ee0) thrown at [./open/src/hotspot/share/interpreter/linkResolver.cpp, line 77
Event: 1.865 Thread 0x000001d8a9fa2000 Exception <a 'java/io/FileNotFoundException'{0x000000008c711698}> (0x000000008c711698) thrown at [./open/src/hotspot/share/prims/jni.cpp, line 611]
Event: 1.887 Thread 0x000001d8a9fa2000 Exception <a 'java/lang/NoSuchMethodError'{0x000000008c5383c8}: java.lang.invoke.DirectMethodHandle$Holder.invokeInterface(Ljava/lang/Object;Ljava/lang/Object;Ljava/lang/Object;Ljava/lang/Object;)I> (0x000000008c5383c8) thrown at [./open/src/hotspot/share
Event: 1.912 Thread 0x000001d8a9fa2000 Exception <a 'java/io/FileNotFoundException'{0x000000008c392e90}> (0x000000008c392e90) thrown at [./open/src/hotspot/share/prims/jni.cpp, line 611]
Event: 2.073 Thread 0x000001d8c9b52000 Exception <a 'java/lang/reflect/InvocationTargetException'{0x000000008e081b20}> (0x000000008e081b20) thrown at [./open/src/hotspot/share/runtime/reflection.cpp, line 1242]
Event: 2.100 Thread 0x000001d8a9fa2000 Exception <a 'java/io/FileNotFoundException'{0x000000008de22a98}> (0x000000008de22a98) thrown at [./open/src/hotspot/share/prims/jni.cpp, line 611]
Event: 2.100 Thread 0x000001d8a9fa2000 Exception <a 'java/io/FileNotFoundException'{0x000000008de24000}> (0x000000008de24000) thrown at [./open/src/hotspot/share/prims/jni.cpp, line 611]
Event: 2.580 Thread 0x000001d8c9b52000 Exception <a 'java/lang/reflect/InvocationTargetException'{0x000000008e082320}> (0x000000008e082320) thrown at [./open/src/hotspot/share/runtime/reflection.cpp, line 1242]

Events (10 events):
Event: 2.698 loading class javax/enterprise/util$Nonbinding done
Event: 2.698 loading class javax/enterprise/util/Nonbinding
Event: 2.698 loading class javax/enterprise/util/Nonbinding done
Event: 2.698 loading class javax/enterprise/util$Nonbinding
Event: 2.698 loading class javax/enterprise/util$Nonbinding done
Event: 2.701 loading class javax/enterprise/context/NormalScope
Event: 2.701 loading class javax/enterprise/context/NormalScope done
Event: 2.701 loading class javax/enterprise/context$NormalScope
Event: 2.701 loading class javax/enterprise/context$NormalScope done
Event: 2.809 Executing VM operation: G1CollectForAllocation


Dynamic libraries:
0x00007ff7f0b70000 - 0x00007ff7f0b7f000 	C:\Program Files\Java\jdk-11.0.9\bin\javaw.exe
0x00007ff8d7230000 - 0x00007ff8d7426000 	C:\WINDOWS\SYSTEM32\ntdll.dll
0x00007ff8d5a90000 - 0x00007ff8d5b4d000 	C:\WINDOWS\System32\KERNEL32.DLL
0x00007ff8d4c30000 - 0x00007ff8d4ef9000 	C:\WINDOWS\System32\KERNELBASE.dll
0x00007ff8d49d0000 - 0x00007ff8d4ad0000 	C:\WINDOWS\System32\ucrtbase.dll
0x00007ff8baa10000 - 0x00007ff8baa28000 	C:\Program Files\Java\jdk-11.0.9\bin\jli.dll
0x00007ff8ba840000 - 0x00007ff8ba855000 	C:\Program Files\Java\jdk-11.0.9\bin\VCRUNTIME140.dll
0x00007ff8d5bf0000 - 0x00007ff8d5c9c000 	C:\WINDOWS\System32\ADVAPI32.dll
0x00007ff8d5690000 - 0x00007ff8d572e000 	C:\WINDOWS\System32\msvcrt.dll
0x00007ff8d5ca0000 - 0x00007ff8d5d3c000 	C:\WINDOWS\System32\sechost.dll
0x00007ff8d5da0000 - 0x00007ff8d5ecb000 	C:\WINDOWS\System32\RPCRT4.dll
0x00007ff8d54e0000 - 0x00007ff8d5680000 	C:\WINDOWS\System32\USER32.dll
0x00007ff8b5fd0000 - 0x00007ff8b626b000 	C:\WINDOWS\WinSxS\amd64_microsoft.windows.common-controls_6595b64144ccf1df_6.0.19041.488_none_ca04af081b815d21\COMCTL32.dll
0x00007ff8d4970000 - 0x00007ff8d4992000 	C:\WINDOWS\System32\win32u.dll
0x00007ff8d6850000 - 0x00007ff8d687a000 	C:\WINDOWS\System32\GDI32.dll
0x00007ff8d50d0000 - 0x00007ff8d51d9000 	C:\WINDOWS\System32\gdi32full.dll
0x00007ff8d4fb0000 - 0x00007ff8d504d000 	C:\WINDOWS\System32\msvcp_win.dll
0x00007ff8cc8a0000 - 0x00007ff8cc8aa000 	C:\WINDOWS\SYSTEM32\VERSION.dll
0x00007ff8d5b50000 - 0x00007ff8d5b80000 	C:\WINDOWS\System32\IMM32.DLL
0x00007ff8a4280000 - 0x00007ff8a431b000 	C:\Program Files\Java\jdk-11.0.9\bin\msvcp140.dll
0x00007ff891490000 - 0x00007ff891f87000 	C:\Program Files\Java\jdk-11.0.9\bin\server\jvm.dll
0x00007ff8d6e10000 - 0x00007ff8d6e18000 	C:\WINDOWS\System32\PSAPI.DLL
0x00007ff8ce880000 - 0x00007ff8ce889000 	C:\WINDOWS\SYSTEM32\WSOCK32.dll
0x00007ff8baa60000 - 0x00007ff8baa87000 	C:\WINDOWS\SYSTEM32\WINMM.dll
0x00007ff8d5b80000 - 0x00007ff8d5beb000 	C:\WINDOWS\System32\WS2_32.dll
0x00007ff8d3250000 - 0x00007ff8d3262000 	C:\WINDOWS\SYSTEM32\kernel.appcore.dll
0x00007ff8c1b40000 - 0x00007ff8c1b50000 	C:\Program Files\Java\jdk-11.0.9\bin\verify.dll
0x00007ff8d3030000 - 0x00007ff8d3214000 	C:\WINDOWS\SYSTEM32\DBGHELP.DLL
0x00007ff8ba1d0000 - 0x00007ff8ba1fc000 	C:\WINDOWS\SYSTEM32\dbgcore.DLL
0x00007ff8d5050000 - 0x00007ff8d50d0000 	C:\WINDOWS\System32\bcryptPrimitives.dll
0x00007ff8b4c00000 - 0x00007ff8b4c28000 	C:\Program Files\Java\jdk-11.0.9\bin\java.dll
0x00007ff8c1480000 - 0x00007ff8c148a000 	C:\Program Files\Java\jdk-11.0.9\bin\jimage.dll
0x00007ff8ba0f0000 - 0x00007ff8ba106000 	C:\Program Files\Java\jdk-11.0.9\bin\zip.dll
0x00007ff8d5f30000 - 0x00007ff8d6672000 	C:\WINDOWS\System32\SHELL32.dll
0x00007ff8d2890000 - 0x00007ff8d3025000 	C:\WINDOWS\SYSTEM32\windows.storage.dll
0x00007ff8d5730000 - 0x00007ff8d5a86000 	C:\WINDOWS\System32\combase.dll
0x00007ff8d4310000 - 0x00007ff8d433c000 	C:\WINDOWS\SYSTEM32\Wldp.dll
0x00007ff8d5300000 - 0x00007ff8d53ae000 	C:\WINDOWS\System32\SHCORE.dll
0x00007ff8d5290000 - 0x00007ff8d52e5000 	C:\WINDOWS\System32\shlwapi.dll
0x00007ff8d48a0000 - 0x00007ff8d48c6000 	C:\WINDOWS\SYSTEM32\profapi.dll
0x00007ff8b2b00000 - 0x00007ff8b2b19000 	C:\Program Files\Java\jdk-11.0.9\bin\net.dll
0x00007ff8c1dc0000 - 0x00007ff8c1ec0000 	C:\WINDOWS\SYSTEM32\WINHTTP.dll
0x00007ff8d4090000 - 0x00007ff8d40fa000 	C:\WINDOWS\system32\mswsock.dll
0x00007ff8b0b00000 - 0x00007ff8b0b12000 	C:\Program Files\Java\jdk-11.0.9\bin\nio.dll
0x00007ff8c13f0000 - 0x00007ff8c13f9000 	C:\Program Files\Java\jdk-11.0.9\bin\management.dll
0x00007ff8c0fe0000 - 0x00007ff8c0feb000 	C:\Program Files\Java\jdk-11.0.9\bin\management_ext.dll
0x00007ff8b5f00000 - 0x00007ff8b5f17000 	C:\WINDOWS\system32\napinsp.dll
0x00007ff8b5ee0000 - 0x00007ff8b5efb000 	C:\WINDOWS\system32\pnrpnsp.dll
0x00007ff8b5ec0000 - 0x00007ff8b5ed5000 	C:\WINDOWS\system32\wshbth.dll
0x00007ff8cfb60000 - 0x00007ff8cfb7d000 	C:\WINDOWS\system32\NLAapi.dll
0x00007ff8d3d80000 - 0x00007ff8d3dbb000 	C:\WINDOWS\SYSTEM32\IPHLPAPI.DLL
0x00007ff8d3dc0000 - 0x00007ff8d3e8b000 	C:\WINDOWS\SYSTEM32\DNSAPI.dll
0x00007ff8d52f0000 - 0x00007ff8d52f8000 	C:\WINDOWS\System32\NSI.dll
0x00007ff8b5ea0000 - 0x00007ff8b5eb2000 	C:\WINDOWS\System32\winrnr.dll
0x00007ff8bd790000 - 0x00007ff8bd79a000 	C:\Windows\System32\rasadhlp.dll
0x00007ff8bd6b0000 - 0x00007ff8bd72f000 	C:\WINDOWS\System32\fwpuclnt.dll
0x00007ff8d49a0000 - 0x00007ff8d49c7000 	C:\WINDOWS\System32\bcrypt.dll
0x00007ff8d4260000 - 0x00007ff8d4278000 	C:\WINDOWS\SYSTEM32\CRYPTSP.dll
0x00007ff8d3a20000 - 0x00007ff8d3a54000 	C:\WINDOWS\system32\rsaenh.dll
0x00007ff8d4820000 - 0x00007ff8d484e000 	C:\WINDOWS\SYSTEM32\USERENV.dll
0x00007ff8d4280000 - 0x00007ff8d428c000 	C:\WINDOWS\SYSTEM32\CRYPTBASE.dll
0x00007ff8d27b0000 - 0x00007ff8d27c7000 	C:\WINDOWS\SYSTEM32\dhcpcsvc6.DLL
0x00007ff8d2790000 - 0x00007ff8d27ad000 	C:\WINDOWS\SYSTEM32\dhcpcsvc.DLL

dbghelp: loaded successfully - version: 4.0.5 - missing functions: none
symbol engine: initialized successfully - sym options: 0x614 - pdb path: .;C:\Program Files\Java\jdk-11.0.9\bin;C:\WINDOWS\SYSTEM32;C:\WINDOWS\WinSxS\amd64_microsoft.windows.common-controls_6595b64144ccf1df_6.0.19041.488_none_ca04af081b815d21;C:\Program Files\Java\jdk-11.0.9\bin\server

VM Arguments:
jvm_args: -Dcom.sun.management.jmxremote -Dcom.sun.management.jmxremote.port=65506 -Dcom.sun.management.jmxremote.authenticate=false -Dcom.sun.management.jmxremote.ssl=false -Djava.rmi.server.hostname=localhost -Dspring.jmx.enabled=true -Dspring.application.admin.enabled=true -Xverify:none -XX:TieredStopAtLevel=1 -Dspring.boot.project.name=demo -Dfile.encoding=UTF-8 
java_command: phonestore.PhoneStoreApplication --spring.output.ansi.enabled=always
java_class_path (initial): C:\Users\Luong Manh Dat\Desktop\demo\demo\target\classes;C:\Users\Luong Manh Dat\.m2\repository\org\springframework\boot\spring-boot-starter-data-jpa\2.4.1\spring-boot-starter-data-jpa-2.4.1.jar;C:\Users\Luong Manh Dat\.m2\repository\org\springframework\boot\spring-boot-starter-aop\2.4.1\spring-boot-starter-aop-2.4.1.jar;C:\Users\Luong Manh Dat\.m2\repository\org\springframework\spring-aop\5.3.2\spring-aop-5.3.2.jar;C:\Users\Luong Manh Dat\.m2\repository\org\aspectj\aspectjweaver\1.9.6\aspectjweaver-1.9.6.jar;C:\Users\Luong Manh Dat\.m2\repository\org\springframework\boot\spring-boot-starter-jdbc\2.4.1\spring-boot-starter-jdbc-2.4.1.jar;C:\Users\Luong Manh Dat\.m2\repository\com\zaxxer\HikariCP\3.4.5\HikariCP-3.4.5.jar;C:\Users\Luong Manh Dat\.m2\repository\org\springframework\spring-jdbc\5.3.2\spring-jdbc-5.3.2.jar;C:\Users\Luong Manh Dat\.m2\repository\jakarta\transaction\jakarta.transaction-api\1.3.3\jakarta.transaction-api-1.3.3.jar;C:\Users\Luong Manh Dat\.m2\repository\jakarta\persistence\jakarta.persistence-api\2.2.3\jakarta.persistence-api-2.2.3.jar;C:\Users\Luong Manh Dat\.m2\repository\org\hibernate\hibernate-core\5.4.25.Final\hibernate-core-5.4.25.Final.jar;C:\Users\Luong Manh Dat\.m2\repository\org\jboss\logging\jboss-logging\3.4.1.Final\jboss-logging-3.4.1.Final.jar;C:\Users\Luong Manh Dat\.m2\repository\org\javassist\javassist\3.27.0-GA\javassist-3.27.0-GA.jar;C:\Users\Luong Manh Dat\.m2\repository\net\bytebuddy\byte-buddy\1.10.18\byte-buddy-1.10.18.jar;C:\Users\Luong Manh Dat\.m2\repository\antlr\antlr\2.7.7\antlr-2.7.7.jar;C:\Users\Luong Manh Dat\.m2\repository\org\jboss\jandex\2.1.3.Final\jandex-2.1.3.Final.jar;C:\Users\Luong Manh Dat\.m2\repository\com\fasterxml\classmate\1.5.1\classmate-1.5.1.jar;C:\Users\Luong Manh Dat\.m2\repository\org\dom4j\dom4j\2.1.3\dom4j-2.1.3.jar;C:\Users\Luong Manh Dat\.m2\repository\org\hibernate\common\hibernate-commons-annotations\5.1.2.Final\hibernate-commons-annotations-5.1.2.Final.jar;C
Launcher Type: SUN_STANDARD

[Global flags]
     bool BytecodeVerificationLocal                = false                                     {product} {command line}
     bool BytecodeVerificationRemote               = false                                     {product} {command line}
     intx CICompilerCount                          = 4                                         {product} {ergonomic}
     uint ConcGCThreads                            = 2                                         {product} {ergonomic}
     uint G1ConcRefinementThreads                  = 8                                         {product} {ergonomic}
   size_t G1HeapRegionSize                         = 1048576                                   {product} {ergonomic}
    uintx GCDrainStackTargetSize                   = 64                                        {product} {ergonomic}
   size_t InitialHeapSize                          = 130023424                                 {product} {ergonomic}
     bool ManagementServer                         = true                                      {product} {command line}
   size_t MarkStackSize                            = 4194304                                   {product} {ergonomic}
   size_t MaxHeapSize                              = 2067791872                                {product} {ergonomic}
   size_t MaxNewSize                               = 1240465408                                {product} {ergonomic}
   size_t MinHeapDeltaBytes                        = 1048576                                   {product} {ergonomic}
    uintx NonNMethodCodeHeapSize                   = 7549744                                {pd product} {ergonomic}
    uintx NonProfiledCodeHeapSize                  = 244108496                              {pd product} {ergonomic}
    uintx ProfiledCodeHeapSize                     = 0                                      {pd product} {ergonomic}
    uintx ReservedCodeCacheSize                    = 251658240                              {pd product} {ergonomic}
     bool SegmentedCodeCache                       = true                                      {product} {ergonomic}
     intx TieredStopAtLevel                        = 1                                         {product} {command line}
     bool UseCompressedClassPointers               = true                                 {lp64_product} {ergonomic}
     bool UseCompressedOops                        = true                                 {lp64_product} {ergonomic}
     bool UseG1GC                                  = true                                      {product} {ergonomic}
     bool UseLargePagesIndividualAllocation        = false                                  {pd product} {ergonomic}

Logging:
Log output configuration:
 #0: stdout all=warning uptime,level,tags
 #1: stderr all=off uptime,level,tags

Environment Variables:
JAVA_HOME=C:\Program Files\OpenJDK\openjdk-8u262-b10
CLASSPATH=.;
PATH=C:/Program Files/Java/jre1.8.0_261/bin/server;C:/Program Files/Java/jre1.8.0_261/bin;C:/Program Files/Java/jre1.8.0_261/lib/amd64;C:\Program Files\Common Files\Oracle\Java\javapath;C:\Python27\;C:\Python27\Scripts;C:\Program Files (x86)\Common Files\Oracle\Java\javapath;C:\WINDOWS\system32;C:\WINDOWS;C:\WINDOWS\System32\Wbem;C:\WINDOWS\System32\WindowsPowerShell\v1.0\;C:\WINDOWS\System32\OpenSSH\;C:\ProgramData\chocolatey\bin;C:\Program Files\Java\jdk1.8.0_211\bin;C:\Program Files (x86)\Yarn\bin\;C:\Program Files\OpenJDK\openjdk-8u262-b10\bin;C:\Program Files\dotnet\;C:\Program Files\Git\cmd;C:\Program Files\MySQL\MySQL Shell 8.0\bin\;C:\Users\Luong Manh Dat\AppData\Local\Microsoft\WindowsApps;C:\Users\Luong Manh Dat\AppData\Local\atom\bin;C:\Users\Luong Manh Dat\AppData\Local\Yarn\bin;D:\Android\sdk\platform-tools;C:\Users\Luong Manh Dat\AppData\Local\Microsoft\WindowsApps;C:\Users\Luong Manh Dat\.dotnet\tools;C:\Users\Luong Manh Dat\AppData\Roaming\npm;C:\Users\Luong Manh Dat\AppData\Local\Programs\Microsoft VS Code\bin;C:\Program Files\heroku\bin;%NVM_HOME%;%NVM_SYMLINK%;C:\Users\Luong;C:\Program Files\MySQL\MySQL Shell 8.0\bin\;C:\Users\Luong Manh Dat\AppData\Local\Microsoft\WindowsApps;C:\Users\Luong Manh Dat\AppData\Local\atom\bin;C:\Users\Luong Manh Dat\AppData\Local\Yarn\bin;D:\Android\sdk\platform-tools;C:\Users\Luong Manh Dat\AppData\Local\Microsoft\WindowsApps;C:\Users\Luong Manh Dat\.dotnet\tools;C:\Users\Luong Manh Dat\AppData\Roaming\npm;C:\Users\Luong Manh Dat\AppData\Local\Programs\Microsoft VS Code\bin;C:\Program Files\heroku\bin;C:\Users\Luong Manh Dat\AppData\Roaming\nvm;C:\Program Files\nodejs;;C:\Users\Luong Manh Dat\Downloads\sts-4.7.0.RELEASE;
USERNAME=Luong Manh Dat
OS=Windows_NT
PROCESSOR_IDENTIFIER=Intel64 Family 6 Model 126 Stepping 5, GenuineIntel



---------------  S Y S T E M  ---------------

OS: Windows 10 , 64 bit Build 19041 (10.0.19041.662)

CPU:total 8 (initial active 8) (4 cores per cpu, 2 threads per core) family 6 model 126 stepping 5, cmov, cx8, fxsr, mmx, sse, sse2, sse3, ssse3, sse4.1, sse4.2, popcnt, avx, avx2, aes, clmul, erms, 3dnowpref, lzcnt, ht, tsc, tscinvbit, bmi1, bmi2, adx, evex, sha, fma

Memory: 4k page, system-wide physical 7880M (688M free)
TotalPageFile size 9928M (AvailPageFile size 21M)
current process WorkingSet (physical memory assigned to process): 238M, peak: 238M
current process commit charge ("private bytes"): 319M, peak: 349M

vm_info: Java HotSpot(TM) 64-Bit Server VM (11.0.9+7-LTS) for windows-amd64 JRE (11.0.9+7-LTS), built on Sep 15 2020 16:47:03 by "mach5one" with MS VC++ 15.9 (VS2017)

END.
