#
# There is insufficient memory for the Java Runtime Environment to continue.
# Native memory allocation (mmap) failed to map 44040192 bytes for Failed to commit area from 0x000000008e100000 to 0x0000000090b00000 of length 44040192.
# Possible reasons:
#   The system is out of physical RAM or swap space
#   The process is running with CompressedOops enabled, and the Java Heap may be blocking the growth of the native heap
# Possible solutions:
#   Reduce memory load on the system
#   Increase physical memory or swap space
#   Check if swap backing store is full
#   Decrease Java heap size (-Xmx/-Xms)
#   Decrease number of Java threads
#   Decrease Java thread stack sizes (-Xss)
#   Set larger code cache with -XX:ReservedCodeCacheSize=
#   JVM is running with Unscaled Compressed Oops mode in which the Java heap is
#     placed in the first 4GB address space. The Java Heap base address is the
#     maximum limit for the native heap growth. Please use -XX:HeapBaseMinAddress
#     to set the Java Heap base and to place the Java Heap above 4GB virtual address.
# This output file may be truncated or incomplete.
#
#  Out of Memory Error (./open/src/hotspot/os/windows/os_windows.cpp:3275), pid=15260, tid=6660
#
# JRE version: Java(TM) SE Runtime Environment 18.9 (11.0.9+7) (build 11.0.9+7-LTS)
# Java VM: Java HotSpot(TM) 64-Bit Server VM 18.9 (11.0.9+7-LTS, mixed mode, tiered, compressed oops, g1 gc, windows-amd64)
# No core dump will be written. Minidumps are not enabled by default on client versions of Windows
#

---------------  S U M M A R Y ------------

Command Line: -Dcom.sun.management.jmxremote -Dcom.sun.management.jmxremote.port=65491 -Dcom.sun.management.jmxremote.authenticate=false -Dcom.sun.management.jmxremote.ssl=false -Djava.rmi.server.hostname=localhost -Dspring.jmx.enabled=true -Dspring.application.admin.enabled=true -Xverify:none -XX:TieredStopAtLevel=1 -Dspring.boot.project.name=demo -Dfile.encoding=UTF-8 phonestore.PhoneStoreApplication --spring.output.ansi.enabled=always

Host: Intel(R) Core(TM) i5-1035G1 CPU @ 1.00GHz, 8 cores, 7G,  Windows 10 , 64 bit Build 19041 (10.0.19041.662)
Time: Sat Dec 19 17:49:45 2020 SE Asia Standard Time elapsed time: 2.680193 seconds (0d 0h 0m 2s)

---------------  T H R E A D  ---------------

Current thread (0x000001df211d4800):  VMThread "VM Thread" [stack: 0x0000000da4300000,0x0000000da4400000] [id=6660]

Stack: [0x0000000da4300000,0x0000000da4400000]
[error occurred during error reporting (printing stack bounds), id 0xc0000005, EXCEPTION_ACCESS_VIOLATION (0xc0000005) at pc=0x000001df0ab10f67]

Native frames: (J=compiled Java code, j=interpreted, Vv=VM code, C=native code)
V  [jvm.dll+0x611a3a]
V  [jvm.dll+0x748aaf]
V  [jvm.dll+0x74a135]
V  [jvm.dll+0x74a715]
V  [jvm.dll+0x74a6cb]
V  [jvm.dll+0x611323]
V  [jvm.dll+0x6116e8]
C  [ntdll.dll+0xa130f]
C  [ntdll.dll+0x4b5e4]
C  [ntdll.dll+0x9fe3e]
C  0x000001df0ab10f67

VM_Operation (0x0000000da3dfc3f0): G1CollectForAllocation, mode: safepoint, requested by thread 0x000001df02698000


---------------  P R O C E S S  ---------------

Threads class SMR info:
_java_thread_list=0x000001df23b93ec0, length=20, elements={
0x000001df02698000, 0x000001df211f7800, 0x000001df211fa800, 0x000001df21a51800,
0x000001df21a55800, 0x000001df21a5e800, 0x000001df21a64000, 0x000001df2118f000,
0x000001df21c15800, 0x000001df221d7800, 0x000001df221e1800, 0x000001df2224d800,
0x000001df22257800, 0x000001df222a4000, 0x000001df222a7000, 0x000001df22287800,
0x000001df23893000, 0x000001df238b4800, 0x000001df23aed000, 0x000001df23aed800
}

Java Threads: ( => current thread )
  0x000001df02698000 JavaThread "main" [_thread_blocked, id=7536, stack(0x0000000da3d00000,0x0000000da3e00000)]
  0x000001df211f7800 JavaThread "Reference Handler" daemon [_thread_blocked, id=10632, stack(0x0000000da4400000,0x0000000da4500000)]
  0x000001df211fa800 JavaThread "Finalizer" daemon [_thread_blocked, id=6028, stack(0x0000000da4500000,0x0000000da4600000)]
  0x000001df21a51800 JavaThread "Signal Dispatcher" daemon [_thread_blocked, id=14600, stack(0x0000000da4600000,0x0000000da4700000)]
  0x000001df21a55800 JavaThread "Attach Listener" daemon [_thread_blocked, id=7736, stack(0x0000000da4700000,0x0000000da4800000)]
  0x000001df21a5e800 JavaThread "C1 CompilerThread0" daemon [_thread_blocked, id=9224, stack(0x0000000da4800000,0x0000000da4900000)]
  0x000001df21a64000 JavaThread "Sweeper thread" daemon [_thread_blocked, id=10096, stack(0x0000000da4900000,0x0000000da4a00000)]
  0x000001df2118f000 JavaThread "Common-Cleaner" daemon [_thread_blocked, id=16052, stack(0x0000000da4a00000,0x0000000da4b00000)]
  0x000001df21c15800 JavaThread "Service Thread" daemon [_thread_blocked, id=11832, stack(0x0000000da4b00000,0x0000000da4c00000)]
  0x000001df221d7800 JavaThread "RMI TCP Accept-0" daemon [_thread_in_native, id=8080, stack(0x0000000da4c00000,0x0000000da4d00000)]
  0x000001df221e1800 JavaThread "RMI TCP Accept-65491" daemon [_thread_in_native, id=2324, stack(0x0000000da4d00000,0x0000000da4e00000)]
  0x000001df2224d800 JavaThread "RMI TCP Accept-0" daemon [_thread_in_native, id=15772, stack(0x0000000da4e00000,0x0000000da4f00000)]
  0x000001df22257800 JavaThread "RMI TCP Connection(1)-127.0.0.1" daemon [_thread_in_native, id=10500, stack(0x0000000da5000000,0x0000000da5100000)]
  0x000001df222a4000 JavaThread "RMI TCP Connection(2)-127.0.0.1" daemon [_thread_in_native, id=8708, stack(0x0000000da5200000,0x0000000da5300000)]
  0x000001df222a7000 JavaThread "RMI Scheduler(0)" daemon [_thread_blocked, id=10056, stack(0x0000000da5300000,0x0000000da5400000)]
  0x000001df22287800 JavaThread "JMX server connection timeout 20" daemon [_thread_blocked, id=12824, stack(0x0000000da5400000,0x0000000da5500000)]
  0x000001df23893000 JavaThread "Catalina-utility-1" [_thread_blocked, id=6140, stack(0x0000000da5500000,0x0000000da5600000)]
  0x000001df238b4800 JavaThread "Catalina-utility-2" [_thread_blocked, id=7296, stack(0x0000000da5900000,0x0000000da5a00000)]
  0x000001df23aed000 JavaThread "container-0" [_thread_blocked, id=17716, stack(0x0000000da5a00000,0x0000000da5b00000)]
  0x000001df23aed800 JavaThread "mysql-cj-abandoned-connection-cleanup" daemon [_thread_blocked, id=15840, stack(0x0000000da5b00000,0x0000000da5c00000)]

Other Threads:
=>0x000001df211d4800 VMThread "VM Thread" [stack: 0x0000000da4300000,0x0000000da4400000] [id=6660]
  0x000001df22251000 WatcherThread [stack: 0x0000000da4f00000,0x0000000da5000000] [id=10528]
  0x000001df0069a000 GCTaskThread "GC Thread#0" [stack: 0x0000000da3e00000,0x0000000da3f00000] [id=17504]
  0x000001df22258800 GCTaskThread "GC Thread#1" [stack: 0x0000000da5100000,0x0000000da5200000] [id=15888]
  0x000001df23450800 GCTaskThread "GC Thread#2" [stack: 0x0000000da5600000,0x0000000da5700000] [id=5288]
  0x000001df2351b000 GCTaskThread "GC Thread#3" [stack: 0x0000000da5700000,0x0000000da5800000] [id=9464]
  0x000001df23c9f800 GCTaskThread "GC Thread#4" [stack: 0x0000000da5c00000,0x0000000da5d00000] [id=9784]
  0x000001df23c1c000 GCTaskThread "GC Thread#5" [stack: 0x0000000da5d00000,0x0000000da5e00000] [id=8808]
  0x000001df23c1d000 GCTaskThread "GC Thread#6" [stack: 0x0000000da5e00000,0x0000000da5f00000] [id=16184]
  0x000001df23cec800 GCTaskThread "GC Thread#7" [stack: 0x0000000da5f00000,0x0000000da6000000] [id=10520]
  0x000001df026dc800 ConcurrentGCThread "G1 Main Marker" [stack: 0x0000000da3f00000,0x0000000da4000000] [id=17536]
  0x000001df026dd800 ConcurrentGCThread "G1 Conc#0" [stack: 0x0000000da4000000,0x0000000da4100000] [id=18300]
  0x000001df23549800 ConcurrentGCThread "G1 Conc#1" [stack: 0x0000000da5800000,0x0000000da5900000] [id=4780]
  0x000001df21031800 ConcurrentGCThread "G1 Refine#0" [stack: 0x0000000da4100000,0x0000000da4200000] [id=8036]
  0x000001df21032000 ConcurrentGCThread "G1 Young RemSet Sampling" [stack: 0x0000000da4200000,0x0000000da4300000] [id=7276]

Threads with active compile tasks:

VM state:at safepoint (normal execution)

VM Mutex/Monitor currently owned by a thread:  ([mutex/lock_event])
[0x000001df02693810] Threads_lock - owner thread: 0x000001df211d4800
[0x000001df02694590] Heap_lock - owner thread: 0x000001df02698000

Heap address: 0x0000000084c00000, size: 1972 MB, Compressed Oops mode: 32-bit
Narrow klass base: 0x0000000000000000, Narrow klass shift: 3
Compressed class space size: 1073741824 Address: 0x0000000100000000

Heap:
 garbage-first heap   total 195584K, used 33978K [0x0000000084c00000, 0x0000000100000000)
  region size 1024K, 6 young (6144K), 6 survivors (6144K)
 Metaspace       used 34966K, capacity 36163K, committed 36480K, reserved 1081344K
  class space    used 4406K, capacity 4905K, committed 4992K, reserved 1048576K
Heap Regions: E=young(eden), S=young(survivor), O=old, HS=humongous(starts), HC=humongous(continues), CS=collection set, F=free, A=archive, TAMS=top-at-mark-start (previous, next)
|   0|0x0000000084c00000, 0x0000000084d00000, 0x0000000084d00000|100%|HS|  |TAMS 0x0000000084d00000, 0x0000000084c00000| Complete 
|   1|0x0000000084d00000, 0x0000000084e00000, 0x0000000084e00000|100%| O|  |TAMS 0x0000000084e00000, 0x0000000084d00000| Untracked 
|   2|0x0000000084e00000, 0x0000000084f00000, 0x0000000084f00000|100%| O|  |TAMS 0x0000000084f00000, 0x0000000084e00000| Untracked 
|   3|0x0000000084f00000, 0x0000000085000000, 0x0000000085000000|100%| O|  |TAMS 0x0000000085000000, 0x0000000084f00000| Untracked 
|   4|0x0000000085000000, 0x0000000085100000, 0x0000000085100000|100%| O|  |TAMS 0x0000000085100000, 0x0000000085000000| Untracked 
|   5|0x0000000085100000, 0x0000000085200000, 0x0000000085200000|100%| O|  |TAMS 0x0000000085200000, 0x0000000085100000| Untracked 
|   6|0x0000000085200000, 0x0000000085300000, 0x0000000085300000|100%| O|  |TAMS 0x0000000085300000, 0x0000000085200000| Untracked 
|   7|0x0000000085300000, 0x0000000085400000, 0x0000000085400000|100%| O|  |TAMS 0x0000000085400000, 0x0000000085300000| Untracked 
|   8|0x0000000085400000, 0x0000000085500000, 0x0000000085500000|100%| O|  |TAMS 0x000000008544cc00, 0x0000000085400000| Untracked 
|   9|0x0000000085500000, 0x0000000085600000, 0x0000000085600000|100%| O|  |TAMS 0x0000000085500000, 0x0000000085500000| Untracked 
|  10|0x0000000085600000, 0x0000000085700000, 0x0000000085700000|100%| O|  |TAMS 0x0000000085600000, 0x0000000085600000| Untracked 
|  11|0x0000000085700000, 0x0000000085800000, 0x0000000085800000|100%| O|  |TAMS 0x0000000085700000, 0x0000000085700000| Untracked 
|  12|0x0000000085800000, 0x0000000085900000, 0x0000000085900000|100%| O|  |TAMS 0x0000000085800000, 0x0000000085800000| Untracked 
|  13|0x0000000085900000, 0x0000000085a00000, 0x0000000085a00000|100%| O|  |TAMS 0x0000000085900000, 0x0000000085900000| Untracked 
|  14|0x0000000085a00000, 0x0000000085b00000, 0x0000000085b00000|100%| O|  |TAMS 0x0000000085a00000, 0x0000000085a00000| Untracked 
|  15|0x0000000085b00000, 0x0000000085c00000, 0x0000000085c00000|100%| O|  |TAMS 0x0000000085b00000, 0x0000000085b00000| Untracked 
|  16|0x0000000085c00000, 0x0000000085d00000, 0x0000000085d00000|100%| O|  |TAMS 0x0000000085c00000, 0x0000000085c00000| Untracked 
|  17|0x0000000085d00000, 0x0000000085e00000, 0x0000000085e00000|100%| O|  |TAMS 0x0000000085d00000, 0x0000000085d00000| Untracked 
|  18|0x0000000085e00000, 0x0000000085f00000, 0x0000000085f00000|100%| O|  |TAMS 0x0000000085e00000, 0x0000000085e00000| Untracked 
|  19|0x0000000085f00000, 0x0000000086000000, 0x0000000086000000|100%| O|  |TAMS 0x0000000085f00000, 0x0000000085f00000| Untracked 
|  20|0x0000000086000000, 0x0000000086100000, 0x0000000086100000|100%| O|  |TAMS 0x0000000086000000, 0x0000000086000000| Untracked 
|  21|0x0000000086100000, 0x0000000086200000, 0x0000000086200000|100%| O|  |TAMS 0x0000000086100000, 0x0000000086100000| Untracked 
|  22|0x0000000086200000, 0x0000000086300000, 0x0000000086300000|100%| O|  |TAMS 0x0000000086200000, 0x0000000086200000| Untracked 
|  23|0x0000000086300000, 0x0000000086400000, 0x0000000086400000|100%| O|  |TAMS 0x0000000086300000, 0x0000000086300000| Untracked 
|  24|0x0000000086400000, 0x0000000086500000, 0x0000000086500000|100%| O|  |TAMS 0x0000000086400000, 0x0000000086400000| Untracked 
|  25|0x0000000086500000, 0x0000000086600000, 0x0000000086600000|100%| O|  |TAMS 0x0000000086500000, 0x0000000086500000| Untracked 
|  26|0x0000000086600000, 0x0000000086700000, 0x0000000086700000|100%| O|  |TAMS 0x0000000086600000, 0x0000000086600000| Untracked 
|  27|0x0000000086700000, 0x0000000086800000, 0x0000000086800000|100%| O|  |TAMS 0x0000000086700000, 0x0000000086700000| Untracked 
|  28|0x0000000086800000, 0x0000000086800000, 0x0000000086900000|  0%| F|  |TAMS 0x0000000086800000, 0x0000000086800000| Untracked 
|  29|0x0000000086900000, 0x0000000086900000, 0x0000000086a00000|  0%| F|  |TAMS 0x0000000086900000, 0x0000000086900000| Untracked 
|  30|0x0000000086a00000, 0x0000000086a00000, 0x0000000086b00000|  0%| F|  |TAMS 0x0000000086a00000, 0x0000000086a00000| Untracked 
|  31|0x0000000086b00000, 0x0000000086b00000, 0x0000000086c00000|  0%| F|  |TAMS 0x0000000086b00000, 0x0000000086b00000| Untracked 
|  32|0x0000000086c00000, 0x0000000086c00000, 0x0000000086d00000|  0%| F|  |TAMS 0x0000000086c00000, 0x0000000086c00000| Untracked 
|  33|0x0000000086d00000, 0x0000000086d00000, 0x0000000086e00000|  0%| F|  |TAMS 0x0000000086d00000, 0x0000000086d00000| Untracked 
|  34|0x0000000086e00000, 0x0000000086e00000, 0x0000000086f00000|  0%| F|  |TAMS 0x0000000086e00000, 0x0000000086e00000| Untracked 
|  35|0x0000000086f00000, 0x0000000086f00000, 0x0000000087000000|  0%| F|  |TAMS 0x0000000086f00000, 0x0000000086f00000| Untracked 
|  36|0x0000000087000000, 0x0000000087000000, 0x0000000087100000|  0%| F|  |TAMS 0x0000000087000000, 0x0000000087000000| Untracked 
|  37|0x0000000087100000, 0x0000000087100000, 0x0000000087200000|  0%| F|  |TAMS 0x0000000087100000, 0x0000000087100000| Untracked 
|  38|0x0000000087200000, 0x0000000087200000, 0x0000000087300000|  0%| F|  |TAMS 0x0000000087200000, 0x0000000087200000| Untracked 
|  39|0x0000000087300000, 0x0000000087300000, 0x0000000087400000|  0%| F|  |TAMS 0x0000000087300000, 0x0000000087300000| Untracked 
|  40|0x0000000087400000, 0x0000000087400000, 0x0000000087500000|  0%| F|  |TAMS 0x0000000087400000, 0x0000000087400000| Untracked 
|  41|0x0000000087500000, 0x0000000087500000, 0x0000000087600000|  0%| F|  |TAMS 0x0000000087500000, 0x0000000087500000| Untracked 
|  42|0x0000000087600000, 0x0000000087600000, 0x0000000087700000|  0%| F|  |TAMS 0x0000000087600000, 0x0000000087600000| Untracked 
|  43|0x0000000087700000, 0x0000000087700000, 0x0000000087800000|  0%| F|  |TAMS 0x0000000087700000, 0x0000000087700000| Untracked 
|  44|0x0000000087800000, 0x0000000087800000, 0x0000000087900000|  0%| F|  |TAMS 0x0000000087800000, 0x0000000087800000| Untracked 
|  45|0x0000000087900000, 0x0000000087900000, 0x0000000087a00000|  0%| F|  |TAMS 0x0000000087900000, 0x0000000087900000| Untracked 
|  46|0x0000000087a00000, 0x0000000087a00000, 0x0000000087b00000|  0%| F|  |TAMS 0x0000000087a00000, 0x0000000087a00000| Untracked 
|  47|0x0000000087b00000, 0x0000000087b00000, 0x0000000087c00000|  0%| F|  |TAMS 0x0000000087b00000, 0x0000000087b00000| Untracked 
|  48|0x0000000087c00000, 0x0000000087c00000, 0x0000000087d00000|  0%| F|  |TAMS 0x0000000087c00000, 0x0000000087c00000| Untracked 
|  49|0x0000000087d00000, 0x0000000087d00000, 0x0000000087e00000|  0%| F|  |TAMS 0x0000000087d00000, 0x0000000087d00000| Untracked 
|  50|0x0000000087e00000, 0x0000000087e00000, 0x0000000087f00000|  0%| F|  |TAMS 0x0000000087e00000, 0x0000000087e00000| Untracked 
|  51|0x0000000087f00000, 0x0000000087f00000, 0x0000000088000000|  0%| F|  |TAMS 0x0000000087f00000, 0x0000000087f00000| Untracked 
|  52|0x0000000088000000, 0x0000000088000000, 0x0000000088100000|  0%| F|  |TAMS 0x0000000088000000, 0x0000000088000000| Untracked 
|  53|0x0000000088100000, 0x0000000088100000, 0x0000000088200000|  0%| F|  |TAMS 0x0000000088100000, 0x0000000088100000| Untracked 
|  54|0x0000000088200000, 0x0000000088200000, 0x0000000088300000|  0%| F|  |TAMS 0x0000000088200000, 0x0000000088200000| Untracked 
|  55|0x0000000088300000, 0x0000000088300000, 0x0000000088400000|  0%| F|  |TAMS 0x0000000088300000, 0x0000000088300000| Untracked 
|  56|0x0000000088400000, 0x0000000088400000, 0x0000000088500000|  0%| F|  |TAMS 0x0000000088400000, 0x0000000088400000| Untracked 
|  57|0x0000000088500000, 0x0000000088500000, 0x0000000088600000|  0%| F|  |TAMS 0x0000000088500000, 0x0000000088500000| Untracked 
|  58|0x0000000088600000, 0x0000000088600000, 0x0000000088700000|  0%| F|  |TAMS 0x0000000088600000, 0x0000000088600000| Untracked 
|  59|0x0000000088700000, 0x0000000088700000, 0x0000000088800000|  0%| F|  |TAMS 0x0000000088700000, 0x0000000088700000| Untracked 
|  60|0x0000000088800000, 0x0000000088800000, 0x0000000088900000|  0%| F|  |TAMS 0x0000000088800000, 0x0000000088800000| Untracked 
|  61|0x0000000088900000, 0x0000000088900000, 0x0000000088a00000|  0%| F|  |TAMS 0x0000000088900000, 0x0000000088900000| Untracked 
|  62|0x0000000088a00000, 0x0000000088a00000, 0x0000000088b00000|  0%| F|  |TAMS 0x0000000088a00000, 0x0000000088a00000| Untracked 
|  63|0x0000000088b00000, 0x0000000088b2e968, 0x0000000088c00000| 18%| S|CS|TAMS 0x0000000088b00000, 0x0000000088b00000| Complete 
|  64|0x0000000088c00000, 0x0000000088d00000, 0x0000000088d00000|100%| S|CS|TAMS 0x0000000088c00000, 0x0000000088c00000| Complete 
|  65|0x0000000088d00000, 0x0000000088e00000, 0x0000000088e00000|100%| S|CS|TAMS 0x0000000088d00000, 0x0000000088d00000| Complete 
|  66|0x0000000088e00000, 0x0000000088f00000, 0x0000000088f00000|100%| S|CS|TAMS 0x0000000088e00000, 0x0000000088e00000| Complete 
|  67|0x0000000088f00000, 0x0000000089000000, 0x0000000089000000|100%| S|CS|TAMS 0x0000000088f00000, 0x0000000088f00000| Complete 
|  68|0x0000000089000000, 0x0000000089000000, 0x0000000089100000|  0%| F|  |TAMS 0x0000000089000000, 0x0000000089000000| Untracked 
|  69|0x0000000089100000, 0x0000000089100000, 0x0000000089200000|  0%| F|  |TAMS 0x0000000089100000, 0x0000000089100000| Untracked 
|  70|0x0000000089200000, 0x0000000089200000, 0x0000000089300000|  0%| F|  |TAMS 0x0000000089200000, 0x0000000089200000| Untracked 
|  71|0x0000000089300000, 0x0000000089300000, 0x0000000089400000|  0%| F|  |TAMS 0x0000000089300000, 0x0000000089300000| Untracked 
|  72|0x0000000089400000, 0x0000000089400000, 0x0000000089500000|  0%| F|  |TAMS 0x0000000089400000, 0x0000000089400000| Untracked 
|  73|0x0000000089500000, 0x0000000089500000, 0x0000000089600000|  0%| F|  |TAMS 0x0000000089500000, 0x0000000089500000| Untracked 
|  74|0x0000000089600000, 0x0000000089700000, 0x0000000089700000|100%| S|CS|TAMS 0x0000000089600000, 0x0000000089600000| Complete 
|  75|0x0000000089700000, 0x0000000089700000, 0x0000000089800000|  0%| F|  |TAMS 0x0000000089700000, 0x0000000089700000| Untracked 
|  76|0x0000000089800000, 0x0000000089800000, 0x0000000089900000|  0%| F|  |TAMS 0x0000000089800000, 0x0000000089800000| Untracked 
|  77|0x0000000089900000, 0x0000000089900000, 0x0000000089a00000|  0%| F|  |TAMS 0x0000000089900000, 0x0000000089900000| Untracked 
|  78|0x0000000089a00000, 0x0000000089a00000, 0x0000000089b00000|  0%| F|  |TAMS 0x0000000089a00000, 0x0000000089a00000| Untracked 
|  79|0x0000000089b00000, 0x0000000089b00000, 0x0000000089c00000|  0%| F|  |TAMS 0x0000000089b00000, 0x0000000089b00000| Untracked 
|  80|0x0000000089c00000, 0x0000000089c00000, 0x0000000089d00000|  0%| F|  |TAMS 0x0000000089c00000, 0x0000000089c00000| Untracked 
|  81|0x0000000089d00000, 0x0000000089d00000, 0x0000000089e00000|  0%| F|  |TAMS 0x0000000089d00000, 0x0000000089d00000| Untracked 
|  82|0x0000000089e00000, 0x0000000089e00000, 0x0000000089f00000|  0%| F|  |TAMS 0x0000000089e00000, 0x0000000089e00000| Untracked 
|  83|0x0000000089f00000, 0x0000000089f00000, 0x000000008a000000|  0%| F|  |TAMS 0x0000000089f00000, 0x0000000089f00000| Untracked 
|  84|0x000000008a000000, 0x000000008a000000, 0x000000008a100000|  0%| F|  |TAMS 0x000000008a000000, 0x000000008a000000| Untracked 
|  85|0x000000008a100000, 0x000000008a100000, 0x000000008a200000|  0%| F|  |TAMS 0x000000008a100000, 0x000000008a100000| Untracked 
|  86|0x000000008a200000, 0x000000008a200000, 0x000000008a300000|  0%| F|  |TAMS 0x000000008a200000, 0x000000008a200000| Untracked 
|  87|0x000000008a300000, 0x000000008a300000, 0x000000008a400000|  0%| F|  |TAMS 0x000000008a300000, 0x000000008a300000| Untracked 
|  88|0x000000008a400000, 0x000000008a400000, 0x000000008a500000|  0%| F|  |TAMS 0x000000008a400000, 0x000000008a400000| Untracked 
|  89|0x000000008a500000, 0x000000008a500000, 0x000000008a600000|  0%| F|  |TAMS 0x000000008a500000, 0x000000008a500000| Untracked 
|  90|0x000000008a600000, 0x000000008a600000, 0x000000008a700000|  0%| F|  |TAMS 0x000000008a600000, 0x000000008a600000| Untracked 
|  91|0x000000008a700000, 0x000000008a700000, 0x000000008a800000|  0%| F|  |TAMS 0x000000008a700000, 0x000000008a700000| Untracked 
|  92|0x000000008a800000, 0x000000008a800000, 0x000000008a900000|  0%| F|  |TAMS 0x000000008a800000, 0x000000008a800000| Untracked 
|  93|0x000000008a900000, 0x000000008a900000, 0x000000008aa00000|  0%| F|  |TAMS 0x000000008a900000, 0x000000008a900000| Untracked 
|  94|0x000000008aa00000, 0x000000008aa00000, 0x000000008ab00000|  0%| F|  |TAMS 0x000000008aa00000, 0x000000008aa00000| Untracked 
|  95|0x000000008ab00000, 0x000000008ab00000, 0x000000008ac00000|  0%| F|  |TAMS 0x000000008ab00000, 0x000000008ab00000| Untracked 
|  96|0x000000008ac00000, 0x000000008ac00000, 0x000000008ad00000|  0%| F|  |TAMS 0x000000008ac00000, 0x000000008ac00000| Untracked 
|  97|0x000000008ad00000, 0x000000008ad00000, 0x000000008ae00000|  0%| F|  |TAMS 0x000000008ad00000, 0x000000008ad00000| Untracked 
|  98|0x000000008ae00000, 0x000000008ae00000, 0x000000008af00000|  0%| F|  |TAMS 0x000000008ae00000, 0x000000008ae00000| Untracked 
|  99|0x000000008af00000, 0x000000008af00000, 0x000000008b000000|  0%| F|  |TAMS 0x000000008af00000, 0x000000008af00000| Untracked 
| 100|0x000000008b000000, 0x000000008b000000, 0x000000008b100000|  0%| F|  |TAMS 0x000000008b000000, 0x000000008b000000| Untracked 
| 101|0x000000008b100000, 0x000000008b100000, 0x000000008b200000|  0%| F|  |TAMS 0x000000008b100000, 0x000000008b100000| Untracked 
| 102|0x000000008b200000, 0x000000008b200000, 0x000000008b300000|  0%| F|  |TAMS 0x000000008b200000, 0x000000008b200000| Untracked 
| 103|0x000000008b300000, 0x000000008b300000, 0x000000008b400000|  0%| F|  |TAMS 0x000000008b300000, 0x000000008b300000| Untracked 
| 104|0x000000008b400000, 0x000000008b400000, 0x000000008b500000|  0%| F|  |TAMS 0x000000008b400000, 0x000000008b400000| Untracked 
| 105|0x000000008b500000, 0x000000008b500000, 0x000000008b600000|  0%| F|  |TAMS 0x000000008b500000, 0x000000008b500000| Untracked 
| 106|0x000000008b600000, 0x000000008b600000, 0x000000008b700000|  0%| F|  |TAMS 0x000000008b600000, 0x000000008b600000| Untracked 
| 107|0x000000008b700000, 0x000000008b700000, 0x000000008b800000|  0%| F|  |TAMS 0x000000008b700000, 0x000000008b700000| Untracked 
| 108|0x000000008b800000, 0x000000008b800000, 0x000000008b900000|  0%| F|  |TAMS 0x000000008b800000, 0x000000008b800000| Untracked 
| 109|0x000000008b900000, 0x000000008b900000, 0x000000008ba00000|  0%| F|  |TAMS 0x000000008b900000, 0x000000008b900000| Untracked 
| 110|0x000000008ba00000, 0x000000008ba00000, 0x000000008bb00000|  0%| F|  |TAMS 0x000000008ba00000, 0x000000008ba00000| Untracked 
| 111|0x000000008bb00000, 0x000000008bb00000, 0x000000008bc00000|  0%| F|  |TAMS 0x000000008bb00000, 0x000000008bb00000| Untracked 
| 112|0x000000008bc00000, 0x000000008bc00000, 0x000000008bd00000|  0%| F|  |TAMS 0x000000008bc00000, 0x000000008bc00000| Untracked 
| 113|0x000000008bd00000, 0x000000008bd00000, 0x000000008be00000|  0%| F|  |TAMS 0x000000008bd00000, 0x000000008bd00000| Untracked 
| 114|0x000000008be00000, 0x000000008be00000, 0x000000008bf00000|  0%| F|  |TAMS 0x000000008be00000, 0x000000008be00000| Untracked 
| 115|0x000000008bf00000, 0x000000008bf00000, 0x000000008c000000|  0%| F|  |TAMS 0x000000008bf00000, 0x000000008bf00000| Untracked 
| 116|0x000000008c000000, 0x000000008c000000, 0x000000008c100000|  0%| F|  |TAMS 0x000000008c000000, 0x000000008c000000| Untracked 
| 117|0x000000008c100000, 0x000000008c100000, 0x000000008c200000|  0%| F|  |TAMS 0x000000008c100000, 0x000000008c100000| Untracked 
| 118|0x000000008c200000, 0x000000008c200000, 0x000000008c300000|  0%| F|  |TAMS 0x000000008c200000, 0x000000008c200000| Untracked 
| 119|0x000000008c300000, 0x000000008c300000, 0x000000008c400000|  0%| F|  |TAMS 0x000000008c300000, 0x000000008c300000| Untracked 
| 120|0x000000008c400000, 0x000000008c400000, 0x000000008c500000|  0%| F|  |TAMS 0x000000008c400000, 0x000000008c400000| Untracked 
| 121|0x000000008c500000, 0x000000008c500000, 0x000000008c600000|  0%| F|  |TAMS 0x000000008c500000, 0x000000008c500000| Untracked 
| 122|0x000000008c600000, 0x000000008c600000, 0x000000008c700000|  0%| F|  |TAMS 0x000000008c600000, 0x000000008c600000| Untracked 
| 123|0x000000008c700000, 0x000000008c700000, 0x000000008c800000|  0%| F|  |TAMS 0x000000008c700000, 0x000000008c700000| Untracked 
| 124|0x000000008c800000, 0x000000008c800000, 0x000000008c900000|  0%| F|  |TAMS 0x000000008c800000, 0x000000008c800000| Untracked 
| 125|0x000000008c900000, 0x000000008c900000, 0x000000008ca00000|  0%| F|  |TAMS 0x000000008c900000, 0x000000008c900000| Untracked 
| 126|0x000000008ca00000, 0x000000008ca00000, 0x000000008cb00000|  0%| F|  |TAMS 0x000000008ca00000, 0x000000008ca00000| Untracked 
| 127|0x000000008cb00000, 0x000000008cb00000, 0x000000008cc00000|  0%| F|  |TAMS 0x000000008cb00000, 0x000000008cb00000| Untracked 
| 128|0x000000008cc00000, 0x000000008cc00000, 0x000000008cd00000|  0%| F|  |TAMS 0x000000008cc00000, 0x000000008cc00000| Untracked 
| 129|0x000000008cd00000, 0x000000008cd00000, 0x000000008ce00000|  0%| F|  |TAMS 0x000000008cd00000, 0x000000008cd00000| Untracked 
| 130|0x000000008ce00000, 0x000000008ce00000, 0x000000008cf00000|  0%| F|  |TAMS 0x000000008ce00000, 0x000000008ce00000| Untracked 
| 131|0x000000008cf00000, 0x000000008cf00000, 0x000000008d000000|  0%| F|  |TAMS 0x000000008cf00000, 0x000000008cf00000| Untracked 
| 132|0x000000008d000000, 0x000000008d000000, 0x000000008d100000|  0%| F|  |TAMS 0x000000008d000000, 0x000000008d000000| Untracked 
| 133|0x000000008d100000, 0x000000008d100000, 0x000000008d200000|  0%| F|  |TAMS 0x000000008d100000, 0x000000008d100000| Untracked 
| 134|0x000000008d200000, 0x000000008d200000, 0x000000008d300000|  0%| F|  |TAMS 0x000000008d200000, 0x000000008d200000| Untracked 
| 135|0x000000008d300000, 0x000000008d300000, 0x000000008d400000|  0%| F|  |TAMS 0x000000008d300000, 0x000000008d300000| Untracked 
| 136|0x000000008d400000, 0x000000008d400000, 0x000000008d500000|  0%| F|  |TAMS 0x000000008d400000, 0x000000008d400000| Untracked 
| 137|0x000000008d500000, 0x000000008d500000, 0x000000008d600000|  0%| F|  |TAMS 0x000000008d500000, 0x000000008d500000| Untracked 
| 138|0x000000008d600000, 0x000000008d600000, 0x000000008d700000|  0%| F|  |TAMS 0x000000008d600000, 0x000000008d600000| Untracked 
| 139|0x000000008d700000, 0x000000008d700000, 0x000000008d800000|  0%| F|  |TAMS 0x000000008d700000, 0x000000008d700000| Untracked 
| 140|0x000000008d800000, 0x000000008d800000, 0x000000008d900000|  0%| F|  |TAMS 0x000000008d800000, 0x000000008d800000| Untracked 
| 141|0x000000008d900000, 0x000000008d900000, 0x000000008da00000|  0%| F|  |TAMS 0x000000008d900000, 0x000000008d900000| Untracked 
| 142|0x000000008da00000, 0x000000008da00000, 0x000000008db00000|  0%| F|  |TAMS 0x000000008da00000, 0x000000008da00000| Untracked 
| 143|0x000000008db00000, 0x000000008db00000, 0x000000008dc00000|  0%| F|  |TAMS 0x000000008db00000, 0x000000008db00000| Untracked 
| 144|0x000000008dc00000, 0x000000008dc00000, 0x000000008dd00000|  0%| F|  |TAMS 0x000000008dc00000, 0x000000008dc00000| Untracked 
| 145|0x000000008dd00000, 0x000000008dd00000, 0x000000008de00000|  0%| F|  |TAMS 0x000000008dd00000, 0x000000008dd00000| Untracked 
| 146|0x000000008de00000, 0x000000008de00000, 0x000000008df00000|  0%| F|  |TAMS 0x000000008de00000, 0x000000008de00000| Untracked 
| 147|0x000000008df00000, 0x000000008df00000, 0x000000008e000000|  0%| F|  |TAMS 0x000000008df00000, 0x000000008df00000| Untracked 
| 148|0x000000008e000000, 0x000000008e000000, 0x000000008e100000|  0%| F|  |TAMS 0x000000008e000000, 0x000000008e000000| Untracked 

Card table byte_map: [0x000001df1a220000,0x000001df1a600000] _byte_map_base: 0x000001df19dfa000

Marking Bits (Prev, Next): (CMBitMap*) 0x000001df026d3008, (CMBitMap*) 0x000001df026d3040
 Prev Bits: [0x000001df1a9e0000, 0x000001df1c8b0000)
 Next Bits: [0x000001df1c8b0000, 0x000001df1e780000)

Polling page: 0x000001df01e70000

Metaspace:

Usage:
  Non-class:     30.53 MB capacity,    29.84 MB ( 98%) used,   564.89 KB (  2%) free+waste,   133.00 KB ( <1%) overhead. 
      Class:      4.79 MB capacity,     4.30 MB ( 90%) used,   432.03 KB (  9%) free+waste,    66.81 KB (  1%) overhead. 
       Both:     35.32 MB capacity,    34.15 MB ( 97%) used,   996.92 KB (  3%) free+waste,   199.81 KB ( <1%) overhead. 

Virtual space:
  Non-class space:       32.00 MB reserved,      30.75 MB ( 96%) committed 
      Class space:        1.00 GB reserved,       4.88 MB ( <1%) committed 
             Both:        1.03 GB reserved,      35.63 MB (  3%) committed 

Chunk freelists:
   Non-Class:  4.75 KB
       Class:  2.88 KB
        Both:  7.63 KB

CodeHeap 'non-profiled nmethods': size=238336Kb used=5751Kb max_used=5751Kb free=232584Kb
 bounds [0x000001df0b250000, 0x000001df0b7f0000, 0x000001df19b10000]
CodeHeap 'non-nmethods': size=7424Kb used=1175Kb max_used=1175Kb free=6248Kb
 bounds [0x000001df0ab10000, 0x000001df0ad80000, 0x000001df0b250000]
 total_blobs=4051 nmethods=3560 adapters=416
 compilation: enabled
              stopped_count=0, restarted_count=0
 full_count=0

Compilation events (10 events):
Event: 2.583 Thread 0x000001df21a5e800 3557       1       java.io.ObjectStreamClass$WeakClassKey::<init> (15 bytes)
Event: 2.583 Thread 0x000001df21a5e800 nmethod 3557 0x000001df0b7ebc10 code [0x000001df0b7ebdc0, 0x000001df0b7ebfd0]
Event: 2.583 Thread 0x000001df21a5e800 3556       1       java.io.ObjectOutputStream$BlockDataOutputStream::writeUTF (46 bytes)
Event: 2.584 Thread 0x000001df21a5e800 nmethod 3556 0x000001df0b7ec090 code [0x000001df0b7ec260, 0x000001df0b7ec4a0]
Event: 2.584 Thread 0x000001df21a5e800 3558       1       java.io.ObjectStreamClass::forClass (52 bytes)
Event: 2.584 Thread 0x000001df21a5e800 nmethod 3558 0x000001df0b7ec610 code [0x000001df0b7ec840, 0x000001df0b7ece80]
Event: 2.584 Thread 0x000001df21a5e800 3559       1       java.io.ObjectOutputStream::writeString (74 bytes)
Event: 2.585 Thread 0x000001df21a5e800 nmethod 3559 0x000001df0b7ed290 code [0x000001df0b7ed4a0, 0x000001df0b7ed8a0]
Event: 2.585 Thread 0x000001df21a5e800 3560       1       java.lang.Long::longValue (5 bytes)
Event: 2.585 Thread 0x000001df21a5e800 nmethod 3560 0x000001df0b7edc10 code [0x000001df0b7edda0, 0x000001df0b7edeb8]

GC Heap History (10 events):
Event: 1.365 GC heap after
{Heap after GC invocations=5 (full 0):
 garbage-first heap   total 126976K, used 10457K [0x0000000084c00000, 0x0000000100000000)
  region size 1024K, 5 young (5120K), 5 survivors (5120K)
 Metaspace       used 25159K, capacity 26082K, committed 26240K, reserved 1073152K
  class space    used 3052K, capacity 3427K, committed 3456K, reserved 1048576K
}
Event: 1.857 GC heap before
{Heap before GC invocations=5 (full 0):
 garbage-first heap   total 126976K, used 66777K [0x0000000084c00000, 0x0000000100000000)
  region size 1024K, 61 young (62464K), 5 survivors (5120K)
 Metaspace       used 31245K, capacity 32403K, committed 32512K, reserved 1077248K
  class space    used 3862K, capacity 4315K, committed 4352K, reserved 1048576K
}
Event: 1.875 GC heap after
{Heap after GC invocations=6 (full 0):
 garbage-first heap   total 152576K, used 14036K [0x0000000084c00000, 0x0000000100000000)
  region size 1024K, 6 young (6144K), 6 survivors (6144K)
 Metaspace       used 31245K, capacity 32403K, committed 32512K, reserved 1077248K
  class space    used 3862K, capacity 4315K, committed 4352K, reserved 1048576K
}
Event: 2.120 GC heap before
{Heap before GC invocations=6 (full 0):
 garbage-first heap   total 152576K, used 65236K [0x0000000084c00000, 0x0000000100000000)
  region size 1024K, 58 young (59392K), 6 survivors (6144K)
 Metaspace       used 34658K, capacity 35804K, committed 35968K, reserved 1081344K
  class space    used 4356K, capacity 4872K, committed 4992K, reserved 1048576K
}
Event: 2.126 GC heap after
{Heap after GC invocations=7 (full 0):
 garbage-first heap   total 152576K, used 14572K [0x0000000084c00000, 0x0000000100000000)
  region size 1024K, 6 young (6144K), 6 survivors (6144K)
 Metaspace       used 34658K, capacity 35804K, committed 35968K, reserved 1081344K
  class space    used 4356K, capacity 4872K, committed 4992K, reserved 1048576K
}
Event: 2.298 GC heap before
{Heap before GC invocations=8 (full 0):
 garbage-first heap   total 152576K, used 91372K [0x0000000084c00000, 0x0000000100000000)
  region size 1024K, 81 young (82944K), 6 survivors (6144K)
 Metaspace       used 34963K, capacity 36163K, committed 36480K, reserved 1081344K
  class space    used 4404K, capacity 4905K, committed 4992K, reserved 1048576K
}
Event: 2.305 GC heap after
{Heap after GC invocations=9 (full 0):
 garbage-first heap   total 152576K, used 21415K [0x0000000084c00000, 0x0000000100000000)
  region size 1024K, 11 young (11264K), 11 survivors (11264K)
 Metaspace       used 34963K, capacity 36163K, committed 36480K, reserved 1081344K
  class space    used 4404K, capacity 4905K, committed 4992K, reserved 1048576K
}
Event: 2.422 GC heap before
{Heap before GC invocations=9 (full 0):
 garbage-first heap   total 152576K, used 98215K [0x0000000084c00000, 0x0000000100000000)
  region size 1024K, 86 young (88064K), 11 survivors (11264K)
 Metaspace       used 34964K, capacity 36163K, committed 36480K, reserved 1081344K
  class space    used 4404K, capacity 4905K, committed 4992K, reserved 1048576K
}
Event: 2.431 GC heap after
{Heap after GC invocations=10 (full 0):
 garbage-first heap   total 152576K, used 28889K [0x0000000084c00000, 0x0000000100000000)
  region size 1024K, 8 young (8192K), 8 survivors (8192K)
 Metaspace       used 34964K, capacity 36163K, committed 36480K, reserved 1081344K
  class space    used 4404K, capacity 4905K, committed 4992K, reserved 1048576K
}
Event: 2.670 GC heap before
{Heap before GC invocations=10 (full 0):
 garbage-first heap   total 152576K, used 104665K [0x0000000084c00000, 0x0000000100000000)
  region size 1024K, 82 young (83968K), 8 survivors (8192K)
 Metaspace       used 34966K, capacity 36163K, committed 36480K, reserved 1081344K
  class space    used 4406K, capacity 4905K, committed 4992K, reserved 1048576K
}

Deoptimization events (0 events):
No events

Classes redefined (0 events):
No events

Internal exceptions (10 events):
Event: 1.716 Thread 0x000001df02698000 Exception <a 'java/lang/NoSuchMethodError'{0x000000008a672ac8}: java.lang.invoke.DirectMethodHandle$Holder.invokeInterface(Ljava/lang/Object;Ljava/lang/Object;I)V> (0x000000008a672ac8) thrown at [./open/src/hotspot/share/interpreter/linkResolver.cpp, line
Event: 1.719 Thread 0x000001df02698000 Exception <a 'java/lang/IncompatibleClassChangeError'{0x000000008a6be240}: Found class java.lang.Object, but interface was expected> (0x000000008a6be240) thrown at [./open/src/hotspot/share/interpreter/linkResolver.cpp, line 838]
Event: 1.719 Thread 0x000001df02698000 Exception <a 'java/lang/NoSuchMethodError'{0x000000008a6c30e0}: java.lang.invoke.DirectMethodHandle$Holder.invokeStatic(Ljava/lang/Object;ILjava/lang/Object;)V> (0x000000008a6c30e0) thrown at [./open/src/hotspot/share/interpreter/linkResolver.cpp, line 77
Event: 1.921 Thread 0x000001df02698000 Exception <a 'java/io/FileNotFoundException'{0x000000008c16ae68}> (0x000000008c16ae68) thrown at [./open/src/hotspot/share/prims/jni.cpp, line 611]
Event: 1.942 Thread 0x000001df02698000 Exception <a 'java/lang/NoSuchMethodError'{0x000000008bf93738}: java.lang.invoke.DirectMethodHandle$Holder.invokeInterface(Ljava/lang/Object;Ljava/lang/Object;Ljava/lang/Object;Ljava/lang/Object;)I> (0x000000008bf93738) thrown at [./open/src/hotspot/share
Event: 1.966 Thread 0x000001df02698000 Exception <a 'java/io/FileNotFoundException'{0x000000008bdeafa8}> (0x000000008bdeafa8) thrown at [./open/src/hotspot/share/prims/jni.cpp, line 611]
Event: 2.073 Thread 0x000001df222a4000 Exception <a 'java/lang/reflect/InvocationTargetException'{0x000000008b283db8}> (0x000000008b283db8) thrown at [./open/src/hotspot/share/runtime/reflection.cpp, line 1242]
Event: 2.149 Thread 0x000001df02698000 Exception <a 'java/io/FileNotFoundException'{0x000000008dfd0de0}> (0x000000008dfd0de0) thrown at [./open/src/hotspot/share/prims/jni.cpp, line 611]
Event: 2.149 Thread 0x000001df02698000 Exception <a 'java/io/FileNotFoundException'{0x000000008dfd2348}> (0x000000008dfd2348) thrown at [./open/src/hotspot/share/prims/jni.cpp, line 611]
Event: 2.581 Thread 0x000001df222a4000 Exception <a 'java/lang/reflect/InvocationTargetException'{0x000000008ab01df8}> (0x000000008ab01df8) thrown at [./open/src/hotspot/share/runtime/reflection.cpp, line 1242]

Events (10 events):
Event: 2.536 loading class javax/annotation$Nullable done
Event: 2.536 loading class javax/annotation/Nonnull
Event: 2.536 loading class javax/annotation/Nonnull done
Event: 2.536 loading class javax/annotation$Nonnull
Event: 2.536 loading class javax/annotation$Nonnull done
Event: 2.536 loading class javax/annotation/Nonnull
Event: 2.536 loading class javax/annotation/Nonnull done
Event: 2.536 loading class javax/annotation$Nonnull
Event: 2.536 loading class javax/annotation$Nonnull done
Event: 2.669 Executing VM operation: G1CollectForAllocation


Dynamic libraries:
0x00007ff7f0b70000 - 0x00007ff7f0b7f000 	C:\Program Files\Java\jdk-11.0.9\bin\javaw.exe
0x00007ff8d7230000 - 0x00007ff8d7426000 	C:\WINDOWS\SYSTEM32\ntdll.dll
0x00007ff8d5a90000 - 0x00007ff8d5b4d000 	C:\WINDOWS\System32\KERNEL32.DLL
0x00007ff8d4c30000 - 0x00007ff8d4ef9000 	C:\WINDOWS\System32\KERNELBASE.dll
0x00007ff8d49d0000 - 0x00007ff8d4ad0000 	C:\WINDOWS\System32\ucrtbase.dll
0x00007ff8baa10000 - 0x00007ff8baa28000 	C:\Program Files\Java\jdk-11.0.9\bin\jli.dll
0x00007ff8ba840000 - 0x00007ff8ba855000 	C:\Program Files\Java\jdk-11.0.9\bin\VCRUNTIME140.dll
0x00007ff8d5bf0000 - 0x00007ff8d5c9c000 	C:\WINDOWS\System32\ADVAPI32.dll
0x00007ff8d5690000 - 0x00007ff8d572e000 	C:\WINDOWS\System32\msvcrt.dll
0x00007ff8d5ca0000 - 0x00007ff8d5d3c000 	C:\WINDOWS\System32\sechost.dll
0x00007ff8d5da0000 - 0x00007ff8d5ecb000 	C:\WINDOWS\System32\RPCRT4.dll
0x00007ff8d54e0000 - 0x00007ff8d5680000 	C:\WINDOWS\System32\USER32.dll
0x00007ff8d4970000 - 0x00007ff8d4992000 	C:\WINDOWS\System32\win32u.dll
0x00007ff8d6850000 - 0x00007ff8d687a000 	C:\WINDOWS\System32\GDI32.dll
0x00007ff8b5fd0000 - 0x00007ff8b626b000 	C:\WINDOWS\WinSxS\amd64_microsoft.windows.common-controls_6595b64144ccf1df_6.0.19041.488_none_ca04af081b815d21\COMCTL32.dll
0x00007ff8d50d0000 - 0x00007ff8d51d9000 	C:\WINDOWS\System32\gdi32full.dll
0x00007ff8d4fb0000 - 0x00007ff8d504d000 	C:\WINDOWS\System32\msvcp_win.dll
0x00007ff8cc8a0000 - 0x00007ff8cc8aa000 	C:\WINDOWS\SYSTEM32\VERSION.dll
0x00007ff8d5b50000 - 0x00007ff8d5b80000 	C:\WINDOWS\System32\IMM32.DLL
0x00007ff8a4280000 - 0x00007ff8a431b000 	C:\Program Files\Java\jdk-11.0.9\bin\msvcp140.dll
0x00007ff891490000 - 0x00007ff891f87000 	C:\Program Files\Java\jdk-11.0.9\bin\server\jvm.dll
0x00007ff8d6e10000 - 0x00007ff8d6e18000 	C:\WINDOWS\System32\PSAPI.DLL
0x00007ff8baa60000 - 0x00007ff8baa87000 	C:\WINDOWS\SYSTEM32\WINMM.dll
0x00007ff8ce880000 - 0x00007ff8ce889000 	C:\WINDOWS\SYSTEM32\WSOCK32.dll
0x00007ff8d5b80000 - 0x00007ff8d5beb000 	C:\WINDOWS\System32\WS2_32.dll
0x00007ff8d3250000 - 0x00007ff8d3262000 	C:\WINDOWS\SYSTEM32\kernel.appcore.dll
0x00007ff8c1b40000 - 0x00007ff8c1b50000 	C:\Program Files\Java\jdk-11.0.9\bin\verify.dll
0x00007ff8d3030000 - 0x00007ff8d3214000 	C:\WINDOWS\SYSTEM32\DBGHELP.DLL
0x00007ff8ba1d0000 - 0x00007ff8ba1fc000 	C:\WINDOWS\SYSTEM32\dbgcore.DLL
0x00007ff8d5050000 - 0x00007ff8d50d0000 	C:\WINDOWS\System32\bcryptPrimitives.dll
0x00007ff8b4c00000 - 0x00007ff8b4c28000 	C:\Program Files\Java\jdk-11.0.9\bin\java.dll
0x00007ff8c1480000 - 0x00007ff8c148a000 	C:\Program Files\Java\jdk-11.0.9\bin\jimage.dll
0x00007ff8ba0f0000 - 0x00007ff8ba106000 	C:\Program Files\Java\jdk-11.0.9\bin\zip.dll
0x00007ff8d5f30000 - 0x00007ff8d6672000 	C:\WINDOWS\System32\SHELL32.dll
0x00007ff8d2890000 - 0x00007ff8d3025000 	C:\WINDOWS\SYSTEM32\windows.storage.dll
0x00007ff8d5730000 - 0x00007ff8d5a86000 	C:\WINDOWS\System32\combase.dll
0x00007ff8d4310000 - 0x00007ff8d433c000 	C:\WINDOWS\SYSTEM32\Wldp.dll
0x00007ff8d5300000 - 0x00007ff8d53ae000 	C:\WINDOWS\System32\SHCORE.dll
0x00007ff8d5290000 - 0x00007ff8d52e5000 	C:\WINDOWS\System32\shlwapi.dll
0x00007ff8d48a0000 - 0x00007ff8d48c6000 	C:\WINDOWS\SYSTEM32\profapi.dll
0x00007ff8b2b00000 - 0x00007ff8b2b19000 	C:\Program Files\Java\jdk-11.0.9\bin\net.dll
0x00007ff8c1dc0000 - 0x00007ff8c1ec0000 	C:\WINDOWS\SYSTEM32\WINHTTP.dll
0x00007ff8d4090000 - 0x00007ff8d40fa000 	C:\WINDOWS\system32\mswsock.dll
0x00007ff8b0b00000 - 0x00007ff8b0b12000 	C:\Program Files\Java\jdk-11.0.9\bin\nio.dll
0x00007ff8c13f0000 - 0x00007ff8c13f9000 	C:\Program Files\Java\jdk-11.0.9\bin\management.dll
0x00007ff8c0fe0000 - 0x00007ff8c0feb000 	C:\Program Files\Java\jdk-11.0.9\bin\management_ext.dll
0x00007ff8b5f00000 - 0x00007ff8b5f17000 	C:\WINDOWS\system32\napinsp.dll
0x00007ff8b5ee0000 - 0x00007ff8b5efb000 	C:\WINDOWS\system32\pnrpnsp.dll
0x00007ff8b5ec0000 - 0x00007ff8b5ed5000 	C:\WINDOWS\system32\wshbth.dll
0x00007ff8cfb60000 - 0x00007ff8cfb7d000 	C:\WINDOWS\system32\NLAapi.dll
0x00007ff8d3d80000 - 0x00007ff8d3dbb000 	C:\WINDOWS\SYSTEM32\IPHLPAPI.DLL
0x00007ff8d3dc0000 - 0x00007ff8d3e8b000 	C:\WINDOWS\SYSTEM32\DNSAPI.dll
0x00007ff8d52f0000 - 0x00007ff8d52f8000 	C:\WINDOWS\System32\NSI.dll
0x00007ff8b5ea0000 - 0x00007ff8b5eb2000 	C:\WINDOWS\System32\winrnr.dll
0x00007ff8bd790000 - 0x00007ff8bd79a000 	C:\Windows\System32\rasadhlp.dll
0x00007ff8bd6b0000 - 0x00007ff8bd72f000 	C:\WINDOWS\System32\fwpuclnt.dll
0x00007ff8d49a0000 - 0x00007ff8d49c7000 	C:\WINDOWS\System32\bcrypt.dll
0x00007ff8d4260000 - 0x00007ff8d4278000 	C:\WINDOWS\SYSTEM32\CRYPTSP.dll
0x00007ff8d3a20000 - 0x00007ff8d3a54000 	C:\WINDOWS\system32\rsaenh.dll
0x00007ff8d4820000 - 0x00007ff8d484e000 	C:\WINDOWS\SYSTEM32\USERENV.dll
0x00007ff8d4280000 - 0x00007ff8d428c000 	C:\WINDOWS\SYSTEM32\CRYPTBASE.dll
0x00007ff8d27b0000 - 0x00007ff8d27c7000 	C:\WINDOWS\SYSTEM32\dhcpcsvc6.DLL
0x00007ff8d2790000 - 0x00007ff8d27ad000 	C:\WINDOWS\SYSTEM32\dhcpcsvc.DLL

dbghelp: loaded successfully - version: 4.0.5 - missing functions: none
symbol engine: initialized successfully - sym options: 0x614 - pdb path: .;C:\Program Files\Java\jdk-11.0.9\bin;C:\WINDOWS\SYSTEM32;C:\WINDOWS\WinSxS\amd64_microsoft.windows.common-controls_6595b64144ccf1df_6.0.19041.488_none_ca04af081b815d21;C:\Program Files\Java\jdk-11.0.9\bin\server

VM Arguments:
jvm_args: -Dcom.sun.management.jmxremote -Dcom.sun.management.jmxremote.port=65491 -Dcom.sun.management.jmxremote.authenticate=false -Dcom.sun.management.jmxremote.ssl=false -Djava.rmi.server.hostname=localhost -Dspring.jmx.enabled=true -Dspring.application.admin.enabled=true -Xverify:none -XX:TieredStopAtLevel=1 -Dspring.boot.project.name=demo -Dfile.encoding=UTF-8 
java_command: phonestore.PhoneStoreApplication --spring.output.ansi.enabled=always
java_class_path (initial): C:\Users\Luong Manh Dat\Desktop\demo\demo\target\classes;C:\Users\Luong Manh Dat\.m2\repository\org\springframework\boot\spring-boot-starter-data-jpa\2.4.1\spring-boot-starter-data-jpa-2.4.1.jar;C:\Users\Luong Manh Dat\.m2\repository\org\springframework\boot\spring-boot-starter-aop\2.4.1\spring-boot-starter-aop-2.4.1.jar;C:\Users\Luong Manh Dat\.m2\repository\org\springframework\spring-aop\5.3.2\spring-aop-5.3.2.jar;C:\Users\Luong Manh Dat\.m2\repository\org\aspectj\aspectjweaver\1.9.6\aspectjweaver-1.9.6.jar;C:\Users\Luong Manh Dat\.m2\repository\org\springframework\boot\spring-boot-starter-jdbc\2.4.1\spring-boot-starter-jdbc-2.4.1.jar;C:\Users\Luong Manh Dat\.m2\repository\com\zaxxer\HikariCP\3.4.5\HikariCP-3.4.5.jar;C:\Users\Luong Manh Dat\.m2\repository\org\springframework\spring-jdbc\5.3.2\spring-jdbc-5.3.2.jar;C:\Users\Luong Manh Dat\.m2\repository\jakarta\transaction\jakarta.transaction-api\1.3.3\jakarta.transaction-api-1.3.3.jar;C:\Users\Luong Manh Dat\.m2\repository\jakarta\persistence\jakarta.persistence-api\2.2.3\jakarta.persistence-api-2.2.3.jar;C:\Users\Luong Manh Dat\.m2\repository\org\hibernate\hibernate-core\5.4.25.Final\hibernate-core-5.4.25.Final.jar;C:\Users\Luong Manh Dat\.m2\repository\org\jboss\logging\jboss-logging\3.4.1.Final\jboss-logging-3.4.1.Final.jar;C:\Users\Luong Manh Dat\.m2\repository\org\javassist\javassist\3.27.0-GA\javassist-3.27.0-GA.jar;C:\Users\Luong Manh Dat\.m2\repository\net\bytebuddy\byte-buddy\1.10.18\byte-buddy-1.10.18.jar;C:\Users\Luong Manh Dat\.m2\repository\antlr\antlr\2.7.7\antlr-2.7.7.jar;C:\Users\Luong Manh Dat\.m2\repository\org\jboss\jandex\2.1.3.Final\jandex-2.1.3.Final.jar;C:\Users\Luong Manh Dat\.m2\repository\com\fasterxml\classmate\1.5.1\classmate-1.5.1.jar;C:\Users\Luong Manh Dat\.m2\repository\org\dom4j\dom4j\2.1.3\dom4j-2.1.3.jar;C:\Users\Luong Manh Dat\.m2\repository\org\hibernate\common\hibernate-commons-annotations\5.1.2.Final\hibernate-commons-annotations-5.1.2.Final.jar;C
Launcher Type: SUN_STANDARD

[Global flags]
     bool BytecodeVerificationLocal                = false                                     {product} {command line}
     bool BytecodeVerificationRemote               = false                                     {product} {command line}
     intx CICompilerCount                          = 4                                         {product} {ergonomic}
     uint ConcGCThreads                            = 2                                         {product} {ergonomic}
     uint G1ConcRefinementThreads                  = 8                                         {product} {ergonomic}
   size_t G1HeapRegionSize                         = 1048576                                   {product} {ergonomic}
    uintx GCDrainStackTargetSize                   = 64                                        {product} {ergonomic}
   size_t InitialHeapSize                          = 130023424                                 {product} {ergonomic}
     bool ManagementServer                         = true                                      {product} {command line}
   size_t MarkStackSize                            = 4194304                                   {product} {ergonomic}
   size_t MaxHeapSize                              = 2067791872                                {product} {ergonomic}
   size_t MaxNewSize                               = 1240465408                                {product} {ergonomic}
   size_t MinHeapDeltaBytes                        = 1048576                                   {product} {ergonomic}
    uintx NonNMethodCodeHeapSize                   = 7549744                                {pd product} {ergonomic}
    uintx NonProfiledCodeHeapSize                  = 244108496                              {pd product} {ergonomic}
    uintx ProfiledCodeHeapSize                     = 0                                      {pd product} {ergonomic}
    uintx ReservedCodeCacheSize                    = 251658240                              {pd product} {ergonomic}
     bool SegmentedCodeCache                       = true                                      {product} {ergonomic}
     intx TieredStopAtLevel                        = 1                                         {product} {command line}
     bool UseCompressedClassPointers               = true                                 {lp64_product} {ergonomic}
     bool UseCompressedOops                        = true                                 {lp64_product} {ergonomic}
     bool UseG1GC                                  = true                                      {product} {ergonomic}
     bool UseLargePagesIndividualAllocation        = false                                  {pd product} {ergonomic}

Logging:
Log output configuration:
 #0: stdout all=warning uptime,level,tags
 #1: stderr all=off uptime,level,tags

Environment Variables:
JAVA_HOME=C:\Program Files\OpenJDK\openjdk-8u262-b10
CLASSPATH=.;
PATH=C:/Program Files/Java/jre1.8.0_261/bin/server;C:/Program Files/Java/jre1.8.0_261/bin;C:/Program Files/Java/jre1.8.0_261/lib/amd64;C:\Program Files\Common Files\Oracle\Java\javapath;C:\Python27\;C:\Python27\Scripts;C:\Program Files (x86)\Common Files\Oracle\Java\javapath;C:\WINDOWS\system32;C:\WINDOWS;C:\WINDOWS\System32\Wbem;C:\WINDOWS\System32\WindowsPowerShell\v1.0\;C:\WINDOWS\System32\OpenSSH\;C:\ProgramData\chocolatey\bin;C:\Program Files\Java\jdk1.8.0_211\bin;C:\Program Files (x86)\Yarn\bin\;C:\Program Files\OpenJDK\openjdk-8u262-b10\bin;C:\Program Files\dotnet\;C:\Program Files\Git\cmd;C:\Program Files\MySQL\MySQL Shell 8.0\bin\;C:\Users\Luong Manh Dat\AppData\Local\Microsoft\WindowsApps;C:\Users\Luong Manh Dat\AppData\Local\atom\bin;C:\Users\Luong Manh Dat\AppData\Local\Yarn\bin;D:\Android\sdk\platform-tools;C:\Users\Luong Manh Dat\AppData\Local\Microsoft\WindowsApps;C:\Users\Luong Manh Dat\.dotnet\tools;C:\Users\Luong Manh Dat\AppData\Roaming\npm;C:\Users\Luong Manh Dat\AppData\Local\Programs\Microsoft VS Code\bin;C:\Program Files\heroku\bin;%NVM_HOME%;%NVM_SYMLINK%;C:\Users\Luong;C:\Program Files\MySQL\MySQL Shell 8.0\bin\;C:\Users\Luong Manh Dat\AppData\Local\Microsoft\WindowsApps;C:\Users\Luong Manh Dat\AppData\Local\atom\bin;C:\Users\Luong Manh Dat\AppData\Local\Yarn\bin;D:\Android\sdk\platform-tools;C:\Users\Luong Manh Dat\AppData\Local\Microsoft\WindowsApps;C:\Users\Luong Manh Dat\.dotnet\tools;C:\Users\Luong Manh Dat\AppData\Roaming\npm;C:\Users\Luong Manh Dat\AppData\Local\Programs\Microsoft VS Code\bin;C:\Program Files\heroku\bin;C:\Users\Luong Manh Dat\AppData\Roaming\nvm;C:\Program Files\nodejs;;C:\Users\Luong Manh Dat\Downloads\sts-4.7.0.RELEASE;
USERNAME=Luong Manh Dat
OS=Windows_NT
PROCESSOR_IDENTIFIER=Intel64 Family 6 Model 126 Stepping 5, GenuineIntel



---------------  S Y S T E M  ---------------

OS: Windows 10 , 64 bit Build 19041 (10.0.19041.662)

CPU:total 8 (initial active 8) (4 cores per cpu, 2 threads per core) family 6 model 126 stepping 5, cmov, cx8, fxsr, mmx, sse, sse2, sse3, ssse3, sse4.1, sse4.2, popcnt, avx, avx2, aes, clmul, erms, 3dnowpref, lzcnt, ht, tsc, tscinvbit, bmi1, bmi2, adx, evex, sha, fma

Memory: 4k page, system-wide physical 7880M (689M free)
TotalPageFile size 9928M (AvailPageFile size 22M)
current process WorkingSet (physical memory assigned to process): 236M, peak: 236M
current process commit charge ("private bytes"): 319M, peak: 361M

vm_info: Java HotSpot(TM) 64-Bit Server VM (11.0.9+7-LTS) for windows-amd64 JRE (11.0.9+7-LTS), built on Sep 15 2020 16:47:03 by "mach5one" with MS VC++ 15.9 (VS2017)

END.
