#
# There is insufficient memory for the Java Runtime Environment to continue.
# Native memory allocation (malloc) failed to allocate 32744 bytes for ChunkPool::allocate
# Possible reasons:
#   The system is out of physical RAM or swap space
#   The process is running with CompressedOops enabled, and the Java Heap may be blocking the growth of the native heap
# Possible solutions:
#   Reduce memory load on the system
#   Increase physical memory or swap space
#   Check if swap backing store is full
#   Decrease Java heap size (-Xmx/-Xms)
#   Decrease number of Java threads
#   Decrease Java thread stack sizes (-Xss)
#   Set larger code cache with -XX:ReservedCodeCacheSize=
#   JVM is running with Unscaled Compressed Oops mode in which the Java heap is
#     placed in the first 4GB address space. The Java Heap base address is the
#     maximum limit for the native heap growth. Please use -XX:HeapBaseMinAddress
#     to set the Java Heap base and to place the Java Heap above 4GB virtual address.
# This output file may be truncated or incomplete.
#
#  Out of Memory Error (./open/src/hotspot/share/memory/arena.cpp:81), pid=9556, tid=13788
#
# JRE version: Java(TM) SE Runtime Environment 18.9 (11.0.9+7) (build 11.0.9+7-LTS)
# Java VM: Java HotSpot(TM) 64-Bit Server VM 18.9 (11.0.9+7-LTS, mixed mode, tiered, compressed oops, g1 gc, windows-amd64)
# No core dump will be written. Minidumps are not enabled by default on client versions of Windows
#

---------------  S U M M A R Y ------------

Command Line: -Dcom.sun.management.jmxremote -Dcom.sun.management.jmxremote.port=62269 -Dcom.sun.management.jmxremote.authenticate=false -Dcom.sun.management.jmxremote.ssl=false -Djava.rmi.server.hostname=localhost -Dspring.jmx.enabled=true -Dspring.application.admin.enabled=true -Xverify:none -XX:TieredStopAtLevel=1 -Dspring.boot.project.name=demo -Dfile.encoding=UTF-8 phonestore.PhoneStoreApplication --spring.output.ansi.enabled=always

Host: Intel(R) Core(TM) i5-1035G1 CPU @ 1.00GHz, 8 cores, 7G,  Windows 10 , 64 bit Build 19041 (10.0.19041.662)
Time: Mon Dec 28 18:39:58 2020 SE Asia Standard Time elapsed time: 10.133302 seconds (0d 0h 0m 10s)

---------------  T H R E A D  ---------------

Current thread (0x0000028eccd0d000):  JavaThread "C1 CompilerThread0" daemon [_thread_in_native, id=13788, stack(0x000000aa81100000,0x000000aa81200000)]


Current CompileTask:
C1:  10133 3687       1       java.lang.invoke.MethodHandles::foldArgumentChecks (217 bytes)

Stack: [0x000000aa81100000,0x000000aa81200000]
Native frames: (J=compiled Java code, j=interpreted, Vv=VM code, C=native code)
V  [jvm.dll+0x611a3a]
V  [jvm.dll+0x748aaf]
V  [jvm.dll+0x74a135]
V  [jvm.dll+0x74a7b3]
V  [jvm.dll+0x2439f8]
V  [jvm.dll+0xba65b]
V  [jvm.dll+0xba9bc]
V  [jvm.dll+0x169214]
V  [jvm.dll+0x165747]
V  [jvm.dll+0x11fe95]
V  [jvm.dll+0x11f70f]
V  [jvm.dll+0x11f93f]
V  [jvm.dll+0x11ebe7]
V  [jvm.dll+0x120af7]
V  [jvm.dll+0x20bc54]
V  [jvm.dll+0x209d2b]
V  [jvm.dll+0x7103d9]
V  [jvm.dll+0x709114]
V  [jvm.dll+0x610cb6]
C  [ucrtbase.dll+0x214c2]
C  [KERNEL32.DLL+0x17034]
C  [ntdll.dll+0x4d0d1]


---------------  P R O C E S S  ---------------

Threads class SMR info:
_java_thread_list=0x0000028eceeba030, length=17, elements={
0x0000028eae1b2000, 0x0000028eccce9000, 0x0000028ecccf4800, 0x0000028ecd662800,
0x0000028eccd03000, 0x0000028eccd0d000, 0x0000028eccd11000, 0x0000028eccc80000,
0x0000028ecd806800, 0x0000028ecdcf8800, 0x0000028ecdce7000, 0x0000028ecdd05000,
0x0000028ece21d800, 0x0000028ece21a800, 0x0000028eceee1000, 0x0000028eceef5800,
0x0000028ecf6c9800
}

Java Threads: ( => current thread )
  0x0000028eae1b2000 JavaThread "main" [_thread_in_vm, id=10456, stack(0x000000aa80600000,0x000000aa80700000)]
  0x0000028eccce9000 JavaThread "Reference Handler" daemon [_thread_blocked, id=15244, stack(0x000000aa80d00000,0x000000aa80e00000)]
  0x0000028ecccf4800 JavaThread "Finalizer" daemon [_thread_blocked, id=8076, stack(0x000000aa80e00000,0x000000aa80f00000)]
  0x0000028ecd662800 JavaThread "Signal Dispatcher" daemon [_thread_blocked, id=7708, stack(0x000000aa80f00000,0x000000aa81000000)]
  0x0000028eccd03000 JavaThread "Attach Listener" daemon [_thread_blocked, id=4516, stack(0x000000aa81000000,0x000000aa81100000)]
=>0x0000028eccd0d000 JavaThread "C1 CompilerThread0" daemon [_thread_in_native, id=13788, stack(0x000000aa81100000,0x000000aa81200000)]
  0x0000028eccd11000 JavaThread "Sweeper thread" daemon [_thread_blocked, id=9868, stack(0x000000aa81200000,0x000000aa81300000)]
  0x0000028eccc80000 JavaThread "Common-Cleaner" daemon [_thread_blocked, id=13180, stack(0x000000aa81300000,0x000000aa81400000)]
  0x0000028ecd806800 JavaThread "Service Thread" daemon [_thread_blocked, id=7088, stack(0x000000aa81400000,0x000000aa81500000)]
  0x0000028ecdcf8800 JavaThread "RMI TCP Accept-0" daemon [_thread_in_native, id=8852, stack(0x000000aa81500000,0x000000aa81600000)]
  0x0000028ecdce7000 JavaThread "RMI TCP Accept-62269" daemon [_thread_in_native, id=11320, stack(0x000000aa81600000,0x000000aa81700000)]
  0x0000028ecdd05000 JavaThread "RMI TCP Accept-0" daemon [_thread_in_native, id=8572, stack(0x000000aa81700000,0x000000aa81800000)]
  0x0000028ece21d800 JavaThread "RMI TCP Connection(1)-127.0.0.1" daemon [_thread_in_native, id=10440, stack(0x000000aa81a00000,0x000000aa81b00000)]
  0x0000028ece21a800 JavaThread "RMI TCP Connection(2)-127.0.0.1" daemon [_thread_in_native, id=14108, stack(0x000000aa81b00000,0x000000aa81c00000)]
  0x0000028eceee1000 JavaThread "RMI Scheduler(0)" daemon [_thread_blocked, id=5972, stack(0x000000aa81c00000,0x000000aa81d00000)]
  0x0000028eceef5800 JavaThread "JMX server connection timeout 20" daemon [_thread_blocked, id=9896, stack(0x000000aa81d00000,0x000000aa81e00000)]
  0x0000028ecf6c9800 JavaThread "mysql-cj-abandoned-connection-cleanup" daemon [_thread_blocked, id=7060, stack(0x000000aa82400000,0x000000aa82500000)]

Other Threads:
  0x0000028ecccc4800 VMThread "VM Thread" [stack: 0x000000aa80c00000,0x000000aa80d00000] [id=13144]
  0x0000028ecdd69800 WatcherThread [stack: 0x000000aa81800000,0x000000aa81900000] [id=7328]
  0x0000028eae1c8800 GCTaskThread "GC Thread#0" [stack: 0x000000aa80700000,0x000000aa80800000] [id=6856]
  0x0000028ecdd7b000 GCTaskThread "GC Thread#1" [stack: 0x000000aa81900000,0x000000aa81a00000] [id=4116]
  0x0000028ecefbc800 GCTaskThread "GC Thread#2" [stack: 0x000000aa81f00000,0x000000aa82000000] [id=7428]
  0x0000028eceff4000 GCTaskThread "GC Thread#3" [stack: 0x000000aa82000000,0x000000aa82100000] [id=7760]
  0x0000028ecf6e4800 GCTaskThread "GC Thread#4" [stack: 0x000000aa82500000,0x000000aa82600000] [id=4960]
  0x0000028ecf7c6800 GCTaskThread "GC Thread#5" [stack: 0x000000aa82600000,0x000000aa82700000] [id=2856]
  0x0000028ecf72d800 GCTaskThread "GC Thread#6" [stack: 0x000000aa82700000,0x000000aa82800000] [id=5448]
  0x0000028ecf68a800 GCTaskThread "GC Thread#7" [stack: 0x000000aa82800000,0x000000aa82900000] [id=4028]
  0x0000028eae1fb000 ConcurrentGCThread "G1 Main Marker" [stack: 0x000000aa80800000,0x000000aa80900000] [id=9816]
  0x0000028eae1fd800 ConcurrentGCThread "G1 Conc#0" [stack: 0x000000aa80900000,0x000000aa80a00000] [id=4220]
  0x0000028ecdd90000 ConcurrentGCThread "G1 Conc#1" [stack: 0x000000aa82100000,0x000000aa82200000] [id=12840]
  0x0000028eae28d800 ConcurrentGCThread "G1 Refine#0" [stack: 0x000000aa80a00000,0x000000aa80b00000] [id=1968]
  0x0000028eae28e800 ConcurrentGCThread "G1 Young RemSet Sampling" [stack: 0x000000aa80b00000,0x000000aa80c00000] [id=14980]

Threads with active compile tasks:
C1 CompilerThread0  10154 3687       1       java.lang.invoke.MethodHandles::foldArgumentChecks (217 bytes)

VM state:not at safepoint (normal execution)

VM Mutex/Monitor currently owned by a thread: None

OutOfMemory and StackOverflow Exception counts:
OutOfMemoryError java_heap_errors=1
LinkageErrors=65

Heap address: 0x0000000084c00000, size: 1972 MB, Compressed Oops mode: 32-bit
Narrow klass base: 0x0000000000000000, Narrow klass shift: 3
Compressed class space size: 1073741824 Address: 0x0000000100000000

Heap:
 garbage-first heap   total 192512K, used 95558K [0x0000000084c00000, 0x0000000100000000)
  region size 1024K, 61 young (62464K), 5 survivors (5120K)
 Metaspace       used 35401K, capacity 36612K, committed 36688K, reserved 1081344K
  class space    used 4493K, capacity 4987K, committed 4992K, reserved 1048576K
Heap Regions: E=young(eden), S=young(survivor), O=old, HS=humongous(starts), HC=humongous(continues), CS=collection set, F=free, A=archive, TAMS=top-at-mark-start (previous, next)
|   0|0x0000000084c00000, 0x0000000084d00000, 0x0000000084d00000|100%|HS|  |TAMS 0x0000000084d00000, 0x0000000084c00000| Complete 
|   1|0x0000000084d00000, 0x0000000084e00000, 0x0000000084e00000|100%| O|  |TAMS 0x0000000084e00000, 0x0000000084d00000| Untracked 
|   2|0x0000000084e00000, 0x0000000084f00000, 0x0000000084f00000|100%| O|  |TAMS 0x0000000084f00000, 0x0000000084e00000| Untracked 
|   3|0x0000000084f00000, 0x0000000085000000, 0x0000000085000000|100%| O|  |TAMS 0x0000000085000000, 0x0000000084f00000| Untracked 
|   4|0x0000000085000000, 0x0000000085100000, 0x0000000085100000|100%| O|  |TAMS 0x0000000085100000, 0x0000000085000000| Untracked 
|   5|0x0000000085100000, 0x0000000085200000, 0x0000000085200000|100%| O|  |TAMS 0x0000000085200000, 0x0000000085100000| Untracked 
|   6|0x0000000085200000, 0x0000000085300000, 0x0000000085300000|100%| O|  |TAMS 0x0000000085300000, 0x0000000085200000| Untracked 
|   7|0x0000000085300000, 0x0000000085400000, 0x0000000085400000|100%| O|  |TAMS 0x0000000085400000, 0x0000000085300000| Untracked 
|   8|0x0000000085400000, 0x0000000085500000, 0x0000000085500000|100%| O|  |TAMS 0x00000000854c6c00, 0x0000000085400000| Untracked 
|   9|0x0000000085500000, 0x0000000085600000, 0x0000000085600000|100%| O|  |TAMS 0x0000000085500000, 0x0000000085500000| Untracked 
|  10|0x0000000085600000, 0x0000000085700000, 0x0000000085700000|100%| O|  |TAMS 0x0000000085600000, 0x0000000085600000| Untracked 
|  11|0x0000000085700000, 0x0000000085800000, 0x0000000085800000|100%| O|  |TAMS 0x0000000085700000, 0x0000000085700000| Untracked 
|  12|0x0000000085800000, 0x0000000085900000, 0x0000000085900000|100%| O|  |TAMS 0x0000000085800000, 0x0000000085800000| Untracked 
|  13|0x0000000085900000, 0x0000000085a00000, 0x0000000085a00000|100%| O|  |TAMS 0x0000000085900000, 0x0000000085900000| Untracked 
|  14|0x0000000085a00000, 0x0000000085b00000, 0x0000000085b00000|100%| O|  |TAMS 0x0000000085a00000, 0x0000000085a00000| Untracked 
|  15|0x0000000085b00000, 0x0000000085c00000, 0x0000000085c00000|100%| O|  |TAMS 0x0000000085b00000, 0x0000000085b00000| Untracked 
|  16|0x0000000085c00000, 0x0000000085d00000, 0x0000000085d00000|100%| O|  |TAMS 0x0000000085c00000, 0x0000000085c00000| Untracked 
|  17|0x0000000085d00000, 0x0000000085e00000, 0x0000000085e00000|100%| O|  |TAMS 0x0000000085d00000, 0x0000000085d00000| Untracked 
|  18|0x0000000085e00000, 0x0000000085f00000, 0x0000000085f00000|100%| O|  |TAMS 0x0000000085e00000, 0x0000000085e00000| Untracked 
|  19|0x0000000085f00000, 0x0000000086000000, 0x0000000086000000|100%| O|  |TAMS 0x0000000085f00000, 0x0000000085f00000| Untracked 
|  20|0x0000000086000000, 0x0000000086100000, 0x0000000086100000|100%| O|  |TAMS 0x0000000086000000, 0x0000000086000000| Untracked 
|  21|0x0000000086100000, 0x0000000086200000, 0x0000000086200000|100%| O|  |TAMS 0x0000000086100000, 0x0000000086100000| Untracked 
|  22|0x0000000086200000, 0x0000000086300000, 0x0000000086300000|100%| O|  |TAMS 0x0000000086200000, 0x0000000086200000| Untracked 
|  23|0x0000000086300000, 0x0000000086400000, 0x0000000086400000|100%| O|  |TAMS 0x0000000086300000, 0x0000000086300000| Untracked 
|  24|0x0000000086400000, 0x0000000086500000, 0x0000000086500000|100%| O|  |TAMS 0x0000000086400000, 0x0000000086400000| Untracked 
|  25|0x0000000086500000, 0x0000000086600000, 0x0000000086600000|100%| O|  |TAMS 0x0000000086500000, 0x0000000086500000| Untracked 
|  26|0x0000000086600000, 0x0000000086700000, 0x0000000086700000|100%| O|  |TAMS 0x0000000086600000, 0x0000000086600000| Untracked 
|  27|0x0000000086700000, 0x0000000086800000, 0x0000000086800000|100%| O|  |TAMS 0x0000000086700000, 0x0000000086700000| Untracked 
|  28|0x0000000086800000, 0x0000000086900000, 0x0000000086900000|100%| O|  |TAMS 0x0000000086800000, 0x0000000086800000| Untracked 
|  29|0x0000000086900000, 0x0000000086a00000, 0x0000000086a00000|100%| O|  |TAMS 0x0000000086900000, 0x0000000086900000| Untracked 
|  30|0x0000000086a00000, 0x0000000086affff8, 0x0000000086b00000| 99%| O|  |TAMS 0x0000000086a00000, 0x0000000086a00000| Untracked 
|  31|0x0000000086b00000, 0x0000000086c00000, 0x0000000086c00000|100%| O|  |TAMS 0x0000000086b00000, 0x0000000086b00000| Untracked 
|  32|0x0000000086c00000, 0x0000000086d00000, 0x0000000086d00000|100%| O|  |TAMS 0x0000000086c00000, 0x0000000086c00000| Untracked 
|  33|0x0000000086d00000, 0x0000000086e00000, 0x0000000086e00000|100%| O|  |TAMS 0x0000000086d00000, 0x0000000086d00000| Untracked 
|  34|0x0000000086e00000, 0x0000000086e2b200, 0x0000000086f00000| 16%| O|  |TAMS 0x0000000086e00000, 0x0000000086e00000| Untracked 
|  35|0x0000000086f00000, 0x0000000086f00000, 0x0000000087000000|  0%| F|  |TAMS 0x0000000086f00000, 0x0000000086f00000| Untracked 
|  36|0x0000000087000000, 0x0000000087000000, 0x0000000087100000|  0%| F|  |TAMS 0x0000000087000000, 0x0000000087000000| Untracked 
|  37|0x0000000087100000, 0x0000000087100000, 0x0000000087200000|  0%| F|  |TAMS 0x0000000087100000, 0x0000000087100000| Untracked 
|  38|0x0000000087200000, 0x0000000087200000, 0x0000000087300000|  0%| F|  |TAMS 0x0000000087200000, 0x0000000087200000| Untracked 
|  39|0x0000000087300000, 0x0000000087300000, 0x0000000087400000|  0%| F|  |TAMS 0x0000000087300000, 0x0000000087300000| Untracked 
|  40|0x0000000087400000, 0x0000000087400000, 0x0000000087500000|  0%| F|  |TAMS 0x0000000087400000, 0x0000000087400000| Untracked 
|  41|0x0000000087500000, 0x0000000087500000, 0x0000000087600000|  0%| F|  |TAMS 0x0000000087500000, 0x0000000087500000| Untracked 
|  42|0x0000000087600000, 0x0000000087600000, 0x0000000087700000|  0%| F|  |TAMS 0x0000000087600000, 0x0000000087600000| Untracked 
|  43|0x0000000087700000, 0x0000000087700000, 0x0000000087800000|  0%| F|  |TAMS 0x0000000087700000, 0x0000000087700000| Untracked 
|  44|0x0000000087800000, 0x0000000087800000, 0x0000000087900000|  0%| F|  |TAMS 0x0000000087800000, 0x0000000087800000| Untracked 
|  45|0x0000000087900000, 0x0000000087900000, 0x0000000087a00000|  0%| F|  |TAMS 0x0000000087900000, 0x0000000087900000| Untracked 
|  46|0x0000000087a00000, 0x0000000087a00000, 0x0000000087b00000|  0%| F|  |TAMS 0x0000000087a00000, 0x0000000087a00000| Untracked 
|  47|0x0000000087b00000, 0x0000000087b00000, 0x0000000087c00000|  0%| F|  |TAMS 0x0000000087b00000, 0x0000000087b00000| Untracked 
|  48|0x0000000087c00000, 0x0000000087c00000, 0x0000000087d00000|  0%| F|  |TAMS 0x0000000087c00000, 0x0000000087c00000| Untracked 
|  49|0x0000000087d00000, 0x0000000087d00000, 0x0000000087e00000|  0%| F|  |TAMS 0x0000000087d00000, 0x0000000087d00000| Untracked 
|  50|0x0000000087e00000, 0x0000000087e00000, 0x0000000087f00000|  0%| F|  |TAMS 0x0000000087e00000, 0x0000000087e00000| Untracked 
|  51|0x0000000087f00000, 0x0000000087f00000, 0x0000000088000000|  0%| F|  |TAMS 0x0000000087f00000, 0x0000000087f00000| Untracked 
|  52|0x0000000088000000, 0x0000000088000000, 0x0000000088100000|  0%| F|  |TAMS 0x0000000088000000, 0x0000000088000000| Untracked 
|  53|0x0000000088100000, 0x0000000088100000, 0x0000000088200000|  0%| F|  |TAMS 0x0000000088100000, 0x0000000088100000| Untracked 
|  54|0x0000000088200000, 0x0000000088200000, 0x0000000088300000|  0%| F|  |TAMS 0x0000000088200000, 0x0000000088200000| Untracked 
|  55|0x0000000088300000, 0x0000000088300000, 0x0000000088400000|  0%| F|  |TAMS 0x0000000088300000, 0x0000000088300000| Untracked 
|  56|0x0000000088400000, 0x0000000088400000, 0x0000000088500000|  0%| F|  |TAMS 0x0000000088400000, 0x0000000088400000| Untracked 
|  57|0x0000000088500000, 0x0000000088500000, 0x0000000088600000|  0%| F|  |TAMS 0x0000000088500000, 0x0000000088500000| Untracked 
|  58|0x0000000088600000, 0x0000000088600000, 0x0000000088700000|  0%| F|  |TAMS 0x0000000088600000, 0x0000000088600000| Untracked 
|  59|0x0000000088700000, 0x0000000088700000, 0x0000000088800000|  0%| F|  |TAMS 0x0000000088700000, 0x0000000088700000| Untracked 
|  60|0x0000000088800000, 0x0000000088800000, 0x0000000088900000|  0%| F|  |TAMS 0x0000000088800000, 0x0000000088800000| Untracked 
|  61|0x0000000088900000, 0x0000000088900000, 0x0000000088a00000|  0%| F|  |TAMS 0x0000000088900000, 0x0000000088900000| Untracked 
|  62|0x0000000088a00000, 0x0000000088a00000, 0x0000000088b00000|  0%| F|  |TAMS 0x0000000088a00000, 0x0000000088a00000| Untracked 
|  63|0x0000000088b00000, 0x0000000088b00000, 0x0000000088c00000|  0%| F|  |TAMS 0x0000000088b00000, 0x0000000088b00000| Untracked 
|  64|0x0000000088c00000, 0x0000000088c00000, 0x0000000088d00000|  0%| F|  |TAMS 0x0000000088c00000, 0x0000000088c00000| Untracked 
|  65|0x0000000088d00000, 0x0000000088d00000, 0x0000000088e00000|  0%| F|  |TAMS 0x0000000088d00000, 0x0000000088d00000| Untracked 
|  66|0x0000000088e00000, 0x0000000088e00000, 0x0000000088f00000|  0%| F|  |TAMS 0x0000000088e00000, 0x0000000088e00000| Untracked 
|  67|0x0000000088f00000, 0x0000000088f00000, 0x0000000089000000|  0%| F|  |TAMS 0x0000000088f00000, 0x0000000088f00000| Untracked 
|  68|0x0000000089000000, 0x0000000089000000, 0x0000000089100000|  0%| F|  |TAMS 0x0000000089000000, 0x0000000089000000| Untracked 
|  69|0x0000000089100000, 0x0000000089100000, 0x0000000089200000|  0%| F|  |TAMS 0x0000000089100000, 0x0000000089100000| Untracked 
|  70|0x0000000089200000, 0x0000000089200000, 0x0000000089300000|  0%| F|  |TAMS 0x0000000089200000, 0x0000000089200000| Untracked 
|  71|0x0000000089300000, 0x0000000089326610, 0x0000000089400000| 14%| S|CS|TAMS 0x0000000089300000, 0x0000000089300000| Complete 
|  72|0x0000000089400000, 0x0000000089500000, 0x0000000089500000|100%| S|CS|TAMS 0x0000000089400000, 0x0000000089400000| Complete 
|  73|0x0000000089500000, 0x0000000089600000, 0x0000000089600000|100%| S|CS|TAMS 0x0000000089500000, 0x0000000089500000| Complete 
|  74|0x0000000089600000, 0x0000000089700000, 0x0000000089700000|100%| S|CS|TAMS 0x0000000089600000, 0x0000000089600000| Complete 
|  75|0x0000000089700000, 0x0000000089800000, 0x0000000089800000|100%| S|CS|TAMS 0x0000000089700000, 0x0000000089700000| Complete 
|  76|0x0000000089800000, 0x0000000089800000, 0x0000000089900000|  0%| F|  |TAMS 0x0000000089800000, 0x0000000089800000| Untracked 
|  77|0x0000000089900000, 0x0000000089900000, 0x0000000089a00000|  0%| F|  |TAMS 0x0000000089900000, 0x0000000089900000| Untracked 
|  78|0x0000000089a00000, 0x0000000089a00000, 0x0000000089b00000|  0%| F|  |TAMS 0x0000000089a00000, 0x0000000089a00000| Untracked 
|  79|0x0000000089b00000, 0x0000000089b00000, 0x0000000089c00000|  0%| F|  |TAMS 0x0000000089b00000, 0x0000000089b00000| Untracked 
|  80|0x0000000089c00000, 0x0000000089c00000, 0x0000000089d00000|  0%| F|  |TAMS 0x0000000089c00000, 0x0000000089c00000| Untracked 
|  81|0x0000000089d00000, 0x0000000089d00000, 0x0000000089e00000|  0%| F|  |TAMS 0x0000000089d00000, 0x0000000089d00000| Untracked 
|  82|0x0000000089e00000, 0x0000000089e00000, 0x0000000089f00000|  0%| F|  |TAMS 0x0000000089e00000, 0x0000000089e00000| Untracked 
|  83|0x0000000089f00000, 0x0000000089f00000, 0x000000008a000000|  0%| F|  |TAMS 0x0000000089f00000, 0x0000000089f00000| Untracked 
|  84|0x000000008a000000, 0x000000008a000000, 0x000000008a100000|  0%| F|  |TAMS 0x000000008a000000, 0x000000008a000000| Untracked 
|  85|0x000000008a100000, 0x000000008a100000, 0x000000008a200000|  0%| F|  |TAMS 0x000000008a100000, 0x000000008a100000| Untracked 
|  86|0x000000008a200000, 0x000000008a200000, 0x000000008a300000|  0%| F|  |TAMS 0x000000008a200000, 0x000000008a200000| Untracked 
|  87|0x000000008a300000, 0x000000008a300000, 0x000000008a400000|  0%| F|  |TAMS 0x000000008a300000, 0x000000008a300000| Untracked 
|  88|0x000000008a400000, 0x000000008a400000, 0x000000008a500000|  0%| F|  |TAMS 0x000000008a400000, 0x000000008a400000| Untracked 
|  89|0x000000008a500000, 0x000000008a500000, 0x000000008a600000|  0%| F|  |TAMS 0x000000008a500000, 0x000000008a500000| Untracked 
|  90|0x000000008a600000, 0x000000008a600000, 0x000000008a700000|  0%| F|  |TAMS 0x000000008a600000, 0x000000008a600000| Untracked 
|  91|0x000000008a700000, 0x000000008a700000, 0x000000008a800000|  0%| F|  |TAMS 0x000000008a700000, 0x000000008a700000| Untracked 
|  92|0x000000008a800000, 0x000000008a800000, 0x000000008a900000|  0%| F|  |TAMS 0x000000008a800000, 0x000000008a800000| Untracked 
|  93|0x000000008a900000, 0x000000008a900000, 0x000000008aa00000|  0%| F|  |TAMS 0x000000008a900000, 0x000000008a900000| Untracked 
|  94|0x000000008aa00000, 0x000000008aa00000, 0x000000008ab00000|  0%| F|  |TAMS 0x000000008aa00000, 0x000000008aa00000| Untracked 
|  95|0x000000008ab00000, 0x000000008ab00000, 0x000000008ac00000|  0%| F|  |TAMS 0x000000008ab00000, 0x000000008ab00000| Untracked 
|  96|0x000000008ac00000, 0x000000008ac00000, 0x000000008ad00000|  0%| F|  |TAMS 0x000000008ac00000, 0x000000008ac00000| Untracked 
|  97|0x000000008ad00000, 0x000000008ad00000, 0x000000008ae00000|  0%| F|  |TAMS 0x000000008ad00000, 0x000000008ad00000| Untracked 
|  98|0x000000008ae00000, 0x000000008ae00000, 0x000000008af00000|  0%| F|  |TAMS 0x000000008ae00000, 0x000000008ae00000| Untracked 
|  99|0x000000008af00000, 0x000000008af00000, 0x000000008b000000|  0%| F|  |TAMS 0x000000008af00000, 0x000000008af00000| Untracked 
| 100|0x000000008b000000, 0x000000008b000000, 0x000000008b100000|  0%| F|  |TAMS 0x000000008b000000, 0x000000008b000000| Untracked 
| 101|0x000000008b100000, 0x000000008b100000, 0x000000008b200000|  0%| F|  |TAMS 0x000000008b100000, 0x000000008b100000| Untracked 
| 102|0x000000008b200000, 0x000000008b200000, 0x000000008b300000|  0%| F|  |TAMS 0x000000008b200000, 0x000000008b200000| Untracked 
| 103|0x000000008b300000, 0x000000008b300000, 0x000000008b400000|  0%| F|  |TAMS 0x000000008b300000, 0x000000008b300000| Untracked 
| 104|0x000000008b400000, 0x000000008b400000, 0x000000008b500000|  0%| F|  |TAMS 0x000000008b400000, 0x000000008b400000| Untracked 
| 105|0x000000008b500000, 0x000000008b500000, 0x000000008b600000|  0%| F|  |TAMS 0x000000008b500000, 0x000000008b500000| Untracked 
| 106|0x000000008b600000, 0x000000008b600000, 0x000000008b700000|  0%| F|  |TAMS 0x000000008b600000, 0x000000008b600000| Untracked 
| 107|0x000000008b700000, 0x000000008b700000, 0x000000008b800000|  0%| F|  |TAMS 0x000000008b700000, 0x000000008b700000| Untracked 
| 108|0x000000008b800000, 0x000000008b800000, 0x000000008b900000|  0%| F|  |TAMS 0x000000008b800000, 0x000000008b800000| Untracked 
| 109|0x000000008b900000, 0x000000008b900000, 0x000000008ba00000|  0%| F|  |TAMS 0x000000008b900000, 0x000000008b900000| Untracked 
| 110|0x000000008ba00000, 0x000000008ba00000, 0x000000008bb00000|  0%| F|  |TAMS 0x000000008ba00000, 0x000000008ba00000| Untracked 
| 111|0x000000008bb00000, 0x000000008bb00000, 0x000000008bc00000|  0%| F|  |TAMS 0x000000008bb00000, 0x000000008bb00000| Untracked 
| 112|0x000000008bc00000, 0x000000008bc00000, 0x000000008bd00000|  0%| F|  |TAMS 0x000000008bc00000, 0x000000008bc00000| Untracked 
| 113|0x000000008bd00000, 0x000000008bd00000, 0x000000008be00000|  0%| F|  |TAMS 0x000000008bd00000, 0x000000008bd00000| Untracked 
| 114|0x000000008be00000, 0x000000008be00000, 0x000000008bf00000|  0%| F|  |TAMS 0x000000008be00000, 0x000000008be00000| Untracked 
| 115|0x000000008bf00000, 0x000000008bf00000, 0x000000008c000000|  0%| F|  |TAMS 0x000000008bf00000, 0x000000008bf00000| Untracked 
| 116|0x000000008c000000, 0x000000008c000000, 0x000000008c100000|  0%| F|  |TAMS 0x000000008c000000, 0x000000008c000000| Untracked 
| 117|0x000000008c100000, 0x000000008c100000, 0x000000008c200000|  0%| F|  |TAMS 0x000000008c100000, 0x000000008c100000| Untracked 
| 118|0x000000008c200000, 0x000000008c200000, 0x000000008c300000|  0%| F|  |TAMS 0x000000008c200000, 0x000000008c200000| Untracked 
| 119|0x000000008c300000, 0x000000008c300000, 0x000000008c400000|  0%| F|  |TAMS 0x000000008c300000, 0x000000008c300000| Untracked 
| 120|0x000000008c400000, 0x000000008c400000, 0x000000008c500000|  0%| F|  |TAMS 0x000000008c400000, 0x000000008c400000| Untracked 
| 121|0x000000008c500000, 0x000000008c500000, 0x000000008c600000|  0%| F|  |TAMS 0x000000008c500000, 0x000000008c500000| Untracked 
| 122|0x000000008c600000, 0x000000008c600000, 0x000000008c700000|  0%| F|  |TAMS 0x000000008c600000, 0x000000008c600000| Untracked 
| 123|0x000000008c700000, 0x000000008c700000, 0x000000008c800000|  0%| F|  |TAMS 0x000000008c700000, 0x000000008c700000| Untracked 
| 124|0x000000008c800000, 0x000000008c800000, 0x000000008c900000|  0%| F|  |TAMS 0x000000008c800000, 0x000000008c800000| Untracked 
| 125|0x000000008c900000, 0x000000008c900000, 0x000000008ca00000|  0%| F|  |TAMS 0x000000008c900000, 0x000000008c900000| Untracked 
| 126|0x000000008ca00000, 0x000000008ca00000, 0x000000008cb00000|  0%| F|  |TAMS 0x000000008ca00000, 0x000000008ca00000| Untracked 
| 127|0x000000008cb00000, 0x000000008cb00000, 0x000000008cc00000|  0%| F|  |TAMS 0x000000008cb00000, 0x000000008cb00000| Untracked 
| 128|0x000000008cc00000, 0x000000008cc00000, 0x000000008cd00000|  0%| F|  |TAMS 0x000000008cc00000, 0x000000008cc00000| Untracked 
| 129|0x000000008cd00000, 0x000000008cd00000, 0x000000008ce00000|  0%| F|  |TAMS 0x000000008cd00000, 0x000000008cd00000| Untracked 
| 130|0x000000008ce00000, 0x000000008ce00000, 0x000000008cf00000|  0%| F|  |TAMS 0x000000008ce00000, 0x000000008ce00000| Untracked 
| 131|0x000000008cf00000, 0x000000008cf80800, 0x000000008d000000| 50%| E|  |TAMS 0x000000008cf00000, 0x000000008cf00000| Complete 
| 132|0x000000008d000000, 0x000000008d100000, 0x000000008d100000|100%| E|CS|TAMS 0x000000008d000000, 0x000000008d000000| Complete 
| 133|0x000000008d100000, 0x000000008d200000, 0x000000008d200000|100%| E|CS|TAMS 0x000000008d100000, 0x000000008d100000| Complete 
| 134|0x000000008d200000, 0x000000008d300000, 0x000000008d300000|100%| E|CS|TAMS 0x000000008d200000, 0x000000008d200000| Complete 
| 135|0x000000008d300000, 0x000000008d400000, 0x000000008d400000|100%| E|CS|TAMS 0x000000008d300000, 0x000000008d300000| Complete 
| 136|0x000000008d400000, 0x000000008d500000, 0x000000008d500000|100%| E|CS|TAMS 0x000000008d400000, 0x000000008d400000| Complete 
| 137|0x000000008d500000, 0x000000008d600000, 0x000000008d600000|100%| E|CS|TAMS 0x000000008d500000, 0x000000008d500000| Complete 
| 138|0x000000008d600000, 0x000000008d700000, 0x000000008d700000|100%| E|CS|TAMS 0x000000008d600000, 0x000000008d600000| Complete 
| 139|0x000000008d700000, 0x000000008d800000, 0x000000008d800000|100%| E|CS|TAMS 0x000000008d700000, 0x000000008d700000| Complete 
| 140|0x000000008d800000, 0x000000008d900000, 0x000000008d900000|100%| E|CS|TAMS 0x000000008d800000, 0x000000008d800000| Complete 
| 141|0x000000008d900000, 0x000000008da00000, 0x000000008da00000|100%| E|CS|TAMS 0x000000008d900000, 0x000000008d900000| Complete 
| 142|0x000000008da00000, 0x000000008db00000, 0x000000008db00000|100%| E|CS|TAMS 0x000000008da00000, 0x000000008da00000| Complete 
| 143|0x000000008db00000, 0x000000008dc00000, 0x000000008dc00000|100%| E|CS|TAMS 0x000000008db00000, 0x000000008db00000| Complete 
| 144|0x000000008dc00000, 0x000000008dd00000, 0x000000008dd00000|100%| E|CS|TAMS 0x000000008dc00000, 0x000000008dc00000| Complete 
| 145|0x000000008dd00000, 0x000000008de00000, 0x000000008de00000|100%| E|CS|TAMS 0x000000008dd00000, 0x000000008dd00000| Complete 
| 146|0x000000008de00000, 0x000000008df00000, 0x000000008df00000|100%| E|CS|TAMS 0x000000008de00000, 0x000000008de00000| Complete 
| 147|0x000000008df00000, 0x000000008e000000, 0x000000008e000000|100%| E|CS|TAMS 0x000000008df00000, 0x000000008df00000| Complete 
| 148|0x000000008e000000, 0x000000008e100000, 0x000000008e100000|100%| E|CS|TAMS 0x000000008e000000, 0x000000008e000000| Complete 
| 149|0x000000008e100000, 0x000000008e200000, 0x000000008e200000|100%| E|CS|TAMS 0x000000008e100000, 0x000000008e100000| Complete 
| 150|0x000000008e200000, 0x000000008e300000, 0x000000008e300000|100%| E|CS|TAMS 0x000000008e200000, 0x000000008e200000| Complete 
| 151|0x000000008e300000, 0x000000008e400000, 0x000000008e400000|100%| E|CS|TAMS 0x000000008e300000, 0x000000008e300000| Complete 
| 152|0x000000008e400000, 0x000000008e500000, 0x000000008e500000|100%| E|CS|TAMS 0x000000008e400000, 0x000000008e400000| Complete 
| 153|0x000000008e500000, 0x000000008e600000, 0x000000008e600000|100%| E|CS|TAMS 0x000000008e500000, 0x000000008e500000| Complete 
| 154|0x000000008e600000, 0x000000008e700000, 0x000000008e700000|100%| E|CS|TAMS 0x000000008e600000, 0x000000008e600000| Complete 
| 155|0x000000008e700000, 0x000000008e800000, 0x000000008e800000|100%| E|CS|TAMS 0x000000008e700000, 0x000000008e700000| Complete 
| 156|0x000000008e800000, 0x000000008e900000, 0x000000008e900000|100%| E|CS|TAMS 0x000000008e800000, 0x000000008e800000| Complete 
| 157|0x000000008e900000, 0x000000008ea00000, 0x000000008ea00000|100%| E|CS|TAMS 0x000000008e900000, 0x000000008e900000| Complete 
| 158|0x000000008ea00000, 0x000000008eb00000, 0x000000008eb00000|100%| E|CS|TAMS 0x000000008ea00000, 0x000000008ea00000| Complete 
| 159|0x000000008eb00000, 0x000000008ec00000, 0x000000008ec00000|100%| E|CS|TAMS 0x000000008eb00000, 0x000000008eb00000| Complete 
| 160|0x000000008ec00000, 0x000000008ed00000, 0x000000008ed00000|100%| E|CS|TAMS 0x000000008ec00000, 0x000000008ec00000| Complete 
| 161|0x000000008ed00000, 0x000000008ee00000, 0x000000008ee00000|100%| E|CS|TAMS 0x000000008ed00000, 0x000000008ed00000| Complete 
| 162|0x000000008ee00000, 0x000000008ef00000, 0x000000008ef00000|100%| E|CS|TAMS 0x000000008ee00000, 0x000000008ee00000| Complete 
| 163|0x000000008ef00000, 0x000000008f000000, 0x000000008f000000|100%| E|CS|TAMS 0x000000008ef00000, 0x000000008ef00000| Complete 
| 164|0x000000008f000000, 0x000000008f100000, 0x000000008f100000|100%| E|CS|TAMS 0x000000008f000000, 0x000000008f000000| Complete 
| 165|0x000000008f100000, 0x000000008f200000, 0x000000008f200000|100%| E|CS|TAMS 0x000000008f100000, 0x000000008f100000| Complete 
| 166|0x000000008f200000, 0x000000008f300000, 0x000000008f300000|100%| E|CS|TAMS 0x000000008f200000, 0x000000008f200000| Complete 
| 167|0x000000008f300000, 0x000000008f400000, 0x000000008f400000|100%| E|CS|TAMS 0x000000008f300000, 0x000000008f300000| Complete 
| 168|0x000000008f400000, 0x000000008f500000, 0x000000008f500000|100%| E|CS|TAMS 0x000000008f400000, 0x000000008f400000| Complete 
| 169|0x000000008f500000, 0x000000008f600000, 0x000000008f600000|100%| E|CS|TAMS 0x000000008f500000, 0x000000008f500000| Complete 
| 170|0x000000008f600000, 0x000000008f700000, 0x000000008f700000|100%| E|CS|TAMS 0x000000008f600000, 0x000000008f600000| Complete 
| 171|0x000000008f700000, 0x000000008f800000, 0x000000008f800000|100%| E|CS|TAMS 0x000000008f700000, 0x000000008f700000| Complete 
| 172|0x000000008f800000, 0x000000008f900000, 0x000000008f900000|100%| E|CS|TAMS 0x000000008f800000, 0x000000008f800000| Complete 
| 173|0x000000008f900000, 0x000000008fa00000, 0x000000008fa00000|100%| E|CS|TAMS 0x000000008f900000, 0x000000008f900000| Complete 
| 174|0x000000008fa00000, 0x000000008fb00000, 0x000000008fb00000|100%| E|CS|TAMS 0x000000008fa00000, 0x000000008fa00000| Complete 
| 175|0x000000008fb00000, 0x000000008fc00000, 0x000000008fc00000|100%| E|CS|TAMS 0x000000008fb00000, 0x000000008fb00000| Complete 
| 176|0x000000008fc00000, 0x000000008fd00000, 0x000000008fd00000|100%| E|CS|TAMS 0x000000008fc00000, 0x000000008fc00000| Complete 
| 177|0x000000008fd00000, 0x000000008fe00000, 0x000000008fe00000|100%| E|CS|TAMS 0x000000008fd00000, 0x000000008fd00000| Complete 
| 178|0x000000008fe00000, 0x000000008ff00000, 0x000000008ff00000|100%| E|CS|TAMS 0x000000008fe00000, 0x000000008fe00000| Complete 
| 179|0x000000008ff00000, 0x0000000090000000, 0x0000000090000000|100%| E|CS|TAMS 0x000000008ff00000, 0x000000008ff00000| Complete 
| 180|0x0000000090000000, 0x0000000090100000, 0x0000000090100000|100%| E|CS|TAMS 0x0000000090000000, 0x0000000090000000| Complete 
| 181|0x0000000090100000, 0x0000000090200000, 0x0000000090200000|100%| E|CS|TAMS 0x0000000090100000, 0x0000000090100000| Complete 
| 182|0x0000000090200000, 0x0000000090300000, 0x0000000090300000|100%| E|CS|TAMS 0x0000000090200000, 0x0000000090200000| Complete 
| 183|0x0000000090300000, 0x0000000090400000, 0x0000000090400000|100%| E|CS|TAMS 0x0000000090300000, 0x0000000090300000| Complete 
| 184|0x0000000090400000, 0x0000000090500000, 0x0000000090500000|100%| E|CS|TAMS 0x0000000090400000, 0x0000000090400000| Complete 
| 185|0x0000000090500000, 0x0000000090600000, 0x0000000090600000|100%| E|CS|TAMS 0x0000000090500000, 0x0000000090500000| Complete 
| 186|0x0000000090600000, 0x0000000090700000, 0x0000000090700000|100%| E|CS|TAMS 0x0000000090600000, 0x0000000090600000| Complete 
| 187|0x0000000090700000, 0x0000000090800000, 0x0000000090800000|100%| E|CS|TAMS 0x0000000090700000, 0x0000000090700000| Complete 

Card table byte_map: [0x0000028ec5d40000,0x0000028ec6120000] _byte_map_base: 0x0000028ec591a000

Marking Bits (Prev, Next): (CMBitMap*) 0x0000028eae1f2ba8, (CMBitMap*) 0x0000028eae1f2be0
 Prev Bits: [0x0000028ec6500000, 0x0000028ec83d0000)
 Next Bits: [0x0000028ec83d0000, 0x0000028eca2a0000)

Polling page: 0x0000028ead990000

Metaspace:

Usage:
  Non-class:     30.88 MB capacity,    30.20 MB ( 98%) used,   560.40 KB (  2%) free+waste,   135.31 KB ( <1%) overhead. 
      Class:      4.87 MB capacity,     4.39 MB ( 90%) used,   419.21 KB (  8%) free+waste,    68.00 KB (  1%) overhead. 
       Both:     35.75 MB capacity,    34.60 MB ( 97%) used,   979.61 KB (  3%) free+waste,   203.31 KB ( <1%) overhead. 

Virtual space:
  Non-class space:       32.00 MB reserved,      30.95 MB ( 97%) committed 
      Class space:        1.00 GB reserved,       4.88 MB ( <1%) committed 
             Both:        1.03 GB reserved,      35.83 MB (  3%) committed 

Chunk freelists:
   Non-Class:  6.88 KB
       Class:  640 bytes
        Both:  7.50 KB

CodeHeap 'non-profiled nmethods': size=238336Kb used=5922Kb max_used=5922Kb free=232413Kb
 bounds [0x0000028eb6d70000, 0x0000028eb7340000, 0x0000028ec5630000]
CodeHeap 'non-nmethods': size=7424Kb used=1173Kb max_used=1173Kb free=6250Kb
 bounds [0x0000028eb6630000, 0x0000028eb68a0000, 0x0000028eb6d70000]
 total_blobs=4149 nmethods=3659 adapters=416
 compilation: enabled
              stopped_count=0, restarted_count=0
 full_count=0

Compilation events (10 events):
Event: 10.123 Thread 0x0000028eccd0d000 nmethod 3682 0x0000028eb7337010 code [0x0000028eb73371a0, 0x0000028eb73372b8]
Event: 10.126 Thread 0x0000028eccd0d000 3683       1       java.util.EventObject::<init> (24 bytes)
Event: 10.126 Thread 0x0000028eccd0d000 nmethod 3683 0x0000028eb7337310 code [0x0000028eb73374c0, 0x0000028eb73376f0]
Event: 10.129 Thread 0x0000028eccd0d000 3684       1       java.util.LinkedHashSet::<init> (10 bytes)
Event: 10.129 Thread 0x0000028eccd0d000 nmethod 3684 0x0000028eb7337790 code [0x0000028eb7337960, 0x0000028eb7337b90]
Event: 10.129 Thread 0x0000028eccd0d000 3685       1       java.lang.invoke.MethodType::insertParameterTypes (10 bytes)
Event: 10.129 Thread 0x0000028eccd0d000 nmethod 3685 0x0000028eb7337c90 code [0x0000028eb7337e60, 0x0000028eb7338060]
Event: 10.129 Thread 0x0000028eccd0d000 3690       1       java.lang.invoke.LambdaFormEditor$Transform::ofBothArrays (139 bytes)
Event: 10.130 Thread 0x0000028eccd0d000 nmethod 3690 0x0000028eb7338190 code [0x0000028eb7338380, 0x0000028eb7338890]
Event: 10.130 Thread 0x0000028eccd0d000 3687       1       java.lang.invoke.MethodHandles::foldArgumentChecks (217 bytes)

GC Heap History (10 events):
Event: 8.886 GC heap before
{Heap before GC invocations=32 (full 0):
 garbage-first heap   total 192512K, used 149268K [0x0000000084c00000, 0x0000000100000000)
  region size 1024K, 112 young (114688K), 2 survivors (2048K)
 Metaspace       used 35078K, capacity 36271K, committed 36432K, reserved 1081344K
  class space    used 4426K, capacity 4939K, committed 4992K, reserved 1048576K
}
Event: 8.888 GC heap after
{Heap after GC invocations=33 (full 0):
 garbage-first heap   total 192512K, used 36651K [0x0000000084c00000, 0x0000000100000000)
  region size 1024K, 2 young (2048K), 2 survivors (2048K)
 Metaspace       used 35078K, capacity 36271K, committed 36432K, reserved 1081344K
  class space    used 4426K, capacity 4939K, committed 4992K, reserved 1048576K
}
Event: 9.096 GC heap before
{Heap before GC invocations=33 (full 0):
 garbage-first heap   total 192512K, used 149291K [0x0000000084c00000, 0x0000000100000000)
  region size 1024K, 112 young (114688K), 2 survivors (2048K)
 Metaspace       used 35078K, capacity 36271K, committed 36432K, reserved 1081344K
  class space    used 4426K, capacity 4939K, committed 4992K, reserved 1048576K
}
Event: 9.098 GC heap after
{Heap after GC invocations=34 (full 0):
 garbage-first heap   total 192512K, used 36658K [0x0000000084c00000, 0x0000000100000000)
  region size 1024K, 2 young (2048K), 2 survivors (2048K)
 Metaspace       used 35078K, capacity 36271K, committed 36432K, reserved 1081344K
  class space    used 4426K, capacity 4939K, committed 4992K, reserved 1048576K
}
Event: 9.187 GC heap before
{Heap before GC invocations=34 (full 0):
 garbage-first heap   total 192512K, used 149298K [0x0000000084c00000, 0x0000000100000000)
  region size 1024K, 112 young (114688K), 2 survivors (2048K)
 Metaspace       used 35084K, capacity 36271K, committed 36432K, reserved 1081344K
  class space    used 4428K, capacity 4939K, committed 4992K, reserved 1048576K
}
Event: 9.189 GC heap after
{Heap after GC invocations=35 (full 0):
 garbage-first heap   total 192512K, used 35620K [0x0000000084c00000, 0x0000000100000000)
  region size 1024K, 1 young (1024K), 1 survivors (1024K)
 Metaspace       used 35084K, capacity 36271K, committed 36432K, reserved 1081344K
  class space    used 4428K, capacity 4939K, committed 4992K, reserved 1048576K
}
Event: 9.275 GC heap before
{Heap before GC invocations=35 (full 0):
 garbage-first heap   total 192512K, used 149284K [0x0000000084c00000, 0x0000000100000000)
  region size 1024K, 112 young (114688K), 1 survivors (1024K)
 Metaspace       used 35088K, capacity 36271K, committed 36432K, reserved 1081344K
  class space    used 4430K, capacity 4939K, committed 4992K, reserved 1048576K
}
Event: 9.276 GC heap after
{Heap after GC invocations=36 (full 0):
 garbage-first heap   total 192512K, used 35655K [0x0000000084c00000, 0x0000000100000000)
  region size 1024K, 1 young (1024K), 1 survivors (1024K)
 Metaspace       used 35088K, capacity 36271K, committed 36432K, reserved 1081344K
  class space    used 4430K, capacity 4939K, committed 4992K, reserved 1048576K
}
Event: 9.821 GC heap before
{Heap before GC invocations=36 (full 0):
 garbage-first heap   total 192512K, used 149319K [0x0000000084c00000, 0x0000000100000000)
  region size 1024K, 112 young (114688K), 1 survivors (1024K)
 Metaspace       used 35126K, capacity 36274K, committed 36432K, reserved 1081344K
  class space    used 4445K, capacity 4940K, committed 4992K, reserved 1048576K
}
Event: 9.825 GC heap after
{Heap after GC invocations=37 (full 0):
 garbage-first heap   total 192512K, used 39238K [0x0000000084c00000, 0x0000000100000000)
  region size 1024K, 5 young (5120K), 5 survivors (5120K)
 Metaspace       used 35126K, capacity 36274K, committed 36432K, reserved 1081344K
  class space    used 4445K, capacity 4940K, committed 4992K, reserved 1048576K
}

Deoptimization events (0 events):
No events

Classes redefined (0 events):
No events

Internal exceptions (10 events):
Event: 6.184 Thread 0x0000028ece21a800 Exception <a 'java/lang/reflect/InvocationTargetException'{0x000000008e801db8}> (0x000000008e801db8) thrown at [./open/src/hotspot/share/runtime/reflection.cpp, line 1242]
Event: 6.736 Thread 0x0000028ece21a800 Exception <a 'java/lang/reflect/InvocationTargetException'{0x000000008e483d80}> (0x000000008e483d80) thrown at [./open/src/hotspot/share/runtime/reflection.cpp, line 1242]
Event: 7.288 Thread 0x0000028ece21a800 Exception <a 'java/lang/reflect/InvocationTargetException'{0x000000008cc81ef8}> (0x000000008cc81ef8) thrown at [./open/src/hotspot/share/runtime/reflection.cpp, line 1242]
Event: 7.790 Thread 0x0000028ece21a800 Exception <a 'java/lang/reflect/InvocationTargetException'{0x000000008c902250}> (0x000000008c902250) thrown at [./open/src/hotspot/share/runtime/reflection.cpp, line 1242]
Event: 8.292 Thread 0x0000028ece21a800 Exception <a 'java/lang/reflect/InvocationTargetException'{0x000000008dc83288}> (0x000000008dc83288) thrown at [./open/src/hotspot/share/runtime/reflection.cpp, line 1242]
Event: 8.844 Thread 0x0000028ece21a800 Exception <a 'java/lang/reflect/InvocationTargetException'{0x000000008ac003d8}> (0x000000008ac003d8) thrown at [./open/src/hotspot/share/runtime/reflection.cpp, line 1242]
Event: 10.118 Thread 0x0000028eae1b2000 Exception <a 'java/lang/OutOfMemoryError'{0x000000008d22ce70}> (0x000000008d22ce70) thrown at [./open/src/hotspot/share/prims/jni.cpp, line 632]
Event: 10.118 Thread 0x0000028eae1b2000 Exception <a 'java/lang/reflect/InvocationTargetException'{0x000000008d22dc90}> (0x000000008d22dc90) thrown at [./open/src/hotspot/share/runtime/reflection.cpp, line 1242]
Event: 10.121 Thread 0x0000028eae1b2000 Exception <a 'java/lang/NoSuchMethodError'{0x000000008d256880}: java.lang.invoke.DirectMethodHandle$Holder.invokeInterface(Ljava/lang/Object;Ljava/lang/Object;)V> (0x000000008d256880) thrown at [./open/src/hotspot/share/interpreter/linkResolver.cpp, line 
Event: 10.130 Thread 0x0000028ecf6c7800 Exception <a 'java/lang/InterruptedException'{0x000000008d100840}: sleep interrupted> (0x000000008d100840) thrown at [./open/src/hotspot/share/prims/jvm.cpp, line 3106]

Events (10 events):
Event: 10.130 loading class java/util/WeakHashMap$KeyIterator done
Event: 10.131 Thread 0x0000028ecf6c7800 Thread exited: 0x0000028ecf6c7800
Event: 10.131 Executing VM operation: RevokeBias
Event: 10.131 Executing VM operation: RevokeBias done
Event: 10.131 loading class org/springframework/boot/ExitCodeGenerator
Event: 10.131 loading class org/springframework/boot/ExitCodeGenerator done
Event: 10.131 Executing VM operation: RevokeBias
Event: 10.131 Executing VM operation: RevokeBias done
Event: 10.131 Thread 0x0000028ecf5cf800 Thread exited: 0x0000028ecf5cf800
Event: 10.131 Executing VM operation: RevokeBias


Dynamic libraries:
0x00007ff7cf570000 - 0x00007ff7cf57f000 	C:\Program Files\Java\jdk-11.0.9\bin\javaw.exe
0x00007ff8ece30000 - 0x00007ff8ed026000 	C:\WINDOWS\SYSTEM32\ntdll.dll
0x00007ff8ec450000 - 0x00007ff8ec50d000 	C:\WINDOWS\System32\KERNEL32.DLL
0x00007ff8ea960000 - 0x00007ff8eac29000 	C:\WINDOWS\System32\KERNELBASE.dll
0x00007ff8eac30000 - 0x00007ff8ead30000 	C:\WINDOWS\System32\ucrtbase.dll
0x00007ff8e5d20000 - 0x00007ff8e5d38000 	C:\Program Files\Java\jdk-11.0.9\bin\jli.dll
0x00007ff8e5d00000 - 0x00007ff8e5d15000 	C:\Program Files\Java\jdk-11.0.9\bin\VCRUNTIME140.dll
0x00007ff8ec2f0000 - 0x00007ff8ec39c000 	C:\WINDOWS\System32\ADVAPI32.dll
0x00007ff8eae90000 - 0x00007ff8eaf2e000 	C:\WINDOWS\System32\msvcrt.dll
0x00007ff8ebf00000 - 0x00007ff8ebf9c000 	C:\WINDOWS\System32\sechost.dll
0x00007ff8ebcb0000 - 0x00007ff8ebddb000 	C:\WINDOWS\System32\RPCRT4.dll
0x00007ff8eaf90000 - 0x00007ff8eb130000 	C:\WINDOWS\System32\USER32.dll
0x00007ff8ea750000 - 0x00007ff8ea772000 	C:\WINDOWS\System32\win32u.dll
0x00007ff8ce160000 - 0x00007ff8ce3fb000 	C:\WINDOWS\WinSxS\amd64_microsoft.windows.common-controls_6595b64144ccf1df_6.0.19041.488_none_ca04af081b815d21\COMCTL32.dll
0x00007ff8eb560000 - 0x00007ff8eb58a000 	C:\WINDOWS\System32\GDI32.dll
0x00007ff8ea850000 - 0x00007ff8ea959000 	C:\WINDOWS\System32\gdi32full.dll
0x00007ff8ea780000 - 0x00007ff8ea81d000 	C:\WINDOWS\System32\msvcp_win.dll
0x00007ff8e34b0000 - 0x00007ff8e34ba000 	C:\WINDOWS\SYSTEM32\VERSION.dll
0x00007ff8ec3a0000 - 0x00007ff8ec3d0000 	C:\WINDOWS\System32\IMM32.DLL
0x00007ff8bac60000 - 0x00007ff8bacfb000 	C:\Program Files\Java\jdk-11.0.9\bin\msvcp140.dll
0x00007ff8b1de0000 - 0x00007ff8b28d7000 	C:\Program Files\Java\jdk-11.0.9\bin\server\jvm.dll
0x00007ff8ebc20000 - 0x00007ff8ebc28000 	C:\WINDOWS\System32\PSAPI.DLL
0x00007ff8e4bf0000 - 0x00007ff8e4bf9000 	C:\WINDOWS\SYSTEM32\WSOCK32.dll
0x00007ff8d2e50000 - 0x00007ff8d2e77000 	C:\WINDOWS\SYSTEM32\WINMM.dll
0x00007ff8eb130000 - 0x00007ff8eb19b000 	C:\WINDOWS\System32\WS2_32.dll
0x00007ff8e8e50000 - 0x00007ff8e8e62000 	C:\WINDOWS\SYSTEM32\kernel.appcore.dll
0x00007ff8e4e00000 - 0x00007ff8e4e10000 	C:\Program Files\Java\jdk-11.0.9\bin\verify.dll
0x00007ff8e8490000 - 0x00007ff8e8674000 	C:\WINDOWS\SYSTEM32\DBGHELP.DLL
0x00007ff8d2e80000 - 0x00007ff8d2eac000 	C:\WINDOWS\SYSTEM32\dbgcore.DLL
0x00007ff8ea570000 - 0x00007ff8ea5f0000 	C:\WINDOWS\System32\bcryptPrimitives.dll
0x00007ff8e4c00000 - 0x00007ff8e4c28000 	C:\Program Files\Java\jdk-11.0.9\bin\java.dll
0x00007ff8e4df0000 - 0x00007ff8e4dfa000 	C:\Program Files\Java\jdk-11.0.9\bin\jimage.dll
0x00007ff8e40c0000 - 0x00007ff8e40d6000 	C:\Program Files\Java\jdk-11.0.9\bin\zip.dll
0x00007ff8ec6a0000 - 0x00007ff8ecde2000 	C:\WINDOWS\System32\SHELL32.dll
0x00007ff8e8680000 - 0x00007ff8e8e15000 	C:\WINDOWS\SYSTEM32\windows.storage.dll
0x00007ff8eb1a0000 - 0x00007ff8eb4f6000 	C:\WINDOWS\System32\combase.dll
0x00007ff8e9f10000 - 0x00007ff8e9f3c000 	C:\WINDOWS\SYSTEM32\Wldp.dll
0x00007ff8ec150000 - 0x00007ff8ec1fe000 	C:\WINDOWS\System32\SHCORE.dll
0x00007ff8eaf30000 - 0x00007ff8eaf85000 	C:\WINDOWS\System32\shlwapi.dll
0x00007ff8ea4a0000 - 0x00007ff8ea4c6000 	C:\WINDOWS\SYSTEM32\profapi.dll
0x00007ff8e40a0000 - 0x00007ff8e40b9000 	C:\Program Files\Java\jdk-11.0.9\bin\net.dll
0x00007ff8d5710000 - 0x00007ff8d5810000 	C:\WINDOWS\SYSTEM32\WINHTTP.dll
0x00007ff8e9c90000 - 0x00007ff8e9cfa000 	C:\WINDOWS\system32\mswsock.dll
0x00007ff8e4080000 - 0x00007ff8e4092000 	C:\Program Files\Java\jdk-11.0.9\bin\nio.dll
0x00007ff8e4070000 - 0x00007ff8e4079000 	C:\Program Files\Java\jdk-11.0.9\bin\management.dll
0x00007ff8e4040000 - 0x00007ff8e404b000 	C:\Program Files\Java\jdk-11.0.9\bin\management_ext.dll
0x00007ff8cdd60000 - 0x00007ff8cdd77000 	C:\WINDOWS\system32\napinsp.dll
0x00007ff8cdd40000 - 0x00007ff8cdd5b000 	C:\WINDOWS\system32\pnrpnsp.dll
0x00007ff8cdd20000 - 0x00007ff8cdd35000 	C:\WINDOWS\system32\wshbth.dll
0x00007ff8e5ae0000 - 0x00007ff8e5afd000 	C:\WINDOWS\system32\NLAapi.dll
0x00007ff8e9980000 - 0x00007ff8e99bb000 	C:\WINDOWS\SYSTEM32\IPHLPAPI.DLL
0x00007ff8e99c0000 - 0x00007ff8e9a8b000 	C:\WINDOWS\SYSTEM32\DNSAPI.dll
0x00007ff8eb6c0000 - 0x00007ff8eb6c8000 	C:\WINDOWS\System32\NSI.dll
0x00007ff8cd820000 - 0x00007ff8cd832000 	C:\WINDOWS\System32\winrnr.dll
0x00007ff8e1730000 - 0x00007ff8e173a000 	C:\Windows\System32\rasadhlp.dll
0x00007ff8d54d0000 - 0x00007ff8d554f000 	C:\WINDOWS\System32\fwpuclnt.dll
0x00007ff8ea820000 - 0x00007ff8ea847000 	C:\WINDOWS\System32\bcrypt.dll
0x00007ff8e9e60000 - 0x00007ff8e9e78000 	C:\WINDOWS\SYSTEM32\CRYPTSP.dll
0x00007ff8e9620000 - 0x00007ff8e9654000 	C:\WINDOWS\system32\rsaenh.dll
0x00007ff8ea420000 - 0x00007ff8ea44e000 	C:\WINDOWS\SYSTEM32\USERENV.dll
0x00007ff8e9e80000 - 0x00007ff8e9e8c000 	C:\WINDOWS\SYSTEM32\CRYPTBASE.dll
0x00007ff8e83b0000 - 0x00007ff8e83c7000 	C:\WINDOWS\SYSTEM32\dhcpcsvc6.DLL
0x00007ff8e8390000 - 0x00007ff8e83ad000 	C:\WINDOWS\SYSTEM32\dhcpcsvc.DLL

dbghelp: loaded successfully - version: 4.0.5 - missing functions: none
symbol engine: initialized successfully - sym options: 0x614 - pdb path: .;C:\Program Files\Java\jdk-11.0.9\bin;C:\WINDOWS\SYSTEM32;C:\WINDOWS\WinSxS\amd64_microsoft.windows.common-controls_6595b64144ccf1df_6.0.19041.488_none_ca04af081b815d21;C:\Program Files\Java\jdk-11.0.9\bin\server

VM Arguments:
jvm_args: -Dcom.sun.management.jmxremote -Dcom.sun.management.jmxremote.port=62269 -Dcom.sun.management.jmxremote.authenticate=false -Dcom.sun.management.jmxremote.ssl=false -Djava.rmi.server.hostname=localhost -Dspring.jmx.enabled=true -Dspring.application.admin.enabled=true -Xverify:none -XX:TieredStopAtLevel=1 -Dspring.boot.project.name=demo -Dfile.encoding=UTF-8 
java_command: phonestore.PhoneStoreApplication --spring.output.ansi.enabled=always
java_class_path (initial): C:\Users\Luong Manh Dat\Desktop\Project II server\demo\target\classes;C:\Users\Luong Manh Dat\.m2\repository\org\springframework\boot\spring-boot-starter-data-jpa\2.4.1\spring-boot-starter-data-jpa-2.4.1.jar;C:\Users\Luong Manh Dat\.m2\repository\org\springframework\boot\spring-boot-starter-aop\2.4.1\spring-boot-starter-aop-2.4.1.jar;C:\Users\Luong Manh Dat\.m2\repository\org\springframework\spring-aop\5.3.2\spring-aop-5.3.2.jar;C:\Users\Luong Manh Dat\.m2\repository\org\aspectj\aspectjweaver\1.9.6\aspectjweaver-1.9.6.jar;C:\Users\Luong Manh Dat\.m2\repository\org\springframework\boot\spring-boot-starter-jdbc\2.4.1\spring-boot-starter-jdbc-2.4.1.jar;C:\Users\Luong Manh Dat\.m2\repository\com\zaxxer\HikariCP\3.4.5\HikariCP-3.4.5.jar;C:\Users\Luong Manh Dat\.m2\repository\org\springframework\spring-jdbc\5.3.2\spring-jdbc-5.3.2.jar;C:\Users\Luong Manh Dat\.m2\repository\jakarta\transaction\jakarta.transaction-api\1.3.3\jakarta.transaction-api-1.3.3.jar;C:\Users\Luong Manh Dat\.m2\repository\jakarta\persistence\jakarta.persistence-api\2.2.3\jakarta.persistence-api-2.2.3.jar;C:\Users\Luong Manh Dat\.m2\repository\org\hibernate\hibernate-core\5.4.25.Final\hibernate-core-5.4.25.Final.jar;C:\Users\Luong Manh Dat\.m2\repository\org\jboss\logging\jboss-logging\3.4.1.Final\jboss-logging-3.4.1.Final.jar;C:\Users\Luong Manh Dat\.m2\repository\org\javassist\javassist\3.27.0-GA\javassist-3.27.0-GA.jar;C:\Users\Luong Manh Dat\.m2\repository\net\bytebuddy\byte-buddy\1.10.18\byte-buddy-1.10.18.jar;C:\Users\Luong Manh Dat\.m2\repository\antlr\antlr\2.7.7\antlr-2.7.7.jar;C:\Users\Luong Manh Dat\.m2\repository\org\jboss\jandex\2.1.3.Final\jandex-2.1.3.Final.jar;C:\Users\Luong Manh Dat\.m2\repository\com\fasterxml\classmate\1.5.1\classmate-1.5.1.jar;C:\Users\Luong Manh Dat\.m2\repository\org\dom4j\dom4j\2.1.3\dom4j-2.1.3.jar;C:\Users\Luong Manh Dat\.m2\repository\org\hibernate\common\hibernate-commons-annotations\5.1.2.Final\hibernate-commons-annotations-5.1.
Launcher Type: SUN_STANDARD

[Global flags]
     bool BytecodeVerificationLocal                = false                                     {product} {command line}
     bool BytecodeVerificationRemote               = false                                     {product} {command line}
     intx CICompilerCount                          = 4                                         {product} {ergonomic}
     uint ConcGCThreads                            = 2                                         {product} {ergonomic}
     uint G1ConcRefinementThreads                  = 8                                         {product} {ergonomic}
   size_t G1HeapRegionSize                         = 1048576                                   {product} {ergonomic}
    uintx GCDrainStackTargetSize                   = 64                                        {product} {ergonomic}
   size_t InitialHeapSize                          = 130023424                                 {product} {ergonomic}
     bool ManagementServer                         = true                                      {product} {command line}
   size_t MarkStackSize                            = 4194304                                   {product} {ergonomic}
   size_t MaxHeapSize                              = 2067791872                                {product} {ergonomic}
   size_t MaxNewSize                               = 1240465408                                {product} {ergonomic}
   size_t MinHeapDeltaBytes                        = 1048576                                   {product} {ergonomic}
    uintx NonNMethodCodeHeapSize                   = 7549744                                {pd product} {ergonomic}
    uintx NonProfiledCodeHeapSize                  = 244108496                              {pd product} {ergonomic}
    uintx ProfiledCodeHeapSize                     = 0                                      {pd product} {ergonomic}
    uintx ReservedCodeCacheSize                    = 251658240                              {pd product} {ergonomic}
     bool SegmentedCodeCache                       = true                                      {product} {ergonomic}
     intx TieredStopAtLevel                        = 1                                         {product} {command line}
     bool UseCompressedClassPointers               = true                                 {lp64_product} {ergonomic}
     bool UseCompressedOops                        = true                                 {lp64_product} {ergonomic}
     bool UseG1GC                                  = true                                      {product} {ergonomic}
     bool UseLargePagesIndividualAllocation        = false                                  {pd product} {ergonomic}

Logging:
Log output configuration:
 #0: stdout all=warning uptime,level,tags
 #1: stderr all=off uptime,level,tags

Environment Variables:
JAVA_HOME=C:\Program Files\OpenJDK\openjdk-8u262-b10
CLASSPATH=.;
PATH=C:/Program Files/Java/jre1.8.0_261/bin/server;C:/Program Files/Java/jre1.8.0_261/bin;C:/Program Files/Java/jre1.8.0_261/lib/amd64;C:\Program Files\Common Files\Oracle\Java\javapath;C:\Python27\;C:\Python27\Scripts;C:\Program Files (x86)\Common Files\Oracle\Java\javapath;C:\WINDOWS\system32;C:\WINDOWS;C:\WINDOWS\System32\Wbem;C:\WINDOWS\System32\WindowsPowerShell\v1.0\;C:\WINDOWS\System32\OpenSSH\;C:\ProgramData\chocolatey\bin;C:\Program Files\Java\jdk1.8.0_211\bin;C:\Program Files (x86)\Yarn\bin\;C:\Program Files\OpenJDK\openjdk-8u262-b10\bin;C:\Program Files\dotnet\;C:\Program Files\Git\cmd;C:\Program Files\MySQL\MySQL Shell 8.0\bin\;C:\Users\Luong Manh Dat\AppData\Local\Microsoft\WindowsApps;C:\Users\Luong Manh Dat\AppData\Local\atom\bin;C:\Users\Luong Manh Dat\AppData\Local\Yarn\bin;D:\Android\sdk\platform-tools;C:\Users\Luong Manh Dat\AppData\Local\Microsoft\WindowsApps;C:\Users\Luong Manh Dat\.dotnet\tools;C:\Users\Luong Manh Dat\AppData\Roaming\npm;C:\Users\Luong Manh Dat\AppData\Local\Programs\Microsoft VS Code\bin;C:\Program Files\heroku\bin;C:\Users\Luong Manh Dat\AppData\Roaming\nvm;C:\Program Files\nodejs;C:\Users\Luong;C:\Program Files\MySQL\MySQL Shell 8.0\bin\;C:\Users\Luong Manh Dat\AppData\Local\Microsoft\WindowsApps;C:\Users\Luong Manh Dat\AppData\Local\atom\bin;C:\Users\Luong Manh Dat\AppData\Local\Yarn\bin;D:\Android\sdk\platform-tools;C:\Users\Luong Manh Dat\AppData\Local\Microsoft\WindowsApps;C:\Users\Luong Manh Dat\.dotnet\tools;C:\Users\Luong Manh Dat\AppData\Roaming\npm;C:\Users\Luong Manh Dat\AppData\Local\Programs\Microsoft VS Code\bin;C:\Program Files\heroku\bin;C:\Users\Luong Manh Dat\AppData\Roaming\nvm;C:\Program Files\nodejs;;C:\Users\Luong Manh Dat\Downloads\sts-4.7.0.RELEASE;
USERNAME=Luong Manh Dat
OS=Windows_NT
PROCESSOR_IDENTIFIER=Intel64 Family 6 Model 126 Stepping 5, GenuineIntel



---------------  S Y S T E M  ---------------

OS: Windows 10 , 64 bit Build 19041 (10.0.19041.662)

CPU:total 8 (initial active 8) (4 cores per cpu, 2 threads per core) family 6 model 126 stepping 5, cmov, cx8, fxsr, mmx, sse, sse2, sse3, ssse3, sse4.1, sse4.2, popcnt, avx, avx2, aes, clmul, erms, 3dnowpref, lzcnt, ht, tsc, tscinvbit, bmi1, bmi2, adx, evex, sha, fma

Memory: 4k page, system-wide physical 7880M (643M free)
TotalPageFile size 9928M (AvailPageFile size 2M)
current process WorkingSet (physical memory assigned to process): 285M, peak: 304M
current process commit charge ("private bytes"): 377M, peak: 423M

vm_info: Java HotSpot(TM) 64-Bit Server VM (11.0.9+7-LTS) for windows-amd64 JRE (11.0.9+7-LTS), built on Sep 15 2020 16:47:03 by "mach5one" with MS VC++ 15.9 (VS2017)

END.
